[4.539s] Invoking command in '/home/user/ros2_ws/src/my_action_server': PYTHONPATH=/home/user/ros2_ws/build/my_action_server/prefix_override:/home/user/ros2_ws/install/my_action_server/lib/python3.10/site-packages:${PYTHONPATH} _=/usr/bin/env /usr/bin/python3 setup.py egg_info --egg-base ../../build/my_action_server build --build-base /home/user/ros2_ws/build/my_action_server/build install --record /home/user/ros2_ws/build/my_action_server/install.log --single-version-externally-managed
[6.087s] running egg_info
[6.106s] creating ../../build/my_action_server/my_action_server.egg-info
[6.112s] writing ../../build/my_action_server/my_action_server.egg-info/PKG-INFO
[6.112s] writing dependency_links to ../../build/my_action_server/my_action_server.egg-info/dependency_links.txt
[6.112s] writing entry points to ../../build/my_action_server/my_action_server.egg-info/entry_points.txt
[6.113s] writing requirements to ../../build/my_action_server/my_action_server.egg-info/requires.txt
[6.113s] writing top-level names to ../../build/my_action_server/my_action_server.egg-info/top_level.txt
[6.113s] writing manifest file '../../build/my_action_server/my_action_server.egg-info/SOURCES.txt'
[6.138s] reading manifest file '../../build/my_action_server/my_action_server.egg-info/SOURCES.txt'
[6.139s] writing manifest file '../../build/my_action_server/my_action_server.egg-info/SOURCES.txt'
[6.139s] running build
[6.139s] running build_py
[6.140s] creating /home/user/ros2_ws/build/my_action_server/build
[6.140s] creating /home/user/ros2_ws/build/my_action_server/build/lib
[6.140s] creating /home/user/ros2_ws/build/my_action_server/build/lib/my_action_server
[6.140s] copying my_action_server/__init__.py -> /home/user/ros2_ws/build/my_action_server/build/lib/my_action_server
[6.140s] copying my_action_server/action_server.py -> /home/user/ros2_ws/build/my_action_server/build/lib/my_action_server
[6.140s] running install
[6.185s] running install_lib
[6.186s] creating /home/user/ros2_ws/install/my_action_server/lib/python3.10/site-packages/my_action_server
[6.186s] copying /home/user/ros2_ws/build/my_action_server/build/lib/my_action_server/__init__.py -> /home/user/ros2_ws/install/my_action_server/lib/python3.10/site-packages/my_action_server
[6.187s] copying /home/user/ros2_ws/build/my_action_server/build/lib/my_action_server/action_server.py -> /home/user/ros2_ws/install/my_action_server/lib/python3.10/site-packages/my_action_server
[6.188s] byte-compiling /home/user/ros2_ws/install/my_action_server/lib/python3.10/site-packages/my_action_server/__init__.py to __init__.cpython-310.pyc
[6.188s] byte-compiling /home/user/ros2_ws/install/my_action_server/lib/python3.10/site-packages/my_action_server/action_server.py to action_server.cpython-310.pyc
[6.188s] running install_data
[6.190s] creating /home/user/ros2_ws/install/my_action_server/share/ament_index
[6.190s] creating /home/user/ros2_ws/install/my_action_server/share/ament_index/resource_index
[6.190s] creating /home/user/ros2_ws/install/my_action_server/share/ament_index/resource_index/packages
[6.190s] copying resource/my_action_server -> /home/user/ros2_ws/install/my_action_server/share/ament_index/resource_index/packages
[6.190s] copying package.xml -> /home/user/ros2_ws/install/my_action_server/share/my_action_server
[6.192s] copying launch/example63_launch_file.launch.py -> /home/user/ros2_ws/install/my_action_server/share/my_action_server
[6.192s] running install_egg_info
[6.213s] Copying ../../build/my_action_server/my_action_server.egg-info to /home/user/ros2_ws/install/my_action_server/lib/python3.10/site-packages/my_action_server-0.0.0-py3.10.egg-info
[6.214s] running install_scripts
[6.318s] Installing example63 script to /home/user/ros2_ws/install/my_action_server/lib/my_action_server
[6.318s] writing list of installed files to '/home/user/ros2_ws/build/my_action_server/install.log'
[7.850s] Invoked command in '/home/user/ros2_ws/src/my_action_server' returned '0': PYTHONPATH=/home/user/ros2_ws/build/my_action_server/prefix_override:/home/user/ros2_ws/install/my_action_server/lib/python3.10/site-packages:${PYTHONPATH} _=/usr/bin/env /usr/bin/python3 setup.py egg_info --egg-base ../../build/my_action_server build --build-base /home/user/ros2_ws/build/my_action_server/build install --record /home/user/ros2_ws/build/my_action_server/install.log --single-version-externally-managed
