[6.630s] Invoking command in '/home/user/ros2_ws/src/my_package': PYTHONPATH=/home/user/ros2_ws/build/my_package/prefix_override:/home/user/ros2_ws/install/my_package/lib/python3.10/site-packages:${PYTHONPATH} _=/usr/bin/env /usr/bin/python3 setup.py egg_info --egg-base ../../build/my_package build --build-base /home/user/ros2_ws/build/my_package/build install --record /home/user/ros2_ws/build/my_package/install.log --single-version-externally-managed
[8.011s] running egg_info
[8.020s] creating ../../build/my_package/my_package.egg-info
[8.021s] writing ../../build/my_package/my_package.egg-info/PKG-INFO
[8.021s] writing dependency_links to ../../build/my_package/my_package.egg-info/dependency_links.txt
[8.022s] writing entry points to ../../build/my_package/my_package.egg-info/entry_points.txt
[8.022s] writing requirements to ../../build/my_package/my_package.egg-info/requires.txt
[8.022s] writing top-level names to ../../build/my_package/my_package.egg-info/top_level.txt
[8.026s] writing manifest file '../../build/my_package/my_package.egg-info/SOURCES.txt'
[8.033s] reading manifest file '../../build/my_package/my_package.egg-info/SOURCES.txt'
[8.040s] writing manifest file '../../build/my_package/my_package.egg-info/SOURCES.txt'
[8.041s] running build
[8.041s] running build_py
[8.042s] creating /home/user/ros2_ws/build/my_package/build
[8.042s] creating /home/user/ros2_ws/build/my_package/build/lib
[8.042s] creating /home/user/ros2_ws/build/my_package/build/lib/my_package
[8.043s] copying my_package/simple.py -> /home/user/ros2_ws/build/my_package/build/lib/my_package
[8.043s] copying my_package/__init__.py -> /home/user/ros2_ws/build/my_package/build/lib/my_package
[8.049s] running install
[8.049s] running install_lib
[8.055s] creating /home/user/ros2_ws/install/my_package/lib/python3.10/site-packages/my_package
[8.056s] copying /home/user/ros2_ws/build/my_package/build/lib/my_package/simple.py -> /home/user/ros2_ws/install/my_package/lib/python3.10/site-packages/my_package
[8.057s] copying /home/user/ros2_ws/build/my_package/build/lib/my_package/__init__.py -> /home/user/ros2_ws/install/my_package/lib/python3.10/site-packages/my_package
[8.060s] byte-compiling /home/user/ros2_ws/install/my_package/lib/python3.10/site-packages/my_package/simple.py to simple.cpython-310.pyc
[8.061s] byte-compiling /home/user/ros2_ws/install/my_package/lib/python3.10/site-packages/my_package/__init__.py to __init__.cpython-310.pyc
[8.062s] running install_data
[8.063s] creating /home/user/ros2_ws/install/my_package/share/ament_index
[8.063s] creating /home/user/ros2_ws/install/my_package/share/ament_index/resource_index
[8.064s] creating /home/user/ros2_ws/install/my_package/share/ament_index/resource_index/packages
[8.065s] copying resource/my_package -> /home/user/ros2_ws/install/my_package/share/ament_index/resource_index/packages
[8.065s] copying package.xml -> /home/user/ros2_ws/install/my_package/share/my_package
[8.065s] copying launch/my_package_launch_file.launch.py -> /home/user/ros2_ws/install/my_package/share/my_package
[8.065s] running install_egg_info
[8.072s] Copying ../../build/my_package/my_package.egg-info to /home/user/ros2_ws/install/my_package/lib/python3.10/site-packages/my_package-0.0.0-py3.10.egg-info
[8.093s] running install_scripts
[8.160s] Installing simple_node script to /home/user/ros2_ws/install/my_package/lib/my_package
[8.160s] writing list of installed files to '/home/user/ros2_ws/build/my_package/install.log'
[8.302s] Invoked command in '/home/user/ros2_ws/src/my_package' returned '0': PYTHONPATH=/home/user/ros2_ws/build/my_package/prefix_override:/home/user/ros2_ws/install/my_package/lib/python3.10/site-packages:${PYTHONPATH} _=/usr/bin/env /usr/bin/python3 setup.py egg_info --egg-base ../../build/my_package build --build-base /home/user/ros2_ws/build/my_package/build install --record /home/user/ros2_ws/build/my_package/install.log --single-version-externally-managed
