running egg_info
creating ../../build/actions_quiz/actions_quiz.egg-info
writing ../../build/actions_quiz/actions_quiz.egg-info/PKG-INFO
writing dependency_links to ../../build/actions_quiz/actions_quiz.egg-info/dependency_links.txt
writing entry points to ../../build/actions_quiz/actions_quiz.egg-info/entry_points.txt
writing requirements to ../../build/actions_quiz/actions_quiz.egg-info/requires.txt
writing top-level names to ../../build/actions_quiz/actions_quiz.egg-info/top_level.txt
writing manifest file '../../build/actions_quiz/actions_quiz.egg-info/SOURCES.txt'
reading manifest file '../../build/actions_quiz/actions_quiz.egg-info/SOURCES.txt'
writing manifest file '../../build/actions_quiz/actions_quiz.egg-info/SOURCES.txt'
running build
running build_py
creating /home/user/ros2_ws/build/actions_quiz/build
creating /home/user/ros2_ws/build/actions_quiz/build/lib
creating /home/user/ros2_ws/build/actions_quiz/build/lib/actions_quiz
copying actions_quiz/action_client.py -> /home/user/ros2_ws/build/actions_quiz/build/lib/actions_quiz
copying actions_quiz/__init__.py -> /home/user/ros2_ws/build/actions_quiz/build/lib/actions_quiz
copying actions_quiz/action_server.py -> /home/user/ros2_ws/build/actions_quiz/build/lib/actions_quiz
running install
running install_lib
creating /home/user/ros2_ws/install/actions_quiz/lib/python3.10/site-packages/actions_quiz
copying /home/user/ros2_ws/build/actions_quiz/build/lib/actions_quiz/action_client.py -> /home/user/ros2_ws/install/actions_quiz/lib/python3.10/site-packages/actions_quiz
copying /home/user/ros2_ws/build/actions_quiz/build/lib/actions_quiz/__init__.py -> /home/user/ros2_ws/install/actions_quiz/lib/python3.10/site-packages/actions_quiz
copying /home/user/ros2_ws/build/actions_quiz/build/lib/actions_quiz/action_server.py -> /home/user/ros2_ws/install/actions_quiz/lib/python3.10/site-packages/actions_quiz
byte-compiling /home/user/ros2_ws/install/actions_quiz/lib/python3.10/site-packages/actions_quiz/action_client.py to action_client.cpython-310.pyc
byte-compiling /home/user/ros2_ws/install/actions_quiz/lib/python3.10/site-packages/actions_quiz/__init__.py to __init__.cpython-310.pyc
byte-compiling /home/user/ros2_ws/install/actions_quiz/lib/python3.10/site-packages/actions_quiz/action_server.py to action_server.cpython-310.pyc
running install_data
creating /home/user/ros2_ws/install/actions_quiz/share/ament_index
creating /home/user/ros2_ws/install/actions_quiz/share/ament_index/resource_index
creating /home/user/ros2_ws/install/actions_quiz/share/ament_index/resource_index/packages
copying resource/actions_quiz -> /home/user/ros2_ws/install/actions_quiz/share/ament_index/resource_index/packages
copying package.xml -> /home/user/ros2_ws/install/actions_quiz/share/actions_quiz
copying launch/actions_quiz_client.launch.py -> /home/user/ros2_ws/install/actions_quiz/share/actions_quiz
copying launch/actions_quiz_server.launch.py -> /home/user/ros2_ws/install/actions_quiz/share/actions_quiz
running install_egg_info
Copying ../../build/actions_quiz/actions_quiz.egg-info to /home/user/ros2_ws/install/actions_quiz/lib/python3.10/site-packages/actions_quiz-0.0.0-py3.10.egg-info
running install_scripts
Installing action_client script to /home/user/ros2_ws/install/actions_quiz/lib/actions_quiz
Installing action_server script to /home/user/ros2_ws/install/actions_quiz/lib/actions_quiz
writing list of installed files to '/home/user/ros2_ws/build/actions_quiz/install.log'
