[1.253s] Invoking command in '/home/user/ros2_ws/src/services_quiz': LD_LIBRARY_PATH=/home/user/ros2_ws/install/services_quiz_srv/lib:/home/user/ros2_ws/install/custom_interfaces/lib:/usr/local/cuda-10.2/lib64:/home/user/.catkin_ws_python3/src/TensorRT-7.0.0.11/lib:/home/simulations/ros2_sims_ws/install/turtlebot3_msgs/lib:/home/simulations/ros2_sims_ws/install/t3_action_msg/lib:/home/simulations/ros2_sims_ws/install/dynamixel_sdk/lib:/home/user/ros2_ws/install/actions_quiz_msg/lib:/opt/ros/humble/opt/rviz_ogre_vendor/lib:/opt/ros/humble/lib/x86_64-linux-gnu:/opt/ros/humble/lib:/usr/local/cuda-10.2/lib64:/home/user/.catkin_ws_python3/src/TensorRT-7.0.0.11/lib:/usr/lib/x86_64-linux-gnu/gazebo-11/plugins:/usr/lib/x86_64-linux-gnu/gazebo-11/plugins:/usr/lib/x86_64-linux-gnu/gazebo-11/plugins PYTHONPATH=/home/user/ros2_ws/build/services_quiz/prefix_override:/home/user/ros2_ws/install/services_quiz/lib/python3.10/site-packages:${PYTHONPATH} _=/usr/bin/env /usr/bin/python3 setup.py egg_info --egg-base ../../build/services_quiz build --build-base /home/user/ros2_ws/build/services_quiz/build install --record /home/user/ros2_ws/build/services_quiz/install.log --single-version-externally-managed
[1.728s] running egg_info
[1.729s] writing ../../build/services_quiz/services_quiz.egg-info/PKG-INFO
[1.729s] writing dependency_links to ../../build/services_quiz/services_quiz.egg-info/dependency_links.txt
[1.730s] writing entry points to ../../build/services_quiz/services_quiz.egg-info/entry_points.txt
[1.730s] writing requirements to ../../build/services_quiz/services_quiz.egg-info/requires.txt
[1.730s] writing top-level names to ../../build/services_quiz/services_quiz.egg-info/top_level.txt
[1.733s] reading manifest file '../../build/services_quiz/services_quiz.egg-info/SOURCES.txt'
[1.734s] writing manifest file '../../build/services_quiz/services_quiz.egg-info/SOURCES.txt'
[1.734s] running build
[1.734s] running build_py
[1.735s] copying services_quiz/services_quiz_client.py -> /home/user/ros2_ws/build/services_quiz/build/lib/services_quiz
[1.735s] running install
[1.735s] running install_lib
[1.736s] copying /home/user/ros2_ws/build/services_quiz/build/lib/services_quiz/services_quiz_client.py -> /home/user/ros2_ws/install/services_quiz/lib/python3.10/site-packages/services_quiz
[1.738s] byte-compiling /home/user/ros2_ws/install/services_quiz/lib/python3.10/site-packages/services_quiz/services_quiz_client.py to services_quiz_client.cpython-310.pyc
[1.739s] running install_data
[1.739s] running install_egg_info
[1.742s] removing '/home/user/ros2_ws/install/services_quiz/lib/python3.10/site-packages/services_quiz-0.0.0-py3.10.egg-info' (and everything under it)
[1.742s] Copying ../../build/services_quiz/services_quiz.egg-info to /home/user/ros2_ws/install/services_quiz/lib/python3.10/site-packages/services_quiz-0.0.0-py3.10.egg-info
[1.744s] running install_scripts
[1.779s] Installing quiz_client script to /home/user/ros2_ws/install/services_quiz/lib/services_quiz
[1.780s] Installing quiz_server script to /home/user/ros2_ws/install/services_quiz/lib/services_quiz
[1.780s] writing list of installed files to '/home/user/ros2_ws/build/services_quiz/install.log'
[1.818s] Invoked command in '/home/user/ros2_ws/src/services_quiz' returned '0': LD_LIBRARY_PATH=/home/user/ros2_ws/install/services_quiz_srv/lib:/home/user/ros2_ws/install/custom_interfaces/lib:/usr/local/cuda-10.2/lib64:/home/user/.catkin_ws_python3/src/TensorRT-7.0.0.11/lib:/home/simulations/ros2_sims_ws/install/turtlebot3_msgs/lib:/home/simulations/ros2_sims_ws/install/t3_action_msg/lib:/home/simulations/ros2_sims_ws/install/dynamixel_sdk/lib:/home/user/ros2_ws/install/actions_quiz_msg/lib:/opt/ros/humble/opt/rviz_ogre_vendor/lib:/opt/ros/humble/lib/x86_64-linux-gnu:/opt/ros/humble/lib:/usr/local/cuda-10.2/lib64:/home/user/.catkin_ws_python3/src/TensorRT-7.0.0.11/lib:/usr/lib/x86_64-linux-gnu/gazebo-11/plugins:/usr/lib/x86_64-linux-gnu/gazebo-11/plugins:/usr/lib/x86_64-linux-gnu/gazebo-11/plugins PYTHONPATH=/home/user/ros2_ws/build/services_quiz/prefix_override:/home/user/ros2_ws/install/services_quiz/lib/python3.10/site-packages:${PYTHONPATH} _=/usr/bin/env /usr/bin/python3 setup.py egg_info --egg-base ../../build/services_quiz build --build-base /home/user/ros2_ws/build/services_quiz/build install --record /home/user/ros2_ws/build/services_quiz/install.log --single-version-externally-managed
