[1.244s] Invoking command in '/home/user/ros2_ws/src/services_quiz': AMENT_PREFIX_PATH=/home/user/ros2_ws/install/services_quiz_srv:${AMENT_PREFIX_PATH} CMAKE_PREFIX_PATH=/home/user/ros2_ws/install/services_quiz_srv:${CMAKE_PREFIX_PATH} LD_LIBRARY_PATH=/home/user/ros2_ws/install/services_quiz_srv/lib:/usr/local/cuda-10.2/lib64:/home/user/.catkin_ws_python3/src/TensorRT-7.0.0.11/lib:/home/simulations/ros2_sims_ws/install/turtlebot3_msgs/lib:/home/simulations/ros2_sims_ws/install/t3_action_msg/lib:/home/simulations/ros2_sims_ws/install/dynamixel_sdk/lib:/home/user/ros2_ws/install/actions_quiz_msg/lib:/opt/ros/humble/opt/rviz_ogre_vendor/lib:/opt/ros/humble/lib/x86_64-linux-gnu:/opt/ros/humble/lib:/usr/local/cuda-10.2/lib64:/home/user/.catkin_ws_python3/src/TensorRT-7.0.0.11/lib:/usr/lib/x86_64-linux-gnu/gazebo-11/plugins:/usr/lib/x86_64-linux-gnu/gazebo-11/plugins:/usr/lib/x86_64-linux-gnu/gazebo-11/plugins PYTHONPATH=/home/user/ros2_ws/build/services_quiz/prefix_override:/home/user/ros2_ws/install/services_quiz/lib/python3.10/site-packages:/home/user/ros2_ws/install/services_quiz_srv/local/lib/python3.10/dist-packages:${PYTHONPATH} _=/usr/bin/env /usr/bin/python3 setup.py egg_info --egg-base ../../build/services_quiz build --build-base /home/user/ros2_ws/build/services_quiz/build install --record /home/user/ros2_ws/build/services_quiz/install.log --single-version-externally-managed
[1.787s] running egg_info
[1.787s] creating ../../build/services_quiz/services_quiz.egg-info
[1.788s] writing ../../build/services_quiz/services_quiz.egg-info/PKG-INFO
[1.788s] writing dependency_links to ../../build/services_quiz/services_quiz.egg-info/dependency_links.txt
[1.788s] writing entry points to ../../build/services_quiz/services_quiz.egg-info/entry_points.txt
[1.789s] writing requirements to ../../build/services_quiz/services_quiz.egg-info/requires.txt
[1.789s] writing top-level names to ../../build/services_quiz/services_quiz.egg-info/top_level.txt
[1.790s] writing manifest file '../../build/services_quiz/services_quiz.egg-info/SOURCES.txt'
[1.794s] reading manifest file '../../build/services_quiz/services_quiz.egg-info/SOURCES.txt'
[1.795s] writing manifest file '../../build/services_quiz/services_quiz.egg-info/SOURCES.txt'
[1.796s] running build
[1.796s] running build_py
[1.796s] creating /home/user/ros2_ws/build/services_quiz/build
[1.797s] creating /home/user/ros2_ws/build/services_quiz/build/lib
[1.797s] creating /home/user/ros2_ws/build/services_quiz/build/lib/services_quiz
[1.797s] copying services_quiz/services_quiz_client.py -> /home/user/ros2_ws/build/services_quiz/build/lib/services_quiz
[1.798s] copying services_quiz/__init__.py -> /home/user/ros2_ws/build/services_quiz/build/lib/services_quiz
[1.798s] copying services_quiz/services_quiz_server.py -> /home/user/ros2_ws/build/services_quiz/build/lib/services_quiz
[1.799s] running install
[1.800s] running install_lib
[1.801s] creating /home/user/ros2_ws/install/services_quiz/lib/python3.10/site-packages/services_quiz
[1.801s] copying /home/user/ros2_ws/build/services_quiz/build/lib/services_quiz/services_quiz_client.py -> /home/user/ros2_ws/install/services_quiz/lib/python3.10/site-packages/services_quiz
[1.802s] copying /home/user/ros2_ws/build/services_quiz/build/lib/services_quiz/__init__.py -> /home/user/ros2_ws/install/services_quiz/lib/python3.10/site-packages/services_quiz
[1.802s] copying /home/user/ros2_ws/build/services_quiz/build/lib/services_quiz/services_quiz_server.py -> /home/user/ros2_ws/install/services_quiz/lib/python3.10/site-packages/services_quiz
[1.803s] byte-compiling /home/user/ros2_ws/install/services_quiz/lib/python3.10/site-packages/services_quiz/services_quiz_client.py to services_quiz_client.cpython-310.pyc
[1.804s] byte-compiling /home/user/ros2_ws/install/services_quiz/lib/python3.10/site-packages/services_quiz/__init__.py to __init__.cpython-310.pyc
[1.805s] byte-compiling /home/user/ros2_ws/install/services_quiz/lib/python3.10/site-packages/services_quiz/services_quiz_server.py to services_quiz_server.cpython-310.pyc
[1.806s] running install_data
[1.808s] creating /home/user/ros2_ws/install/services_quiz/share/ament_index
[1.808s] creating /home/user/ros2_ws/install/services_quiz/share/ament_index/resource_index
[1.808s] creating /home/user/ros2_ws/install/services_quiz/share/ament_index/resource_index/packages
[1.808s] copying resource/services_quiz -> /home/user/ros2_ws/install/services_quiz/share/ament_index/resource_index/packages
[1.809s] copying package.xml -> /home/user/ros2_ws/install/services_quiz/share/services_quiz
[1.809s] copying launch/services_quiz_client.launch.py -> /home/user/ros2_ws/install/services_quiz/share/services_quiz
[1.809s] copying launch/services_quiz_server.launch.py -> /home/user/ros2_ws/install/services_quiz/share/services_quiz
[1.809s] running install_egg_info
[1.810s] Copying ../../build/services_quiz/services_quiz.egg-info to /home/user/ros2_ws/install/services_quiz/lib/python3.10/site-packages/services_quiz-0.0.0-py3.10.egg-info
[1.812s] running install_scripts
[1.854s] Installing quiz_client script to /home/user/ros2_ws/install/services_quiz/lib/services_quiz
[1.854s] Installing quiz_server script to /home/user/ros2_ws/install/services_quiz/lib/services_quiz
[1.854s] writing list of installed files to '/home/user/ros2_ws/build/services_quiz/install.log'
[1.904s] Invoked command in '/home/user/ros2_ws/src/services_quiz' returned '0': AMENT_PREFIX_PATH=/home/user/ros2_ws/install/services_quiz_srv:${AMENT_PREFIX_PATH} CMAKE_PREFIX_PATH=/home/user/ros2_ws/install/services_quiz_srv:${CMAKE_PREFIX_PATH} LD_LIBRARY_PATH=/home/user/ros2_ws/install/services_quiz_srv/lib:/usr/local/cuda-10.2/lib64:/home/user/.catkin_ws_python3/src/TensorRT-7.0.0.11/lib:/home/simulations/ros2_sims_ws/install/turtlebot3_msgs/lib:/home/simulations/ros2_sims_ws/install/t3_action_msg/lib:/home/simulations/ros2_sims_ws/install/dynamixel_sdk/lib:/home/user/ros2_ws/install/actions_quiz_msg/lib:/opt/ros/humble/opt/rviz_ogre_vendor/lib:/opt/ros/humble/lib/x86_64-linux-gnu:/opt/ros/humble/lib:/usr/local/cuda-10.2/lib64:/home/user/.catkin_ws_python3/src/TensorRT-7.0.0.11/lib:/usr/lib/x86_64-linux-gnu/gazebo-11/plugins:/usr/lib/x86_64-linux-gnu/gazebo-11/plugins:/usr/lib/x86_64-linux-gnu/gazebo-11/plugins PYTHONPATH=/home/user/ros2_ws/build/services_quiz/prefix_override:/home/user/ros2_ws/install/services_quiz/lib/python3.10/site-packages:/home/user/ros2_ws/install/services_quiz_srv/local/lib/python3.10/dist-packages:${PYTHONPATH} _=/usr/bin/env /usr/bin/python3 setup.py egg_info --egg-base ../../build/services_quiz build --build-base /home/user/ros2_ws/build/services_quiz/build install --record /home/user/ros2_ws/build/services_quiz/install.log --single-version-externally-managed
