[5.019s] Invoking command in '/home/user/ros2_ws/src/exercise31_pkg': PYTHONPATH=/home/user/ros2_ws/build/exercise31_pkg/prefix_override:/home/user/ros2_ws/install/exercise31_pkg/lib/python3.10/site-packages:${PYTHONPATH} _=/usr/bin/env /usr/bin/python3 setup.py egg_info --egg-base ../../build/exercise31_pkg build --build-base /home/user/ros2_ws/build/exercise31_pkg/build install --record /home/user/ros2_ws/build/exercise31_pkg/install.log --single-version-externally-managed
[6.834s] running egg_info
[6.834s] creating ../../build/exercise31_pkg/exercise31_pkg.egg-info
[6.834s] writing ../../build/exercise31_pkg/exercise31_pkg.egg-info/PKG-INFO
[6.834s] writing dependency_links to ../../build/exercise31_pkg/exercise31_pkg.egg-info/dependency_links.txt
[6.834s] writing entry points to ../../build/exercise31_pkg/exercise31_pkg.egg-info/entry_points.txt
[6.834s] writing requirements to ../../build/exercise31_pkg/exercise31_pkg.egg-info/requires.txt
[6.834s] writing top-level names to ../../build/exercise31_pkg/exercise31_pkg.egg-info/top_level.txt
[6.834s] writing manifest file '../../build/exercise31_pkg/exercise31_pkg.egg-info/SOURCES.txt'
[6.834s] reading manifest file '../../build/exercise31_pkg/exercise31_pkg.egg-info/SOURCES.txt'
[6.835s] writing manifest file '../../build/exercise31_pkg/exercise31_pkg.egg-info/SOURCES.txt'
[6.835s] running build
[6.835s] running build_py
[6.835s] creating /home/user/ros2_ws/build/exercise31_pkg/build
[6.835s] creating /home/user/ros2_ws/build/exercise31_pkg/build/lib
[6.835s] creating /home/user/ros2_ws/build/exercise31_pkg/build/lib/exercise31_pkg
[6.835s] copying exercise31_pkg/__init__.py -> /home/user/ros2_ws/build/exercise31_pkg/build/lib/exercise31_pkg
[6.835s] copying exercise31_pkg/exercise31.py -> /home/user/ros2_ws/build/exercise31_pkg/build/lib/exercise31_pkg
[6.835s] running install
[6.835s] running install_lib
[6.837s] creating /home/user/ros2_ws/install/exercise31_pkg/lib/python3.10/site-packages/exercise31_pkg
[6.838s] copying /home/user/ros2_ws/build/exercise31_pkg/build/lib/exercise31_pkg/__init__.py -> /home/user/ros2_ws/install/exercise31_pkg/lib/python3.10/site-packages/exercise31_pkg
[6.838s] copying /home/user/ros2_ws/build/exercise31_pkg/build/lib/exercise31_pkg/exercise31.py -> /home/user/ros2_ws/install/exercise31_pkg/lib/python3.10/site-packages/exercise31_pkg
[6.838s] byte-compiling /home/user/ros2_ws/install/exercise31_pkg/lib/python3.10/site-packages/exercise31_pkg/__init__.py to __init__.cpython-310.pyc
[6.838s] byte-compiling /home/user/ros2_ws/install/exercise31_pkg/lib/python3.10/site-packages/exercise31_pkg/exercise31.py to exercise31.cpython-310.pyc
[6.839s] running install_data
[6.844s] creating /home/user/ros2_ws/install/exercise31_pkg/share/ament_index
[6.844s] creating /home/user/ros2_ws/install/exercise31_pkg/share/ament_index/resource_index
[6.844s] creating /home/user/ros2_ws/install/exercise31_pkg/share/ament_index/resource_index/packages
[6.845s] copying resource/exercise31_pkg -> /home/user/ros2_ws/install/exercise31_pkg/share/ament_index/resource_index/packages
[6.845s] copying package.xml -> /home/user/ros2_ws/install/exercise31_pkg/share/exercise31_pkg
[6.845s] copying launch/exercise31_launch.launch.py -> /home/user/ros2_ws/install/exercise31_pkg/share/exercise31_pkg
[6.845s] running install_egg_info
[6.855s] Copying ../../build/exercise31_pkg/exercise31_pkg.egg-info to /home/user/ros2_ws/install/exercise31_pkg/lib/python3.10/site-packages/exercise31_pkg-0.0.0-py3.10.egg-info
[6.856s] running install_scripts
[7.027s] Installing exercise31 script to /home/user/ros2_ws/install/exercise31_pkg/lib/exercise31_pkg
[7.027s] writing list of installed files to '/home/user/ros2_ws/build/exercise31_pkg/install.log'
[8.050s] Invoked command in '/home/user/ros2_ws/src/exercise31_pkg' returned '0': PYTHONPATH=/home/user/ros2_ws/build/exercise31_pkg/prefix_override:/home/user/ros2_ws/install/exercise31_pkg/lib/python3.10/site-packages:${PYTHONPATH} _=/usr/bin/env /usr/bin/python3 setup.py egg_info --egg-base ../../build/exercise31_pkg build --build-base /home/user/ros2_ws/build/exercise31_pkg/build install --record /home/user/ros2_ws/build/exercise31_pkg/install.log --single-version-externally-managed
