[0.854s] Invoking command in '/home/user/ros2_ws/src/mars_rover_tasks': PYTHONPATH=/home/user/ros2_ws/build/mars_rover_tasks/prefix_override:/home/user/ros2_ws/install/mars_rover_tasks/lib/python3.10/site-packages:${PYTHONPATH} _=/usr/bin/env /usr/bin/python3 -W ignore:setup.py install is deprecated setup.py egg_info --egg-base ../../build/mars_rover_tasks build --build-base /home/user/ros2_ws/build/mars_rover_tasks/build install --record /home/user/ros2_ws/build/mars_rover_tasks/install.log --single-version-externally-managed install_data
[1.197s] running egg_info
[1.198s] writing ../../build/mars_rover_tasks/mars_rover_tasks.egg-info/PKG-INFO
[1.199s] writing dependency_links to ../../build/mars_rover_tasks/mars_rover_tasks.egg-info/dependency_links.txt
[1.199s] writing entry points to ../../build/mars_rover_tasks/mars_rover_tasks.egg-info/entry_points.txt
[1.199s] writing requirements to ../../build/mars_rover_tasks/mars_rover_tasks.egg-info/requires.txt
[1.199s] writing top-level names to ../../build/mars_rover_tasks/mars_rover_tasks.egg-info/top_level.txt
[1.201s] reading manifest file '../../build/mars_rover_tasks/mars_rover_tasks.egg-info/SOURCES.txt'
[1.204s] writing manifest file '../../build/mars_rover_tasks/mars_rover_tasks.egg-info/SOURCES.txt'
[1.204s] running build
[1.204s] running build_py
[1.204s] copying mars_rover_tasks/plant_detector.py -> /home/user/ros2_ws/build/mars_rover_tasks/build/lib/mars_rover_tasks
[1.204s] copying mars_rover_tasks/plant_detector_node.py -> /home/user/ros2_ws/build/mars_rover_tasks/build/lib/mars_rover_tasks
[1.205s] running install
[1.205s] running install_lib
[1.206s] copying /home/user/ros2_ws/build/mars_rover_tasks/build/lib/mars_rover_tasks/plant_detector.py -> /home/user/ros2_ws/install/mars_rover_tasks/lib/python3.10/site-packages/mars_rover_tasks
[1.206s] copying /home/user/ros2_ws/build/mars_rover_tasks/build/lib/mars_rover_tasks/plant_detector_node.py -> /home/user/ros2_ws/install/mars_rover_tasks/lib/python3.10/site-packages/mars_rover_tasks
[1.207s] byte-compiling /home/user/ros2_ws/install/mars_rover_tasks/lib/python3.10/site-packages/mars_rover_tasks/plant_detector.py to plant_detector.cpython-310.pyc
[1.207s] byte-compiling /home/user/ros2_ws/install/mars_rover_tasks/lib/python3.10/site-packages/mars_rover_tasks/plant_detector_node.py to plant_detector_node.cpython-310.pyc
[1.208s] running install_data
[1.208s] running install_egg_info
[1.210s] removing '/home/user/ros2_ws/install/mars_rover_tasks/lib/python3.10/site-packages/mars_rover_tasks-0.0.0-py3.10.egg-info' (and everything under it)
[1.210s] Copying ../../build/mars_rover_tasks/mars_rover_tasks.egg-info to /home/user/ros2_ws/install/mars_rover_tasks/lib/python3.10/site-packages/mars_rover_tasks-0.0.0-py3.10.egg-info
[1.212s] running install_scripts
[1.236s] Installing image_plant_detector_executable script to /home/user/ros2_ws/install/mars_rover_tasks/lib/mars_rover_tasks
[1.236s] Installing publish_mars_rover_move_executable script to /home/user/ros2_ws/install/mars_rover_tasks/lib/mars_rover_tasks
[1.236s] Installing subscriber_obstacle_detector_executable script to /home/user/ros2_ws/install/mars_rover_tasks/lib/mars_rover_tasks
[1.237s] writing list of installed files to '/home/user/ros2_ws/build/mars_rover_tasks/install.log'
[1.264s] Invoked command in '/home/user/ros2_ws/src/mars_rover_tasks' returned '0': PYTHONPATH=/home/user/ros2_ws/build/mars_rover_tasks/prefix_override:/home/user/ros2_ws/install/mars_rover_tasks/lib/python3.10/site-packages:${PYTHONPATH} _=/usr/bin/env /usr/bin/python3 -W ignore:setup.py install is deprecated setup.py egg_info --egg-base ../../build/mars_rover_tasks build --build-base /home/user/ros2_ws/build/mars_rover_tasks/build install --record /home/user/ros2_ws/build/mars_rover_tasks/install.log --single-version-externally-managed install_data
