/home/user/ros2_ws/install/mars_rover_tasks/lib/python3.10/site-packages/mars_rover_tasks/plant_detector.py
/home/user/ros2_ws/install/mars_rover_tasks/lib/python3.10/site-packages/mars_rover_tasks/autonomous_exploration.py
/home/user/ros2_ws/install/mars_rover_tasks/lib/python3.10/site-packages/mars_rover_tasks/publish_mars_rover_move.py
/home/user/ros2_ws/install/mars_rover_tasks/lib/python3.10/site-packages/mars_rover_tasks/__init__.py
/home/user/ros2_ws/install/mars_rover_tasks/lib/python3.10/site-packages/mars_rover_tasks/plant_detector_node.py
/home/user/ros2_ws/install/mars_rover_tasks/lib/python3.10/site-packages/mars_rover_tasks/subscriber_obstacle_detector.py
/home/user/ros2_ws/install/mars_rover_tasks/lib/python3.10/site-packages/mars_rover_tasks/__pycache__/plant_detector.cpython-310.pyc
/home/user/ros2_ws/install/mars_rover_tasks/lib/python3.10/site-packages/mars_rover_tasks/__pycache__/autonomous_exploration.cpython-310.pyc
/home/user/ros2_ws/install/mars_rover_tasks/lib/python3.10/site-packages/mars_rover_tasks/__pycache__/publish_mars_rover_move.cpython-310.pyc
/home/user/ros2_ws/install/mars_rover_tasks/lib/python3.10/site-packages/mars_rover_tasks/__pycache__/__init__.cpython-310.pyc
/home/user/ros2_ws/install/mars_rover_tasks/lib/python3.10/site-packages/mars_rover_tasks/__pycache__/plant_detector_node.cpython-310.pyc
/home/user/ros2_ws/install/mars_rover_tasks/lib/python3.10/site-packages/mars_rover_tasks/__pycache__/subscriber_obstacle_detector.cpython-310.pyc
/home/user/ros2_ws/install/mars_rover_tasks/share/ament_index/resource_index/packages/mars_rover_tasks
/home/user/ros2_ws/install/mars_rover_tasks/share/mars_rover_tasks/package.xml
/home/user/ros2_ws/install/mars_rover_tasks/share/mars_rover_tasks
/home/user/ros2_ws/install/mars_rover_tasks/lib/python3.10/site-packages/mars_rover_tasks-0.0.0-py3.10.egg-info/PKG-INFO
/home/user/ros2_ws/install/mars_rover_tasks/lib/python3.10/site-packages/mars_rover_tasks-0.0.0-py3.10.egg-info/zip-safe
/home/user/ros2_ws/install/mars_rover_tasks/lib/python3.10/site-packages/mars_rover_tasks-0.0.0-py3.10.egg-info/top_level.txt
/home/user/ros2_ws/install/mars_rover_tasks/lib/python3.10/site-packages/mars_rover_tasks-0.0.0-py3.10.egg-info/requires.txt
/home/user/ros2_ws/install/mars_rover_tasks/lib/python3.10/site-packages/mars_rover_tasks-0.0.0-py3.10.egg-info/entry_points.txt
/home/user/ros2_ws/install/mars_rover_tasks/lib/python3.10/site-packages/mars_rover_tasks-0.0.0-py3.10.egg-info/SOURCES.txt
/home/user/ros2_ws/install/mars_rover_tasks/lib/python3.10/site-packages/mars_rover_tasks-0.0.0-py3.10.egg-info/dependency_links.txt
/home/user/ros2_ws/install/mars_rover_tasks/lib/mars_rover_tasks/autonomous_exploration_executable
/home/user/ros2_ws/install/mars_rover_tasks/lib/mars_rover_tasks/image_plant_detector_executable
/home/user/ros2_ws/install/mars_rover_tasks/lib/mars_rover_tasks/publish_mars_rover_move_executable
/home/user/ros2_ws/install/mars_rover_tasks/lib/mars_rover_tasks/subscriber_obstacle_detector_executable
