[0.964s] Invoking command in '/home/user/ros2_ws/build/mars_rover_tasks': PYTHONPATH=/home/user/ros2_ws/build/mars_rover_tasks/prefix_override:/home/user/ros2_ws/install/mars_rover_tasks/lib/python3.10/site-packages:${PYTHONPATH} _=/usr/bin/env /usr/bin/python3 -W ignore:setup.py install is deprecated setup.py develop --editable --build-directory /home/user/ros2_ws/build/mars_rover_tasks/build --no-deps symlink_data --force
[1.392s] running develop
[1.395s] /usr/lib/python3/dist-packages/setuptools/command/easy_install.py:158: EasyInstallDeprecationWarning: easy_install command is deprecated. Use build and pip and other standards-based tools.
[1.395s]   warnings.warn(
[1.704s] running egg_info
[1.704s] writing mars_rover_tasks.egg-info/PKG-INFO
[1.705s] writing dependency_links to mars_rover_tasks.egg-info/dependency_links.txt
[1.705s] writing entry points to mars_rover_tasks.egg-info/entry_points.txt
[1.705s] writing requirements to mars_rover_tasks.egg-info/requires.txt
[1.705s] writing top-level names to mars_rover_tasks.egg-info/top_level.txt
[1.707s] reading manifest file 'mars_rover_tasks.egg-info/SOURCES.txt'
[1.709s] writing manifest file 'mars_rover_tasks.egg-info/SOURCES.txt'
[1.710s] running build_ext
[1.711s] Creating /home/user/ros2_ws/install/mars_rover_tasks/lib/python3.10/site-packages/mars-rover-tasks.egg-link (link to .)
[1.712s] Installing subscriber_obstacle_detector_executable script to /home/user/ros2_ws/install/mars_rover_tasks/lib/mars_rover_tasks
[1.712s] 
[1.712s] Installed /home/user/ros2_ws/build/mars_rover_tasks
[1.712s] running symlink_data
[1.713s] symbolically linking /home/user/ros2_ws/build/mars_rover_tasks/resource/mars_rover_tasks -> /home/user/ros2_ws/install/mars_rover_tasks/share/ament_index/resource_index/packages
[1.713s] symbolically linking /home/user/ros2_ws/build/mars_rover_tasks/package.xml -> /home/user/ros2_ws/install/mars_rover_tasks/share/mars_rover_tasks
[1.753s] Invoked command in '/home/user/ros2_ws/build/mars_rover_tasks' returned '0': PYTHONPATH=/home/user/ros2_ws/build/mars_rover_tasks/prefix_override:/home/user/ros2_ws/install/mars_rover_tasks/lib/python3.10/site-packages:${PYTHONPATH} _=/usr/bin/env /usr/bin/python3 -W ignore:setup.py install is deprecated setup.py develop --editable --build-directory /home/user/ros2_ws/build/mars_rover_tasks/build --no-deps symlink_data --force
