[0.614s] Invoking command in '/home/user/ros2_ws/build/actions_quiz_msg': CMAKE_PREFIX_PATH=${CMAKE_PREFIX_PATH}:/home/simulations/ros2_sims_ws/install/turtlebot3_teleop:/home/simulations/ros2_sims_ws/install/turtlebot3_example:/home/simulations/ros2_sims_ws/install/services_pkg:/home/user/ros2_ws/install/logs_test:/home/user/ros2_ws/install/actions_quiz:/opt/ros/humble _=/usr/bin/env /usr/bin/cmake --build /home/user/ros2_ws/build/actions_quiz_msg -- -j8 -l8
[2.214s] [  3%] Built target actions_quiz_msg__cpp
[2.214s] [  3%] Built target ament_cmake_python_copy_actions_quiz_msg
[2.214s] [35m[1mConsolidate compiler generated dependencies of target actions_quiz_msg__rosidl_typesupport_introspection_cpp[0m
[2.214s] [ 12%] Built target actions_quiz_msg__rosidl_typesupport_introspection_cpp
[2.215s] running egg_info
[2.215s] writing actions_quiz_msg.egg-info/PKG-INFO
[2.215s] writing dependency_links to actions_quiz_msg.egg-info/dependency_links.txt
[2.215s] writing top-level names to actions_quiz_msg.egg-info/top_level.txt
[2.215s] reading manifest file 'actions_quiz_msg.egg-info/SOURCES.txt'
[2.215s] writing manifest file 'actions_quiz_msg.egg-info/SOURCES.txt'
[2.215s] [ 12%] Built target ament_cmake_python_build_actions_quiz_msg_egg
[2.215s] [35m[1mConsolidate compiler generated dependencies of target actions_quiz_msg__rosidl_typesupport_fastrtps_cpp[0m
[2.215s] [ 22%] Built target actions_quiz_msg__rosidl_typesupport_fastrtps_cpp
[2.233s] [35m[1mConsolidate compiler generated dependencies of target actions_quiz_msg__rosidl_typesupport_cpp[0m
[2.338s] [ 32%] Built target actions_quiz_msg__rosidl_typesupport_cpp
[2.385s] [35m[1mConsolidate compiler generated dependencies of target actions_quiz_msg__rosidl_generator_c[0m
[2.424s] [ 41%] Built target actions_quiz_msg__rosidl_generator_c
[2.497s] [35m[1mConsolidate compiler generated dependencies of target actions_quiz_msg__rosidl_typesupport_fastrtps_c[0m
[2.614s] [ 51%] Built target actions_quiz_msg__rosidl_typesupport_fastrtps_c
[2.702s] [35m[1mConsolidate compiler generated dependencies of target actions_quiz_msg__rosidl_typesupport_c[0m
[2.792s] [ 61%] Built target actions_quiz_msg__rosidl_typesupport_c
[2.875s] [35m[1mConsolidate compiler generated dependencies of target actions_quiz_msg__rosidl_typesupport_introspection_c[0m
[2.905s] [ 70%] Built target actions_quiz_msg__rosidl_typesupport_introspection_c
[3.066s] [ 70%] Built target actions_quiz_msg
[3.202s] [ 74%] Built target actions_quiz_msg__py
[3.273s] [35m[1mConsolidate compiler generated dependencies of target actions_quiz_msg__rosidl_generator_py[0m
[3.337s] [ 80%] Built target actions_quiz_msg__rosidl_generator_py
[3.374s] [35m[1mConsolidate compiler generated dependencies of target actions_quiz_msg__rosidl_typesupport_fastrtps_c__pyext[0m
[3.407s] [ 87%] Built target actions_quiz_msg__rosidl_typesupport_fastrtps_c__pyext
[3.444s] [35m[1mConsolidate compiler generated dependencies of target actions_quiz_msg__rosidl_typesupport_c__pyext[0m
[3.524s] [ 93%] Built target actions_quiz_msg__rosidl_typesupport_c__pyext
[3.558s] [35m[1mConsolidate compiler generated dependencies of target actions_quiz_msg__rosidl_typesupport_introspection_c__pyext[0m
[3.592s] [100%] Built target actions_quiz_msg__rosidl_typesupport_introspection_c__pyext
[3.616s] Invoked command in '/home/user/ros2_ws/build/actions_quiz_msg' returned '0': CMAKE_PREFIX_PATH=${CMAKE_PREFIX_PATH}:/home/simulations/ros2_sims_ws/install/turtlebot3_teleop:/home/simulations/ros2_sims_ws/install/turtlebot3_example:/home/simulations/ros2_sims_ws/install/services_pkg:/home/user/ros2_ws/install/logs_test:/home/user/ros2_ws/install/actions_quiz:/opt/ros/humble _=/usr/bin/env /usr/bin/cmake --build /home/user/ros2_ws/build/actions_quiz_msg -- -j8 -l8
[3.985s] Invoking command in '/home/user/ros2_ws/build/actions_quiz_msg': CMAKE_PREFIX_PATH=${CMAKE_PREFIX_PATH}:/home/simulations/ros2_sims_ws/install/turtlebot3_teleop:/home/simulations/ros2_sims_ws/install/turtlebot3_example:/home/simulations/ros2_sims_ws/install/services_pkg:/home/user/ros2_ws/install/logs_test:/home/user/ros2_ws/install/actions_quiz:/opt/ros/humble _=/usr/bin/env /usr/bin/cmake --install /home/user/ros2_ws/build/actions_quiz_msg
[3.995s] -- Install configuration: ""
[3.996s] -- Up-to-date: /home/user/ros2_ws/install/actions_quiz_msg/share/ament_index/resource_index/rosidl_interfaces/actions_quiz_msg
[3.996s] -- Up-to-date: /home/user/ros2_ws/install/actions_quiz_msg/include/actions_quiz_msg/actions_quiz_msg
[3.997s] -- Up-to-date: /home/user/ros2_ws/install/actions_quiz_msg/include/actions_quiz_msg/actions_quiz_msg/msg
[3.998s] -- Up-to-date: /home/user/ros2_ws/install/actions_quiz_msg/include/actions_quiz_msg/actions_quiz_msg/msg/rosidl_generator_c__visibility_control.h
[3.998s] -- Up-to-date: /home/user/ros2_ws/install/actions_quiz_msg/include/actions_quiz_msg/actions_quiz_msg/action
[3.998s] -- Up-to-date: /home/user/ros2_ws/install/actions_quiz_msg/include/actions_quiz_msg/actions_quiz_msg/action/detail
[3.998s] -- Up-to-date: /home/user/ros2_ws/install/actions_quiz_msg/include/actions_quiz_msg/actions_quiz_msg/action/detail/distance__functions.c
[3.999s] -- Up-to-date: /home/user/ros2_ws/install/actions_quiz_msg/include/actions_quiz_msg/actions_quiz_msg/action/detail/distance__functions.h
[3.999s] -- Up-to-date: /home/user/ros2_ws/install/actions_quiz_msg/include/actions_quiz_msg/actions_quiz_msg/action/detail/distance__type_support.h
[3.999s] -- Up-to-date: /home/user/ros2_ws/install/actions_quiz_msg/include/actions_quiz_msg/actions_quiz_msg/action/detail/distance__struct.h
[3.999s] -- Up-to-date: /home/user/ros2_ws/install/actions_quiz_msg/include/actions_quiz_msg/actions_quiz_msg/action/distance.h
[4.000s] -- Up-to-date: /home/user/ros2_ws/install/actions_quiz_msg/share/actions_quiz_msg/environment/library_path.sh
[4.000s] -- Up-to-date: /home/user/ros2_ws/install/actions_quiz_msg/share/actions_quiz_msg/environment/library_path.dsv
[4.001s] -- Up-to-date: /home/user/ros2_ws/install/actions_quiz_msg/lib/libactions_quiz_msg__rosidl_generator_c.so
[4.001s] -- Up-to-date: /home/user/ros2_ws/install/actions_quiz_msg/include/actions_quiz_msg/actions_quiz_msg
[4.002s] -- Up-to-date: /home/user/ros2_ws/install/actions_quiz_msg/include/actions_quiz_msg/actions_quiz_msg/msg
[4.002s] -- Up-to-date: /home/user/ros2_ws/install/actions_quiz_msg/include/actions_quiz_msg/actions_quiz_msg/msg/rosidl_typesupport_fastrtps_c__visibility_control.h
[4.002s] -- Up-to-date: /home/user/ros2_ws/install/actions_quiz_msg/include/actions_quiz_msg/actions_quiz_msg/action
[4.002s] -- Up-to-date: /home/user/ros2_ws/install/actions_quiz_msg/include/actions_quiz_msg/actions_quiz_msg/action/detail
[4.003s] -- Up-to-date: /home/user/ros2_ws/install/actions_quiz_msg/include/actions_quiz_msg/actions_quiz_msg/action/detail/distance__rosidl_typesupport_fastrtps_c.h
[4.005s] -- Up-to-date: /home/user/ros2_ws/install/actions_quiz_msg/lib/libactions_quiz_msg__rosidl_typesupport_fastrtps_c.so
[4.006s] -- Up-to-date: /home/user/ros2_ws/install/actions_quiz_msg/include/actions_quiz_msg/actions_quiz_msg
[4.006s] -- Up-to-date: /home/user/ros2_ws/install/actions_quiz_msg/include/actions_quiz_msg/actions_quiz_msg/action
[4.007s] -- Up-to-date: /home/user/ros2_ws/install/actions_quiz_msg/include/actions_quiz_msg/actions_quiz_msg/action/detail
[4.007s] -- Up-to-date: /home/user/ros2_ws/install/actions_quiz_msg/include/actions_quiz_msg/actions_quiz_msg/action/detail/distance__builder.hpp
[4.007s] -- Up-to-date: /home/user/ros2_ws/install/actions_quiz_msg/include/actions_quiz_msg/actions_quiz_msg/action/detail/distance__struct.hpp
[4.007s] -- Up-to-date: /home/user/ros2_ws/install/actions_quiz_msg/include/actions_quiz_msg/actions_quiz_msg/action/detail/distance__traits.hpp
[4.008s] -- Up-to-date: /home/user/ros2_ws/install/actions_quiz_msg/include/actions_quiz_msg/actions_quiz_msg/action/distance.hpp
[4.008s] -- Up-to-date: /home/user/ros2_ws/install/actions_quiz_msg/include/actions_quiz_msg/actions_quiz_msg
[4.008s] -- Up-to-date: /home/user/ros2_ws/install/actions_quiz_msg/include/actions_quiz_msg/actions_quiz_msg/msg
[4.008s] -- Up-to-date: /home/user/ros2_ws/install/actions_quiz_msg/include/actions_quiz_msg/actions_quiz_msg/msg/rosidl_typesupport_fastrtps_cpp__visibility_control.h
[4.009s] -- Up-to-date: /home/user/ros2_ws/install/actions_quiz_msg/include/actions_quiz_msg/actions_quiz_msg/action
[4.009s] -- Up-to-date: /home/user/ros2_ws/install/actions_quiz_msg/include/actions_quiz_msg/actions_quiz_msg/action/detail
[4.009s] -- Up-to-date: /home/user/ros2_ws/install/actions_quiz_msg/include/actions_quiz_msg/actions_quiz_msg/action/detail/distance__rosidl_typesupport_fastrtps_cpp.hpp
[4.009s] -- Up-to-date: /home/user/ros2_ws/install/actions_quiz_msg/include/actions_quiz_msg/actions_quiz_msg/action/detail/dds_fastrtps
[4.010s] -- Up-to-date: /home/user/ros2_ws/install/actions_quiz_msg/lib/libactions_quiz_msg__rosidl_typesupport_fastrtps_cpp.so
[4.010s] -- Up-to-date: /home/user/ros2_ws/install/actions_quiz_msg/include/actions_quiz_msg/actions_quiz_msg
[4.011s] -- Up-to-date: /home/user/ros2_ws/install/actions_quiz_msg/include/actions_quiz_msg/actions_quiz_msg/msg
[4.011s] -- Up-to-date: /home/user/ros2_ws/install/actions_quiz_msg/include/actions_quiz_msg/actions_quiz_msg/msg/rosidl_typesupport_introspection_c__visibility_control.h
[4.011s] -- Up-to-date: /home/user/ros2_ws/install/actions_quiz_msg/include/actions_quiz_msg/actions_quiz_msg/action
[4.011s] -- Up-to-date: /home/user/ros2_ws/install/actions_quiz_msg/include/actions_quiz_msg/actions_quiz_msg/action/detail
[4.012s] -- Up-to-date: /home/user/ros2_ws/install/actions_quiz_msg/include/actions_quiz_msg/actions_quiz_msg/action/detail/distance__rosidl_typesupport_introspection_c.h
[4.012s] -- Up-to-date: /home/user/ros2_ws/install/actions_quiz_msg/include/actions_quiz_msg/actions_quiz_msg/action/detail/distance__type_support.c
[4.013s] -- Up-to-date: /home/user/ros2_ws/install/actions_quiz_msg/lib/libactions_quiz_msg__rosidl_typesupport_introspection_c.so
[4.014s] -- Up-to-date: /home/user/ros2_ws/install/actions_quiz_msg/lib/libactions_quiz_msg__rosidl_typesupport_c.so
[4.014s] -- Up-to-date: /home/user/ros2_ws/install/actions_quiz_msg/include/actions_quiz_msg/actions_quiz_msg
[4.014s] -- Up-to-date: /home/user/ros2_ws/install/actions_quiz_msg/include/actions_quiz_msg/actions_quiz_msg/action
[4.015s] -- Up-to-date: /home/user/ros2_ws/install/actions_quiz_msg/include/actions_quiz_msg/actions_quiz_msg/action/detail
[4.015s] -- Up-to-date: /home/user/ros2_ws/install/actions_quiz_msg/include/actions_quiz_msg/actions_quiz_msg/action/detail/distance__rosidl_typesupport_introspection_cpp.hpp
[4.015s] -- Up-to-date: /home/user/ros2_ws/install/actions_quiz_msg/include/actions_quiz_msg/actions_quiz_msg/action/detail/distance__type_support.cpp
[4.016s] -- Up-to-date: /home/user/ros2_ws/install/actions_quiz_msg/lib/libactions_quiz_msg__rosidl_typesupport_introspection_cpp.so
[4.017s] -- Up-to-date: /home/user/ros2_ws/install/actions_quiz_msg/lib/libactions_quiz_msg__rosidl_typesupport_cpp.so
[4.017s] -- Up-to-date: /home/user/ros2_ws/install/actions_quiz_msg/share/actions_quiz_msg/environment/pythonpath.sh
[4.017s] -- Up-to-date: /home/user/ros2_ws/install/actions_quiz_msg/share/actions_quiz_msg/environment/pythonpath.dsv
[4.018s] -- Up-to-date: /home/user/ros2_ws/install/actions_quiz_msg/local/lib/python3.10/dist-packages/actions_quiz_msg-0.0.0-py3.10.egg-info
[4.018s] -- Installing: /home/user/ros2_ws/install/actions_quiz_msg/local/lib/python3.10/dist-packages/actions_quiz_msg-0.0.0-py3.10.egg-info/PKG-INFO
[4.019s] -- Installing: /home/user/ros2_ws/install/actions_quiz_msg/local/lib/python3.10/dist-packages/actions_quiz_msg-0.0.0-py3.10.egg-info/top_level.txt
[4.019s] -- Installing: /home/user/ros2_ws/install/actions_quiz_msg/local/lib/python3.10/dist-packages/actions_quiz_msg-0.0.0-py3.10.egg-info/SOURCES.txt
[4.020s] -- Installing: /home/user/ros2_ws/install/actions_quiz_msg/local/lib/python3.10/dist-packages/actions_quiz_msg-0.0.0-py3.10.egg-info/dependency_links.txt
[4.020s] -- Up-to-date: /home/user/ros2_ws/install/actions_quiz_msg/local/lib/python3.10/dist-packages/actions_quiz_msg
[4.021s] -- Up-to-date: /home/user/ros2_ws/install/actions_quiz_msg/local/lib/python3.10/dist-packages/actions_quiz_msg/actions_quiz_msg_s__rosidl_typesupport_fastrtps_c.cpython-310-x86_64-linux-gnu.so
[4.021s] -- Up-to-date: /home/user/ros2_ws/install/actions_quiz_msg/local/lib/python3.10/dist-packages/actions_quiz_msg/actions_quiz_msg_s__rosidl_typesupport_c.cpython-310-x86_64-linux-gnu.so
[4.021s] -- Up-to-date: /home/user/ros2_ws/install/actions_quiz_msg/local/lib/python3.10/dist-packages/actions_quiz_msg/_actions_quiz_msg_s.ep.rosidl_typesupport_introspection_c.c
[4.021s] -- Up-to-date: /home/user/ros2_ws/install/actions_quiz_msg/local/lib/python3.10/dist-packages/actions_quiz_msg/libactions_quiz_msg__rosidl_generator_py.so
[4.022s] -- Up-to-date: /home/user/ros2_ws/install/actions_quiz_msg/local/lib/python3.10/dist-packages/actions_quiz_msg/actions_quiz_msg_s__rosidl_typesupport_introspection_c.cpython-310-x86_64-linux-gnu.so
[4.022s] -- Up-to-date: /home/user/ros2_ws/install/actions_quiz_msg/local/lib/python3.10/dist-packages/actions_quiz_msg/__init__.py
[4.022s] -- Up-to-date: /home/user/ros2_ws/install/actions_quiz_msg/local/lib/python3.10/dist-packages/actions_quiz_msg/_actions_quiz_msg_s.ep.rosidl_typesupport_fastrtps_c.c
[4.022s] -- Up-to-date: /home/user/ros2_ws/install/actions_quiz_msg/local/lib/python3.10/dist-packages/actions_quiz_msg/_actions_quiz_msg_s.ep.rosidl_typesupport_c.c
[4.023s] -- Up-to-date: /home/user/ros2_ws/install/actions_quiz_msg/local/lib/python3.10/dist-packages/actions_quiz_msg/action
[4.023s] -- Up-to-date: /home/user/ros2_ws/install/actions_quiz_msg/local/lib/python3.10/dist-packages/actions_quiz_msg/action/__init__.py
[4.023s] -- Up-to-date: /home/user/ros2_ws/install/actions_quiz_msg/local/lib/python3.10/dist-packages/actions_quiz_msg/action/_distance_s.c
[4.024s] -- Up-to-date: /home/user/ros2_ws/install/actions_quiz_msg/local/lib/python3.10/dist-packages/actions_quiz_msg/action/_distance.py
[4.102s] Listing '/home/user/ros2_ws/install/actions_quiz_msg/local/lib/python3.10/dist-packages/actions_quiz_msg'...
[4.102s] Listing '/home/user/ros2_ws/install/actions_quiz_msg/local/lib/python3.10/dist-packages/actions_quiz_msg/action'...
[4.109s] -- Up-to-date: /home/user/ros2_ws/install/actions_quiz_msg/local/lib/python3.10/dist-packages/actions_quiz_msg/actions_quiz_msg_s__rosidl_typesupport_fastrtps_c.cpython-310-x86_64-linux-gnu.so
[4.110s] -- Up-to-date: /home/user/ros2_ws/install/actions_quiz_msg/local/lib/python3.10/dist-packages/actions_quiz_msg/actions_quiz_msg_s__rosidl_typesupport_introspection_c.cpython-310-x86_64-linux-gnu.so
[4.111s] -- Up-to-date: /home/user/ros2_ws/install/actions_quiz_msg/local/lib/python3.10/dist-packages/actions_quiz_msg/actions_quiz_msg_s__rosidl_typesupport_c.cpython-310-x86_64-linux-gnu.so
[4.111s] -- Up-to-date: /home/user/ros2_ws/install/actions_quiz_msg/lib/libactions_quiz_msg__rosidl_generator_py.so
[4.112s] -- Up-to-date: /home/user/ros2_ws/install/actions_quiz_msg/share/actions_quiz_msg/action/Distance.idl
[4.112s] -- Up-to-date: /home/user/ros2_ws/install/actions_quiz_msg/share/actions_quiz_msg/action/Distance.action
[4.113s] -- Up-to-date: /home/user/ros2_ws/install/actions_quiz_msg/share/ament_index/resource_index/package_run_dependencies/actions_quiz_msg
[4.116s] -- Up-to-date: /home/user/ros2_ws/install/actions_quiz_msg/share/ament_index/resource_index/parent_prefix_path/actions_quiz_msg
[4.116s] -- Up-to-date: /home/user/ros2_ws/install/actions_quiz_msg/share/actions_quiz_msg/environment/ament_prefix_path.sh
[4.116s] -- Up-to-date: /home/user/ros2_ws/install/actions_quiz_msg/share/actions_quiz_msg/environment/ament_prefix_path.dsv
[4.117s] -- Up-to-date: /home/user/ros2_ws/install/actions_quiz_msg/share/actions_quiz_msg/environment/path.sh
[4.117s] -- Up-to-date: /home/user/ros2_ws/install/actions_quiz_msg/share/actions_quiz_msg/environment/path.dsv
[4.117s] -- Up-to-date: /home/user/ros2_ws/install/actions_quiz_msg/share/actions_quiz_msg/local_setup.bash
[4.118s] -- Up-to-date: /home/user/ros2_ws/install/actions_quiz_msg/share/actions_quiz_msg/local_setup.sh
[4.118s] -- Up-to-date: /home/user/ros2_ws/install/actions_quiz_msg/share/actions_quiz_msg/local_setup.zsh
[4.118s] -- Up-to-date: /home/user/ros2_ws/install/actions_quiz_msg/share/actions_quiz_msg/local_setup.dsv
[4.119s] -- Installing: /home/user/ros2_ws/install/actions_quiz_msg/share/actions_quiz_msg/package.dsv
[4.119s] -- Up-to-date: /home/user/ros2_ws/install/actions_quiz_msg/share/ament_index/resource_index/packages/actions_quiz_msg
[4.120s] -- Up-to-date: /home/user/ros2_ws/install/actions_quiz_msg/share/actions_quiz_msg/cmake/export_actions_quiz_msg__rosidl_generator_cExport.cmake
[4.120s] -- Up-to-date: /home/user/ros2_ws/install/actions_quiz_msg/share/actions_quiz_msg/cmake/export_actions_quiz_msg__rosidl_generator_cExport-noconfig.cmake
[4.120s] -- Up-to-date: /home/user/ros2_ws/install/actions_quiz_msg/share/actions_quiz_msg/cmake/export_actions_quiz_msg__rosidl_typesupport_fastrtps_cExport.cmake
[4.121s] -- Up-to-date: /home/user/ros2_ws/install/actions_quiz_msg/share/actions_quiz_msg/cmake/export_actions_quiz_msg__rosidl_typesupport_fastrtps_cExport-noconfig.cmake
[4.121s] -- Up-to-date: /home/user/ros2_ws/install/actions_quiz_msg/share/actions_quiz_msg/cmake/export_actions_quiz_msg__rosidl_generator_cppExport.cmake
[4.122s] -- Up-to-date: /home/user/ros2_ws/install/actions_quiz_msg/share/actions_quiz_msg/cmake/export_actions_quiz_msg__rosidl_typesupport_fastrtps_cppExport.cmake
[4.122s] -- Up-to-date: /home/user/ros2_ws/install/actions_quiz_msg/share/actions_quiz_msg/cmake/export_actions_quiz_msg__rosidl_typesupport_fastrtps_cppExport-noconfig.cmake
[4.122s] -- Up-to-date: /home/user/ros2_ws/install/actions_quiz_msg/share/actions_quiz_msg/cmake/actions_quiz_msg__rosidl_typesupport_introspection_cExport.cmake
[4.123s] -- Up-to-date: /home/user/ros2_ws/install/actions_quiz_msg/share/actions_quiz_msg/cmake/actions_quiz_msg__rosidl_typesupport_introspection_cExport-noconfig.cmake
[4.123s] -- Up-to-date: /home/user/ros2_ws/install/actions_quiz_msg/share/actions_quiz_msg/cmake/actions_quiz_msg__rosidl_typesupport_cExport.cmake
[4.124s] -- Up-to-date: /home/user/ros2_ws/install/actions_quiz_msg/share/actions_quiz_msg/cmake/actions_quiz_msg__rosidl_typesupport_cExport-noconfig.cmake
[4.124s] -- Up-to-date: /home/user/ros2_ws/install/actions_quiz_msg/share/actions_quiz_msg/cmake/actions_quiz_msg__rosidl_typesupport_introspection_cppExport.cmake
[4.126s] -- Up-to-date: /home/user/ros2_ws/install/actions_quiz_msg/share/actions_quiz_msg/cmake/actions_quiz_msg__rosidl_typesupport_introspection_cppExport-noconfig.cmake
[4.127s] -- Up-to-date: /home/user/ros2_ws/install/actions_quiz_msg/share/actions_quiz_msg/cmake/actions_quiz_msg__rosidl_typesupport_cppExport.cmake
[4.127s] -- Up-to-date: /home/user/ros2_ws/install/actions_quiz_msg/share/actions_quiz_msg/cmake/actions_quiz_msg__rosidl_typesupport_cppExport-noconfig.cmake
[4.128s] -- Up-to-date: /home/user/ros2_ws/install/actions_quiz_msg/share/actions_quiz_msg/cmake/export_actions_quiz_msg__rosidl_generator_pyExport.cmake
[4.128s] -- Up-to-date: /home/user/ros2_ws/install/actions_quiz_msg/share/actions_quiz_msg/cmake/export_actions_quiz_msg__rosidl_generator_pyExport-noconfig.cmake
[4.128s] -- Up-to-date: /home/user/ros2_ws/install/actions_quiz_msg/share/actions_quiz_msg/cmake/rosidl_cmake-extras.cmake
[4.129s] -- Up-to-date: /home/user/ros2_ws/install/actions_quiz_msg/share/actions_quiz_msg/cmake/ament_cmake_export_dependencies-extras.cmake
[4.129s] -- Up-to-date: /home/user/ros2_ws/install/actions_quiz_msg/share/actions_quiz_msg/cmake/ament_cmake_export_include_directories-extras.cmake
[4.129s] -- Up-to-date: /home/user/ros2_ws/install/actions_quiz_msg/share/actions_quiz_msg/cmake/ament_cmake_export_libraries-extras.cmake
[4.130s] -- Up-to-date: /home/user/ros2_ws/install/actions_quiz_msg/share/actions_quiz_msg/cmake/ament_cmake_export_targets-extras.cmake
[4.130s] -- Up-to-date: /home/user/ros2_ws/install/actions_quiz_msg/share/actions_quiz_msg/cmake/rosidl_cmake_export_typesupport_targets-extras.cmake
[4.130s] -- Up-to-date: /home/user/ros2_ws/install/actions_quiz_msg/share/actions_quiz_msg/cmake/rosidl_cmake_export_typesupport_libraries-extras.cmake
[4.130s] -- Up-to-date: /home/user/ros2_ws/install/actions_quiz_msg/share/actions_quiz_msg/cmake/actions_quiz_msgConfig.cmake
[4.131s] -- Up-to-date: /home/user/ros2_ws/install/actions_quiz_msg/share/actions_quiz_msg/cmake/actions_quiz_msgConfig-version.cmake
[4.131s] -- Up-to-date: /home/user/ros2_ws/install/actions_quiz_msg/share/actions_quiz_msg/package.xml
[4.136s] Invoked command in '/home/user/ros2_ws/build/actions_quiz_msg' returned '0': CMAKE_PREFIX_PATH=${CMAKE_PREFIX_PATH}:/home/simulations/ros2_sims_ws/install/turtlebot3_teleop:/home/simulations/ros2_sims_ws/install/turtlebot3_example:/home/simulations/ros2_sims_ws/install/services_pkg:/home/user/ros2_ws/install/logs_test:/home/user/ros2_ws/install/actions_quiz:/opt/ros/humble _=/usr/bin/env /usr/bin/cmake --install /home/user/ros2_ws/build/actions_quiz_msg
