running egg_info
writing ../../build/services_quiz/services_quiz.egg-info/PKG-INFO
writing dependency_links to ../../build/services_quiz/services_quiz.egg-info/dependency_links.txt
writing entry points to ../../build/services_quiz/services_quiz.egg-info/entry_points.txt
writing requirements to ../../build/services_quiz/services_quiz.egg-info/requires.txt
writing top-level names to ../../build/services_quiz/services_quiz.egg-info/top_level.txt
reading manifest file '../../build/services_quiz/services_quiz.egg-info/SOURCES.txt'
writing manifest file '../../build/services_quiz/services_quiz.egg-info/SOURCES.txt'
running build
running build_py
copying services_quiz/services_quiz_server.py -> /home/user/ros2_ws/build/services_quiz/build/lib/services_quiz
running install
running install_lib
copying /home/user/ros2_ws/build/services_quiz/build/lib/services_quiz/services_quiz_server.py -> /home/user/ros2_ws/install/services_quiz/lib/python3.10/site-packages/services_quiz
byte-compiling /home/user/ros2_ws/install/services_quiz/lib/python3.10/site-packages/services_quiz/services_quiz_server.py to services_quiz_server.cpython-310.pyc
running install_data
running install_egg_info
removing '/home/user/ros2_ws/install/services_quiz/lib/python3.10/site-packages/services_quiz-0.0.0-py3.10.egg-info' (and everything under it)
Copying ../../build/services_quiz/services_quiz.egg-info to /home/user/ros2_ws/install/services_quiz/lib/python3.10/site-packages/services_quiz-0.0.0-py3.10.egg-info
running install_scripts
Installing quiz_client script to /home/user/ros2_ws/install/services_quiz/lib/services_quiz
Installing quiz_server script to /home/user/ros2_ws/install/services_quiz/lib/services_quiz
writing list of installed files to '/home/user/ros2_ws/build/services_quiz/install.log'
