[1.692s] Invoking command in '/home/user/ros2_ws/src/movement_pkg': AMENT_PREFIX_PATH=/home/user/ros2_ws/install/custom_interfaces:${AMENT_PREFIX_PATH} CMAKE_PREFIX_PATH=/home/user/ros2_ws/install/custom_interfaces:${CMAKE_PREFIX_PATH} LD_LIBRARY_PATH=/home/user/ros2_ws/install/custom_interfaces/lib:/usr/local/cuda-10.2/lib64:/home/user/.catkin_ws_python3/src/TensorRT-7.0.0.11/lib:/home/simulations/ros2_sims_ws/install/turtlebot3_msgs/lib:/home/simulations/ros2_sims_ws/install/t3_action_msg/lib:/home/simulations/ros2_sims_ws/install/dynamixel_sdk/lib:/home/user/ros2_ws/install/actions_quiz_msg/lib:/opt/ros/humble/opt/rviz_ogre_vendor/lib:/opt/ros/humble/lib/x86_64-linux-gnu:/opt/ros/humble/lib:/usr/local/cuda-10.2/lib64:/home/user/.catkin_ws_python3/src/TensorRT-7.0.0.11/lib:/usr/lib/x86_64-linux-gnu/gazebo-11/plugins:/usr/lib/x86_64-linux-gnu/gazebo-11/plugins:/usr/lib/x86_64-linux-gnu/gazebo-11/plugins PYTHONPATH=/home/user/ros2_ws/build/movement_pkg/prefix_override:/home/user/ros2_ws/install/movement_pkg/lib/python3.10/site-packages:/home/user/ros2_ws/install/custom_interfaces/local/lib/python3.10/dist-packages:${PYTHONPATH} _=/usr/bin/env /usr/bin/python3 setup.py egg_info --egg-base ../../build/movement_pkg build --build-base /home/user/ros2_ws/build/movement_pkg/build install --record /home/user/ros2_ws/build/movement_pkg/install.log --single-version-externally-managed
[2.249s] running egg_info
[2.250s] creating ../../build/movement_pkg/movement_pkg.egg-info
[2.250s] writing ../../build/movement_pkg/movement_pkg.egg-info/PKG-INFO
[2.250s] writing dependency_links to ../../build/movement_pkg/movement_pkg.egg-info/dependency_links.txt
[2.250s] writing entry points to ../../build/movement_pkg/movement_pkg.egg-info/entry_points.txt
[2.250s] writing requirements to ../../build/movement_pkg/movement_pkg.egg-info/requires.txt
[2.250s] writing top-level names to ../../build/movement_pkg/movement_pkg.egg-info/top_level.txt
[2.251s] writing manifest file '../../build/movement_pkg/movement_pkg.egg-info/SOURCES.txt'
[2.252s] reading manifest file '../../build/movement_pkg/movement_pkg.egg-info/SOURCES.txt'
[2.254s] writing manifest file '../../build/movement_pkg/movement_pkg.egg-info/SOURCES.txt'
[2.254s] running build
[2.254s] running build_py
[2.254s] creating /home/user/ros2_ws/build/movement_pkg/build
[2.255s] creating /home/user/ros2_ws/build/movement_pkg/build/lib
[2.255s] creating /home/user/ros2_ws/build/movement_pkg/build/lib/movement_pkg
[2.255s] copying movement_pkg/movement_client.py -> /home/user/ros2_ws/build/movement_pkg/build/lib/movement_pkg
[2.255s] copying movement_pkg/movement_server.py -> /home/user/ros2_ws/build/movement_pkg/build/lib/movement_pkg
[2.255s] copying movement_pkg/__init__.py -> /home/user/ros2_ws/build/movement_pkg/build/lib/movement_pkg
[2.255s] running install
[2.255s] running install_lib
[2.257s] creating /home/user/ros2_ws/install/movement_pkg/lib/python3.10/site-packages/movement_pkg
[2.257s] copying /home/user/ros2_ws/build/movement_pkg/build/lib/movement_pkg/movement_client.py -> /home/user/ros2_ws/install/movement_pkg/lib/python3.10/site-packages/movement_pkg
[2.257s] copying /home/user/ros2_ws/build/movement_pkg/build/lib/movement_pkg/movement_server.py -> /home/user/ros2_ws/install/movement_pkg/lib/python3.10/site-packages/movement_pkg
[2.257s] copying /home/user/ros2_ws/build/movement_pkg/build/lib/movement_pkg/__init__.py -> /home/user/ros2_ws/install/movement_pkg/lib/python3.10/site-packages/movement_pkg
[2.258s] byte-compiling /home/user/ros2_ws/install/movement_pkg/lib/python3.10/site-packages/movement_pkg/movement_client.py to movement_client.cpython-310.pyc
[2.258s] byte-compiling /home/user/ros2_ws/install/movement_pkg/lib/python3.10/site-packages/movement_pkg/movement_server.py to movement_server.cpython-310.pyc
[2.259s] byte-compiling /home/user/ros2_ws/install/movement_pkg/lib/python3.10/site-packages/movement_pkg/__init__.py to __init__.cpython-310.pyc
[2.259s] running install_data
[2.260s] creating /home/user/ros2_ws/install/movement_pkg/share/ament_index
[2.260s] creating /home/user/ros2_ws/install/movement_pkg/share/ament_index/resource_index
[2.260s] creating /home/user/ros2_ws/install/movement_pkg/share/ament_index/resource_index/packages
[2.260s] copying resource/movement_pkg -> /home/user/ros2_ws/install/movement_pkg/share/ament_index/resource_index/packages
[2.260s] copying package.xml -> /home/user/ros2_ws/install/movement_pkg/share/movement_pkg
[2.261s] copying launch/movement_server_launch_file.launch.py -> /home/user/ros2_ws/install/movement_pkg/share/movement_pkg
[2.261s] running install_egg_info
[2.263s] Copying ../../build/movement_pkg/movement_pkg.egg-info to /home/user/ros2_ws/install/movement_pkg/lib/python3.10/site-packages/movement_pkg-0.0.0-py3.10.egg-info
[2.264s] running install_scripts
[2.299s] Installing movement_client script to /home/user/ros2_ws/install/movement_pkg/lib/movement_pkg
[2.299s] Installing movement_server script to /home/user/ros2_ws/install/movement_pkg/lib/movement_pkg
[2.299s] writing list of installed files to '/home/user/ros2_ws/build/movement_pkg/install.log'
[2.342s] Invoked command in '/home/user/ros2_ws/src/movement_pkg' returned '0': AMENT_PREFIX_PATH=/home/user/ros2_ws/install/custom_interfaces:${AMENT_PREFIX_PATH} CMAKE_PREFIX_PATH=/home/user/ros2_ws/install/custom_interfaces:${CMAKE_PREFIX_PATH} LD_LIBRARY_PATH=/home/user/ros2_ws/install/custom_interfaces/lib:/usr/local/cuda-10.2/lib64:/home/user/.catkin_ws_python3/src/TensorRT-7.0.0.11/lib:/home/simulations/ros2_sims_ws/install/turtlebot3_msgs/lib:/home/simulations/ros2_sims_ws/install/t3_action_msg/lib:/home/simulations/ros2_sims_ws/install/dynamixel_sdk/lib:/home/user/ros2_ws/install/actions_quiz_msg/lib:/opt/ros/humble/opt/rviz_ogre_vendor/lib:/opt/ros/humble/lib/x86_64-linux-gnu:/opt/ros/humble/lib:/usr/local/cuda-10.2/lib64:/home/user/.catkin_ws_python3/src/TensorRT-7.0.0.11/lib:/usr/lib/x86_64-linux-gnu/gazebo-11/plugins:/usr/lib/x86_64-linux-gnu/gazebo-11/plugins:/usr/lib/x86_64-linux-gnu/gazebo-11/plugins PYTHONPATH=/home/user/ros2_ws/build/movement_pkg/prefix_override:/home/user/ros2_ws/install/movement_pkg/lib/python3.10/site-packages:/home/user/ros2_ws/install/custom_interfaces/local/lib/python3.10/dist-packages:${PYTHONPATH} _=/usr/bin/env /usr/bin/python3 setup.py egg_info --egg-base ../../build/movement_pkg build --build-base /home/user/ros2_ws/build/movement_pkg/build install --record /home/user/ros2_ws/build/movement_pkg/install.log --single-version-externally-managed
