running egg_info
creating ../../build/mars_rover_tasks/mars_rover_tasks.egg-info
writing ../../build/mars_rover_tasks/mars_rover_tasks.egg-info/PKG-INFO
writing dependency_links to ../../build/mars_rover_tasks/mars_rover_tasks.egg-info/dependency_links.txt
writing entry points to ../../build/mars_rover_tasks/mars_rover_tasks.egg-info/entry_points.txt
writing requirements to ../../build/mars_rover_tasks/mars_rover_tasks.egg-info/requires.txt
writing top-level names to ../../build/mars_rover_tasks/mars_rover_tasks.egg-info/top_level.txt
writing manifest file '../../build/mars_rover_tasks/mars_rover_tasks.egg-info/SOURCES.txt'
reading manifest file '../../build/mars_rover_tasks/mars_rover_tasks.egg-info/SOURCES.txt'
writing manifest file '../../build/mars_rover_tasks/mars_rover_tasks.egg-info/SOURCES.txt'
running build
running build_py
creating /home/user/ros2_ws/build/mars_rover_tasks/build
creating /home/user/ros2_ws/build/mars_rover_tasks/build/lib
creating /home/user/ros2_ws/build/mars_rover_tasks/build/lib/mars_rover_tasks
copying mars_rover_tasks/__init__.py -> /home/user/ros2_ws/build/mars_rover_tasks/build/lib/mars_rover_tasks
copying mars_rover_tasks/subscriber_obstacle_detector.py -> /home/user/ros2_ws/build/mars_rover_tasks/build/lib/mars_rover_tasks
running install
running install_lib
creating /home/user/ros2_ws/install/mars_rover_tasks/lib/python3.10/site-packages/mars_rover_tasks
copying /home/user/ros2_ws/build/mars_rover_tasks/build/lib/mars_rover_tasks/__init__.py -> /home/user/ros2_ws/install/mars_rover_tasks/lib/python3.10/site-packages/mars_rover_tasks
copying /home/user/ros2_ws/build/mars_rover_tasks/build/lib/mars_rover_tasks/subscriber_obstacle_detector.py -> /home/user/ros2_ws/install/mars_rover_tasks/lib/python3.10/site-packages/mars_rover_tasks
byte-compiling /home/user/ros2_ws/install/mars_rover_tasks/lib/python3.10/site-packages/mars_rover_tasks/__init__.py to __init__.cpython-310.pyc
byte-compiling /home/user/ros2_ws/install/mars_rover_tasks/lib/python3.10/site-packages/mars_rover_tasks/subscriber_obstacle_detector.py to subscriber_obstacle_detector.cpython-310.pyc
running install_data
creating /home/user/ros2_ws/install/mars_rover_tasks/share/ament_index
creating /home/user/ros2_ws/install/mars_rover_tasks/share/ament_index/resource_index
creating /home/user/ros2_ws/install/mars_rover_tasks/share/ament_index/resource_index/packages
copying resource/mars_rover_tasks -> /home/user/ros2_ws/install/mars_rover_tasks/share/ament_index/resource_index/packages
copying package.xml -> /home/user/ros2_ws/install/mars_rover_tasks/share/mars_rover_tasks
running install_egg_info
Copying ../../build/mars_rover_tasks/mars_rover_tasks.egg-info to /home/user/ros2_ws/install/mars_rover_tasks/lib/python3.10/site-packages/mars_rover_tasks-0.0.0-py3.10.egg-info
running install_scripts
Installing subscriber_obstacle_detector_executable script to /home/user/ros2_ws/install/mars_rover_tasks/lib/mars_rover_tasks
writing list of installed files to '/home/user/ros2_ws/build/mars_rover_tasks/install.log'
