[2.235s] Invoking command in '/home/user/ros2_ws/src/mars_rover_tasks': PYTHONPATH=/home/user/ros2_ws/build/mars_rover_tasks/prefix_override:/home/user/ros2_ws/install/mars_rover_tasks/lib/python3.10/site-packages:${PYTHONPATH} _=/usr/bin/env /usr/bin/python3 -W ignore:setup.py install is deprecated setup.py egg_info --egg-base ../../build/mars_rover_tasks build --build-base /home/user/ros2_ws/build/mars_rover_tasks/build install --record /home/user/ros2_ws/build/mars_rover_tasks/install.log --single-version-externally-managed install_data
[2.629s] running egg_info
[2.630s] creating ../../build/mars_rover_tasks/mars_rover_tasks.egg-info
[2.630s] writing ../../build/mars_rover_tasks/mars_rover_tasks.egg-info/PKG-INFO
[2.630s] writing dependency_links to ../../build/mars_rover_tasks/mars_rover_tasks.egg-info/dependency_links.txt
[2.631s] writing entry points to ../../build/mars_rover_tasks/mars_rover_tasks.egg-info/entry_points.txt
[2.631s] writing requirements to ../../build/mars_rover_tasks/mars_rover_tasks.egg-info/requires.txt
[2.631s] writing top-level names to ../../build/mars_rover_tasks/mars_rover_tasks.egg-info/top_level.txt
[2.631s] writing manifest file '../../build/mars_rover_tasks/mars_rover_tasks.egg-info/SOURCES.txt'
[2.633s] reading manifest file '../../build/mars_rover_tasks/mars_rover_tasks.egg-info/SOURCES.txt'
[2.634s] writing manifest file '../../build/mars_rover_tasks/mars_rover_tasks.egg-info/SOURCES.txt'
[2.634s] running build
[2.634s] running build_py
[2.634s] creating /home/user/ros2_ws/build/mars_rover_tasks/build
[2.634s] creating /home/user/ros2_ws/build/mars_rover_tasks/build/lib
[2.634s] creating /home/user/ros2_ws/build/mars_rover_tasks/build/lib/mars_rover_tasks
[2.634s] copying mars_rover_tasks/__init__.py -> /home/user/ros2_ws/build/mars_rover_tasks/build/lib/mars_rover_tasks
[2.635s] copying mars_rover_tasks/subscriber_obstacle_detector.py -> /home/user/ros2_ws/build/mars_rover_tasks/build/lib/mars_rover_tasks
[2.635s] running install
[2.635s] running install_lib
[2.636s] creating /home/user/ros2_ws/install/mars_rover_tasks/lib/python3.10/site-packages/mars_rover_tasks
[2.636s] copying /home/user/ros2_ws/build/mars_rover_tasks/build/lib/mars_rover_tasks/__init__.py -> /home/user/ros2_ws/install/mars_rover_tasks/lib/python3.10/site-packages/mars_rover_tasks
[2.636s] copying /home/user/ros2_ws/build/mars_rover_tasks/build/lib/mars_rover_tasks/subscriber_obstacle_detector.py -> /home/user/ros2_ws/install/mars_rover_tasks/lib/python3.10/site-packages/mars_rover_tasks
[2.636s] byte-compiling /home/user/ros2_ws/install/mars_rover_tasks/lib/python3.10/site-packages/mars_rover_tasks/__init__.py to __init__.cpython-310.pyc
[2.637s] byte-compiling /home/user/ros2_ws/install/mars_rover_tasks/lib/python3.10/site-packages/mars_rover_tasks/subscriber_obstacle_detector.py to subscriber_obstacle_detector.cpython-310.pyc
[2.637s] running install_data
[2.638s] creating /home/user/ros2_ws/install/mars_rover_tasks/share/ament_index
[2.638s] creating /home/user/ros2_ws/install/mars_rover_tasks/share/ament_index/resource_index
[2.638s] creating /home/user/ros2_ws/install/mars_rover_tasks/share/ament_index/resource_index/packages
[2.638s] copying resource/mars_rover_tasks -> /home/user/ros2_ws/install/mars_rover_tasks/share/ament_index/resource_index/packages
[2.639s] copying package.xml -> /home/user/ros2_ws/install/mars_rover_tasks/share/mars_rover_tasks
[2.653s] running install_egg_info
[2.653s] Copying ../../build/mars_rover_tasks/mars_rover_tasks.egg-info to /home/user/ros2_ws/install/mars_rover_tasks/lib/python3.10/site-packages/mars_rover_tasks-0.0.0-py3.10.egg-info
[2.653s] running install_scripts
[2.674s] Installing subscriber_obstacle_detector_executable script to /home/user/ros2_ws/install/mars_rover_tasks/lib/mars_rover_tasks
[2.674s] writing list of installed files to '/home/user/ros2_ws/build/mars_rover_tasks/install.log'
[2.706s] Invoked command in '/home/user/ros2_ws/src/mars_rover_tasks' returned '0': PYTHONPATH=/home/user/ros2_ws/build/mars_rover_tasks/prefix_override:/home/user/ros2_ws/install/mars_rover_tasks/lib/python3.10/site-packages:${PYTHONPATH} _=/usr/bin/env /usr/bin/python3 -W ignore:setup.py install is deprecated setup.py egg_info --egg-base ../../build/mars_rover_tasks build --build-base /home/user/ros2_ws/build/mars_rover_tasks/build install --record /home/user/ros2_ws/build/mars_rover_tasks/install.log --single-version-externally-managed install_data
