[0.600s] Invoking command in '/home/user/ros2_ws/build/basics_ros2_multithreading': CMAKE_PREFIX_PATH=${CMAKE_PREFIX_PATH}:/home/simulations/ros2_sims_ws/install/turtlebot3_teleop:/home/simulations/ros2_sims_ws/install/turtlebot3_example:/home/simulations/ros2_sims_ws/install/services_pkg:/home/user/ros2_ws/install/logs_test:/home/user/ros2_ws/install/actions_quiz:/opt/ros/humble _=/usr/bin/env /usr/bin/cmake /home/user/ros2_ws/src/basics_ros2_multithreading -DCMAKE_INSTALL_PREFIX=/home/user/ros2_ws/install/basics_ros2_multithreading
[3.659s] -- The C compiler identification is GNU 11.2.0
[5.680s] -- The CXX compiler identification is GNU 11.2.0
[5.796s] -- Detecting C compiler ABI info
[6.364s] -- Detecting C compiler ABI info - done
[6.402s] -- Check for working C compiler: /usr/bin/cc - skipped
[6.402s] -- Detecting C compile features
[6.449s] -- Detecting C compile features - done
[6.462s] -- Detecting CXX compiler ABI info
[7.053s] -- Detecting CXX compiler ABI info - done
[7.124s] -- Check for working CXX compiler: /usr/bin/c++ - skipped
[7.124s] -- Detecting CXX compile features
[7.125s] -- Detecting CXX compile features - done
[7.149s] -- Found ament_cmake: 1.3.2 (/opt/ros/humble/share/ament_cmake/cmake)
[7.786s] -- Found Python3: /usr/bin/python3.10 (found version "3.10.6") found components: Interpreter 
[8.210s] -- Found rclpy: 3.3.4 (/opt/ros/humble/share/rclpy/cmake)
[8.223s] -- Found ament_lint_auto: 0.12.4 (/opt/ros/humble/share/ament_lint_auto/cmake)
[8.592s] -- Added test 'flake8' to check Python code syntax and style conventions
[8.605s] -- Added test 'lint_cmake' to check CMake code style
[8.612s] -- Added test 'pep257' to check Python code against some of the docstring style conventions in PEP 257
[8.680s] -- Added test 'xmllint' to check XML markup files
[8.686s] -- Configuring done
[8.692s] -- Generating done
[8.695s] -- Build files have been written to: /home/user/ros2_ws/build/basics_ros2_multithreading
[9.015s] Invoked command in '/home/user/ros2_ws/build/basics_ros2_multithreading' returned '0': CMAKE_PREFIX_PATH=${CMAKE_PREFIX_PATH}:/home/simulations/ros2_sims_ws/install/turtlebot3_teleop:/home/simulations/ros2_sims_ws/install/turtlebot3_example:/home/simulations/ros2_sims_ws/install/services_pkg:/home/user/ros2_ws/install/logs_test:/home/user/ros2_ws/install/actions_quiz:/opt/ros/humble _=/usr/bin/env /usr/bin/cmake /home/user/ros2_ws/src/basics_ros2_multithreading -DCMAKE_INSTALL_PREFIX=/home/user/ros2_ws/install/basics_ros2_multithreading
[9.016s] Invoking command in '/home/user/ros2_ws/build/basics_ros2_multithreading': CMAKE_PREFIX_PATH=${CMAKE_PREFIX_PATH}:/home/simulations/ros2_sims_ws/install/turtlebot3_teleop:/home/simulations/ros2_sims_ws/install/turtlebot3_example:/home/simulations/ros2_sims_ws/install/services_pkg:/home/user/ros2_ws/install/logs_test:/home/user/ros2_ws/install/actions_quiz:/opt/ros/humble _=/usr/bin/env /usr/bin/cmake --build /home/user/ros2_ws/build/basics_ros2_multithreading -- -j8 -l8
[11.276s] Invoked command in '/home/user/ros2_ws/build/basics_ros2_multithreading' returned '0': CMAKE_PREFIX_PATH=${CMAKE_PREFIX_PATH}:/home/simulations/ros2_sims_ws/install/turtlebot3_teleop:/home/simulations/ros2_sims_ws/install/turtlebot3_example:/home/simulations/ros2_sims_ws/install/services_pkg:/home/user/ros2_ws/install/logs_test:/home/user/ros2_ws/install/actions_quiz:/opt/ros/humble _=/usr/bin/env /usr/bin/cmake --build /home/user/ros2_ws/build/basics_ros2_multithreading -- -j8 -l8
[13.294s] Invoking command in '/home/user/ros2_ws/build/basics_ros2_multithreading': CMAKE_PREFIX_PATH=${CMAKE_PREFIX_PATH}:/home/simulations/ros2_sims_ws/install/turtlebot3_teleop:/home/simulations/ros2_sims_ws/install/turtlebot3_example:/home/simulations/ros2_sims_ws/install/services_pkg:/home/user/ros2_ws/install/logs_test:/home/user/ros2_ws/install/actions_quiz:/opt/ros/humble _=/usr/bin/env /usr/bin/cmake --install /home/user/ros2_ws/build/basics_ros2_multithreading
[13.419s] -- Install configuration: ""
[13.419s] -- Installing: /home/user/ros2_ws/install/basics_ros2_multithreading/share/basics_ros2_multithreading/scripts
[13.420s] -- Installing: /home/user/ros2_ws/install/basics_ros2_multithreading/share/basics_ros2_multithreading/scripts/haarcascade_frontalface.xml
[13.420s] -- Installing: /home/user/ros2_ws/install/basics_ros2_multithreading/share/basics_ros2_multithreading/scripts/callback_function.py
[13.420s] -- Installing: /home/user/ros2_ws/install/basics_ros2_multithreading/share/basics_ros2_multithreading/scripts/face_searcher_multithreading_callbackgroups.py
[13.420s] -- Installing: /home/user/ros2_ws/install/basics_ros2_multithreading/share/basics_ros2_multithreading/scripts/function.py
[13.420s] -- Installing: /home/user/ros2_ws/install/basics_ros2_multithreading/share/basics_ros2_multithreading/scripts/deepbot_movehead.py
[13.421s] -- Installing: /home/user/ros2_ws/install/basics_ros2_multithreading/share/basics_ros2_multithreading/scripts/yello_tshirt_detector.py
[13.421s] -- Installing: /home/user/ros2_ws/install/basics_ros2_multithreading/share/basics_ros2_multithreading/scripts/face_searcher_multithreading.py
[13.421s] -- Installing: /home/user/ros2_ws/install/basics_ros2_multithreading/share/basics_ros2_multithreading/scripts/face_searcher.py
[13.421s] -- Installing: /home/user/ros2_ws/install/basics_ros2_multithreading/share/basics_ros2_multithreading/scripts/callback_spinonce_function.py
[13.422s] -- Installing: /home/user/ros2_ws/install/basics_ros2_multithreading/share/basics_ros2_multithreading/launch
[13.422s] -- Installing: /home/user/ros2_ws/install/basics_ros2_multithreading/share/basics_ros2_multithreading/launch/callback_function.launch.py
[13.422s] -- Installing: /home/user/ros2_ws/install/basics_ros2_multithreading/share/basics_ros2_multithreading/launch/launch
[13.422s] -- Installing: /home/user/ros2_ws/install/basics_ros2_multithreading/share/basics_ros2_multithreading/launch/launch/boot
[13.422s] -- Installing: /home/user/ros2_ws/install/basics_ros2_multithreading/share/basics_ros2_multithreading/launch/launch/.dockerenv
[13.424s] -- Installing: /home/user/ros2_ws/install/basics_ros2_multithreading/share/basics_ros2_multithreading/launch/launch/dev
[13.424s] -- Installing: /home/user/ros2_ws/install/basics_ros2_multithreading/share/basics_ros2_multithreading/launch/launch/dev/core
[13.424s] -- Installing: /home/user/ros2_ws/install/basics_ros2_multithreading/share/basics_ros2_multithreading/launch/launch/bin
[13.424s] -- Installing: /home/user/ros2_ws/install/basics_ros2_multithreading/share/basics_ros2_multithreading/launch/launch/bin/clang-refactor-14
[13.424s] -- Installing: /home/user/ros2_ws/install/basics_ros2_multithreading/share/basics_ros2_multithreading/launch/launch/bin/sudoreplay
[13.425s] -- Installing: /home/user/ros2_ws/install/basics_ros2_multithreading/share/basics_ros2_multithreading/launch/launch/bin/mawk
[13.425s] -- Installing: /home/user/ros2_ws/install/basics_ros2_multithreading/share/basics_ros2_multithreading/launch/launch/bin/dwp
[13.425s] -- Installing: /home/user/ros2_ws/install/basics_ros2_multithreading/share/basics_ros2_multithreading/launch/launch/bin/x86_64-linux-gnu-ar
[13.425s] -- Installing: /home/user/ros2_ws/install/basics_ros2_multithreading/share/basics_ros2_multithreading/launch/launch/bin/gpg-connect-agent
[13.425s] -- Installing: /home/user/ros2_ws/install/basics_ros2_multithreading/share/basics_ros2_multithreading/launch/launch/bin/x86_64-linux-gnu-objdump
[13.425s] -- Installing: /home/user/ros2_ws/install/basics_ros2_multithreading/share/basics_ros2_multithreading/launch/launch/bin/apt-mark
[13.426s] -- Installing: /home/user/ros2_ws/install/basics_ros2_multithreading/share/basics_ros2_multithreading/launch/launch/bin/fallocate
[13.426s] -- Installing: /home/user/ros2_ws/install/basics_ros2_multithreading/share/basics_ros2_multithreading/launch/launch/bin/dpkg-statoverride
[13.426s] -- Installing: /home/user/ros2_ws/install/basics_ros2_multithreading/share/basics_ros2_multithreading/launch/launch/bin/pgrep
[13.426s] -- Installing: /home/user/ros2_ws/install/basics_ros2_multithreading/share/basics_ros2_multithreading/launch/launch/bin/paste
[13.427s] -- Installing: /home/user/ros2_ws/install/basics_ros2_multithreading/share/basics_ros2_multithreading/launch/launch/bin/x86_64-linux-gnu-ld
[13.427s] -- Installing: /home/user/ros2_ws/install/basics_ros2_multithreading/share/basics_ros2_multithreading/launch/launch/bin/ps
[13.432s] -- Installing: /home/user/ros2_ws/install/basics_ros2_multithreading/share/basics_ros2_multithreading/launch/launch/bin/clang-include-fixer-14
[13.432s] -- Installing: /home/user/ros2_ws/install/basics_ros2_multithreading/share/basics_ros2_multithreading/launch/launch/bin/lslocks
[13.432s] -- Installing: /home/user/ros2_ws/install/basics_ros2_multithreading/share/basics_ros2_multithreading/launch/launch/bin/lsattr
[13.432s] -- Installing: /home/user/ros2_ws/install/basics_ros2_multithreading/share/basics_ros2_multithreading/launch/launch/bin/infocmp
[13.432s] -- Installing: /home/user/ros2_ws/install/basics_ros2_multithreading/share/basics_ros2_multithreading/launch/launch/bin/nisdomainname
[13.432s] -- Installing: /home/user/ros2_ws/install/basics_ros2_multithreading/share/basics_ros2_multithreading/launch/launch/bin/x86_64-linux-gnu-ld.gold
[13.432s] -- Installing: /home/user/ros2_ws/install/basics_ros2_multithreading/share/basics_ros2_multithreading/launch/launch/bin/g++
[13.432s] -- Installing: /home/user/ros2_ws/install/basics_ros2_multithreading/share/basics_ros2_multithreading/launch/launch/bin/x86_64-linux-gnu-objcopy
[13.432s] -- Installing: /home/user/ros2_ws/install/basics_ros2_multithreading/share/basics_ros2_multithreading/launch/launch/bin/gzexe
[13.440s] -- Installing: /home/user/ros2_ws/install/basics_ros2_multithreading/share/basics_ros2_multithreading/launch/launch/bin/login
[13.440s] -- Installing: /home/user/ros2_ws/install/basics_ros2_multithreading/share/basics_ros2_multithreading/launch/launch/bin/gcc-ar-9
[13.440s] -- Installing: /home/user/ros2_ws/install/basics_ros2_multithreading/share/basics_ros2_multithreading/launch/launch/bin/c++filt
[13.440s] -- Installing: /home/user/ros2_ws/install/basics_ros2_multithreading/share/basics_ros2_multithreading/launch/launch/bin/pldd
[13.440s] -- Installing: /home/user/ros2_ws/install/basics_ros2_multithreading/share/basics_ros2_multithreading/launch/launch/bin/pinentry-curses
[13.441s] -- Installing: /home/user/ros2_ws/install/basics_ros2_multithreading/share/basics_ros2_multithreading/launch/launch/bin/setterm
[13.441s] -- Installing: /home/user/ros2_ws/install/basics_ros2_multithreading/share/basics_ros2_multithreading/launch/launch/bin/migrate-pubring-from-classic-gpg
[13.441s] -- Installing: /home/user/ros2_ws/install/basics_ros2_multithreading/share/basics_ros2_multithreading/launch/launch/bin/uname
[13.441s] -- Installing: /home/user/ros2_ws/install/basics_ros2_multithreading/share/basics_ros2_multithreading/launch/launch/bin/asan_symbolize-14
[13.441s] -- Installing: /home/user/ros2_ws/install/basics_ros2_multithreading/share/basics_ros2_multithreading/launch/launch/bin/whoami
[13.441s] -- Installing: /home/user/ros2_ws/install/basics_ros2_multithreading/share/basics_ros2_multithreading/launch/launch/bin/man
[13.441s] -- Installing: /home/user/ros2_ws/install/basics_ros2_multithreading/share/basics_ros2_multithreading/launch/launch/bin/sensible-browser
[13.441s] -- Installing: /home/user/ros2_ws/install/basics_ros2_multithreading/share/basics_ros2_multithreading/launch/launch/bin/python3-config
[13.441s] -- Installing: /home/user/ros2_ws/install/basics_ros2_multithreading/share/basics_ros2_multithreading/launch/launch/bin/dd
[13.441s] -- Installing: /home/user/ros2_ws/install/basics_ros2_multithreading/share/basics_ros2_multithreading/launch/launch/bin/sensible-editor
[13.441s] -- Installing: /home/user/ros2_ws/install/basics_ros2_multithreading/share/basics_ros2_multithreading/launch/launch/bin/rpcgen
[13.441s] -- Installing: /home/user/ros2_ws/install/basics_ros2_multithreading/share/basics_ros2_multithreading/launch/launch/bin/chgrp
[13.442s] -- Installing: /home/user/ros2_ws/install/basics_ros2_multithreading/share/basics_ros2_multithreading/launch/launch/bin/nproc
[13.442s] -- Installing: /home/user/ros2_ws/install/basics_ros2_multithreading/share/basics_ros2_multithreading/launch/launch/bin/x86_64-linux-gnu-g++-9
[13.442s] -- Installing: /home/user/ros2_ws/install/basics_ros2_multithreading/share/basics_ros2_multithreading/launch/launch/bin/clang-doc-14
[13.442s] -- Installing: /home/user/ros2_ws/install/basics_ros2_multithreading/share/basics_ros2_multithreading/launch/launch/bin/reset
[13.442s] -- Installing: /home/user/ros2_ws/install/basics_ros2_multithreading/share/basics_ros2_multithreading/launch/launch/bin/c_rehash
[13.442s] -- Installing: /home/user/ros2_ws/install/basics_ros2_multithreading/share/basics_ros2_multithreading/launch/launch/bin/expiry
[13.442s] -- Installing: /home/user/ros2_ws/install/basics_ros2_multithreading/share/basics_ros2_multithreading/launch/launch/bin/pp-trace-14
[13.443s] -- Installing: /home/user/ros2_ws/install/basics_ros2_multithreading/share/basics_ros2_multithreading/launch/launch/bin/printf
[13.443s] -- Installing: /home/user/ros2_ws/install/basics_ros2_multithreading/share/basics_ros2_multithreading/launch/launch/bin/mkdir
[13.443s] -- Installing: /home/user/ros2_ws/install/basics_ros2_multithreading/share/basics_ros2_multithreading/launch/launch/bin/bunzip2
[13.444s] -- Installing: /home/user/ros2_ws/install/basics_ros2_multithreading/share/basics_ros2_multithreading/launch/launch/bin/awk
[13.444s] -- Installing: /home/user/ros2_ws/install/basics_ros2_multithreading/share/basics_ros2_multithreading/launch/launch/bin/bzip2
[13.444s] -- Installing: /home/user/ros2_ws/install/basics_ros2_multithreading/share/basics_ros2_multithreading/launch/launch/bin/last
[13.444s] -- Installing: /home/user/ros2_ws/install/basics_ros2_multithreading/share/basics_ros2_multithreading/launch/launch/bin/pygettext3.8
[13.444s] -- Installing: /home/user/ros2_ws/install/basics_ros2_multithreading/share/basics_ros2_multithreading/launch/launch/bin/clear
[13.444s] -- Installing: /home/user/ros2_ws/install/basics_ros2_multithreading/share/basics_ros2_multithreading/launch/launch/bin/sprof
[13.444s] -- Installing: /home/user/ros2_ws/install/basics_ros2_multithreading/share/basics_ros2_multithreading/launch/launch/bin/x86_64-linux-gnu-dwp
[13.446s] -- Installing: /home/user/ros2_ws/install/basics_ros2_multithreading/share/basics_ros2_multithreading/launch/launch/bin/apt-sortpkgs
[13.448s] -- Installing: /home/user/ros2_ws/install/basics_ros2_multithreading/share/basics_ros2_multithreading/launch/launch/bin/py3versions
[13.448s] -- Installing: /home/user/ros2_ws/install/basics_ros2_multithreading/share/basics_ros2_multithreading/launch/launch/bin/x86_64
[13.448s] -- Installing: /home/user/ros2_ws/install/basics_ros2_multithreading/share/basics_ros2_multithreading/launch/launch/bin/hwasan_symbolize-14
[13.448s] -- Installing: /home/user/ros2_ws/install/basics_ros2_multithreading/share/basics_ros2_multithreading/launch/launch/bin/dirmngr
[13.450s] -- Installing: /home/user/ros2_ws/install/basics_ros2_multithreading/share/basics_ros2_multithreading/launch/launch/bin/more
[13.450s] -- Installing: /home/user/ros2_ws/install/basics_ros2_multithreading/share/basics_ros2_multithreading/launch/launch/bin/pager
[13.450s] -- Installing: /home/user/ros2_ws/install/basics_ros2_multithreading/share/basics_ros2_multithreading/launch/launch/bin/clang-linker-wrapper-14
[13.451s] -- Installing: /home/user/ros2_ws/install/basics_ros2_multithreading/share/basics_ros2_multithreading/launch/launch/bin/print
[13.451s] -- Installing: /home/user/ros2_ws/install/basics_ros2_multithreading/share/basics_ros2_multithreading/launch/launch/bin/objdump
[13.465s] -- Installing: /home/user/ros2_ws/install/basics_ros2_multithreading/share/basics_ros2_multithreading/launch/launch/bin/expr
[13.465s] -- Installing: /home/user/ros2_ws/install/basics_ros2_multithreading/share/basics_ros2_multithreading/launch/launch/bin/md5sum
[13.465s] -- Installing: /home/user/ros2_ws/install/basics_ros2_multithreading/share/basics_ros2_multithreading/launch/launch/bin/gold
[13.469s] -- Installing: /home/user/ros2_ws/install/basics_ros2_multithreading/share/basics_ros2_multithreading/launch/launch/bin/logname
[13.471s] -- Installing: /home/user/ros2_ws/install/basics_ros2_multithreading/share/basics_ros2_multithreading/launch/launch/bin/gpg
[13.471s] -- Installing: /home/user/ros2_ws/install/basics_ros2_multithreading/share/basics_ros2_multithreading/launch/launch/bin/apt-key
[13.472s] -- Installing: /home/user/ros2_ws/install/basics_ros2_multithreading/share/basics_ros2_multithreading/launch/launch/bin/tail
[13.472s] -- Installing: /home/user/ros2_ws/install/basics_ros2_multithreading/share/basics_ros2_multithreading/launch/launch/bin/addpart
[13.472s] -- Installing: /home/user/ros2_ws/install/basics_ros2_multithreading/share/basics_ros2_multithreading/launch/launch/bin/skill
[13.472s] -- Installing: /home/user/ros2_ws/install/basics_ros2_multithreading/share/basics_ros2_multithreading/launch/launch/bin/logger
[13.472s] -- Installing: /home/user/ros2_ws/install/basics_ros2_multithreading/share/basics_ros2_multithreading/launch/launch/bin/c++
[13.475s] -- Installing: /home/user/ros2_ws/install/basics_ros2_multithreading/share/basics_ros2_multithreading/launch/launch/bin/nl
[13.475s] -- Installing: /home/user/ros2_ws/install/basics_ros2_multithreading/share/basics_ros2_multithreading/launch/launch/bin/x86_64-linux-gnu-gcc
[13.482s] -- Installing: /home/user/ros2_ws/install/basics_ros2_multithreading/share/basics_ros2_multithreading/launch/launch/bin/false
[13.482s] -- Installing: /home/user/ros2_ws/install/basics_ros2_multithreading/share/basics_ros2_multithreading/launch/launch/bin/x86_64-linux-gnu-ld.bfd
[13.483s] -- Installing: /home/user/ros2_ws/install/basics_ros2_multithreading/share/basics_ros2_multithreading/launch/launch/bin/x86_64-linux-gnu-gcov-dump
[13.483s] -- Installing: /home/user/ros2_ws/install/basics_ros2_multithreading/share/basics_ros2_multithreading/launch/launch/bin/umount
[13.483s] -- Installing: /home/user/ros2_ws/install/basics_ros2_multithreading/share/basics_ros2_multithreading/launch/launch/bin/pwd
[13.484s] -- Installing: /home/user/ros2_ws/install/basics_ros2_multithreading/share/basics_ros2_multithreading/launch/launch/bin/kbxutil
[13.485s] -- Installing: /home/user/ros2_ws/install/basics_ros2_multithreading/share/basics_ros2_multithreading/launch/launch/bin/truncate
[13.485s] -- Installing: /home/user/ros2_ws/install/basics_ros2_multithreading/share/basics_ros2_multithreading/launch/launch/bin/zgrep
[13.485s] -- Installing: /home/user/ros2_ws/install/basics_ros2_multithreading/share/basics_ros2_multithreading/launch/launch/bin/mount
[13.485s] -- Installing: /home/user/ros2_ws/install/basics_ros2_multithreading/share/basics_ros2_multithreading/launch/launch/bin/getopt
[13.485s] -- Installing: /home/user/ros2_ws/install/basics_ros2_multithreading/share/basics_ros2_multithreading/launch/launch/bin/factor
[13.488s] -- Installing: /home/user/ros2_ws/install/basics_ros2_multithreading/share/basics_ros2_multithreading/launch/launch/bin/zforce
[13.488s] -- Installing: /home/user/ros2_ws/install/basics_ros2_multithreading/share/basics_ros2_multithreading/launch/launch/bin/infotocap
[13.488s] -- Installing: /home/user/ros2_ws/install/basics_ros2_multithreading/share/basics_ros2_multithreading/launch/launch/bin/x86_64-linux-gnu-gcc-ranlib-9
[13.488s] -- Installing: /home/user/ros2_ws/install/basics_ros2_multithreading/share/basics_ros2_multithreading/launch/launch/bin/diagtool-14
[13.488s] -- Installing: /home/user/ros2_ws/install/basics_ros2_multithreading/share/basics_ros2_multithreading/launch/launch/bin/clang-move-14
[13.488s] -- Installing: /home/user/ros2_ws/install/basics_ros2_multithreading/share/basics_ros2_multithreading/launch/launch/bin/chage
[13.489s] -- Installing: /home/user/ros2_ws/install/basics_ros2_multithreading/share/basics_ros2_multithreading/launch/launch/bin/ld.gold
[13.495s] -- Installing: /home/user/ros2_ws/install/basics_ros2_multithreading/share/basics_ros2_multithreading/launch/launch/bin/clang-14
[13.495s] -- Installing: /home/user/ros2_ws/install/basics_ros2_multithreading/share/basics_ros2_multithreading/launch/launch/bin/tempfile
[13.495s] -- Installing: /home/user/ros2_ws/install/basics_ros2_multithreading/share/basics_ros2_multithreading/launch/launch/bin/script
[13.495s] -- Installing: /home/user/ros2_ws/install/basics_ros2_multithreading/share/basics_ros2_multithreading/launch/launch/bin/du
[13.496s] -- Installing: /home/user/ros2_ws/install/basics_ros2_multithreading/share/basics_ros2_multithreading/launch/launch/bin/getent
[13.496s] -- Installing: /home/user/ros2_ws/install/basics_ros2_multithreading/share/basics_ros2_multithreading/launch/launch/bin/pinentry
[13.496s] -- Installing: /home/user/ros2_ws/install/basics_ros2_multithreading/share/basics_ros2_multithreading/launch/launch/bin/x86_64-linux-gnu-python3.8-config
[13.496s] -- Installing: /home/user/ros2_ws/install/basics_ros2_multithreading/share/basics_ros2_multithreading/launch/launch/bin/python3.8-config
[13.496s] -- Installing: /home/user/ros2_ws/install/basics_ros2_multithreading/share/basics_ros2_multithreading/launch/launch/bin/debconf-show
[13.496s] -- Installing: /home/user/ros2_ws/install/basics_ros2_multithreading/share/basics_ros2_multithreading/launch/launch/bin/sotruss
[13.496s] -- Installing: /home/user/ros2_ws/install/basics_ros2_multithreading/share/basics_ros2_multithreading/launch/launch/bin/chrt
[13.496s] -- Installing: /home/user/ros2_ws/install/basics_ros2_multithreading/share/basics_ros2_multithreading/launch/launch/bin/printenv
[13.496s] -- Installing: /home/user/ros2_ws/install/basics_ros2_multithreading/share/basics_ros2_multithreading/launch/launch/bin/df
[13.497s] -- Installing: /home/user/ros2_ws/install/basics_ros2_multithreading/share/basics_ros2_multithreading/launch/launch/bin/clear_console
[13.497s] -- Installing: /home/user/ros2_ws/install/basics_ros2_multithreading/share/basics_ros2_multithreading/launch/launch/bin/mesg
[13.497s] -- Installing: /home/user/ros2_ws/install/basics_ros2_multithreading/share/basics_ros2_multithreading/launch/launch/bin/ls
[13.505s] -- Installing: /home/user/ros2_ws/install/basics_ros2_multithreading/share/basics_ros2_multithreading/launch/launch/bin/gcc-ar
[13.505s] -- Installing: /home/user/ros2_ws/install/basics_ros2_multithreading/share/basics_ros2_multithreading/launch/launch/bin/pwdx
[13.505s] -- Installing: /home/user/ros2_ws/install/basics_ros2_multithreading/share/basics_ros2_multithreading/launch/launch/bin/bzmore
[13.505s] -- Installing: /home/user/ros2_ws/install/basics_ros2_multithreading/share/basics_ros2_multithreading/launch/launch/bin/debconf
[13.505s] -- Installing: /home/user/ros2_ws/install/basics_ros2_multithreading/share/basics_ros2_multithreading/launch/launch/bin/tload
[13.505s] -- Installing: /home/user/ros2_ws/install/basics_ros2_multithreading/share/basics_ros2_multithreading/launch/launch/bin/debconf-communicate
[13.505s] -- Installing: /home/user/ros2_ws/install/basics_ros2_multithreading/share/basics_ros2_multithreading/launch/launch/bin/c99
[13.505s] -- Installing: /home/user/ros2_ws/install/basics_ros2_multithreading/share/basics_ros2_multithreading/launch/launch/bin/rev
[13.506s] -- Installing: /home/user/ros2_ws/install/basics_ros2_multithreading/share/basics_ros2_multithreading/launch/launch/bin/xargs
[13.506s] -- Installing: /home/user/ros2_ws/install/basics_ros2_multithreading/share/basics_ros2_multithreading/launch/launch/bin/clang-repl-14
[13.506s] -- Installing: /home/user/ros2_ws/install/basics_ros2_multithreading/share/basics_ros2_multithreading/launch/launch/bin/strip
[13.506s] -- Installing: /home/user/ros2_ws/install/basics_ros2_multithreading/share/basics_ros2_multithreading/launch/launch/bin/dash
[13.506s] -- Installing: /home/user/ros2_ws/install/basics_ros2_multithreading/share/basics_ros2_multithreading/launch/launch/bin/rbash
[13.506s] -- Installing: /home/user/ros2_ws/install/basics_ros2_multithreading/share/basics_ros2_multithreading/launch/launch/bin/tar
[13.507s] -- Installing: /home/user/ros2_ws/install/basics_ros2_multithreading/share/basics_ros2_multithreading/launch/launch/bin/bzdiff
[13.507s] -- Installing: /home/user/ros2_ws/install/basics_ros2_multithreading/share/basics_ros2_multithreading/launch/launch/bin/pygettext3
[13.507s] -- Installing: /home/user/ros2_ws/install/basics_ros2_multithreading/share/basics_ros2_multithreading/launch/launch/bin/gpgconf
[13.507s] -- Installing: /home/user/ros2_ws/install/basics_ros2_multithreading/share/basics_ros2_multithreading/launch/launch/bin/unlink
[13.507s] -- Installing: /home/user/ros2_ws/install/basics_ros2_multithreading/share/basics_ros2_multithreading/launch/launch/bin/basename
[13.507s] -- Installing: /home/user/ros2_ws/install/basics_ros2_multithreading/share/basics_ros2_multithreading/launch/launch/bin/timeout
[13.507s] -- Installing: /home/user/ros2_ws/install/basics_ros2_multithreading/share/basics_ros2_multithreading/launch/launch/bin/unexpand
[13.507s] -- Installing: /home/user/ros2_ws/install/basics_ros2_multithreading/share/basics_ros2_multithreading/launch/launch/bin/catchsegv
[13.507s] -- Installing: /home/user/ros2_ws/install/basics_ros2_multithreading/share/basics_ros2_multithreading/launch/launch/bin/gpgtar
[13.507s] -- Installing: /home/user/ros2_ws/install/basics_ros2_multithreading/share/basics_ros2_multithreading/launch/launch/bin/yes
[13.508s] -- Installing: /home/user/ros2_ws/install/basics_ros2_multithreading/share/basics_ros2_multithreading/launch/launch/bin/flock
[13.508s] -- Installing: /home/user/ros2_ws/install/basics_ros2_multithreading/share/basics_ros2_multithreading/launch/launch/bin/sh
[13.508s] -- Installing: /home/user/ros2_ws/install/basics_ros2_multithreading/share/basics_ros2_multithreading/launch/launch/bin/tac
[13.509s] -- Installing: /home/user/ros2_ws/install/basics_ros2_multithreading/share/basics_ros2_multithreading/launch/launch/bin/tzselect
[13.509s] -- Installing: /home/user/ros2_ws/install/basics_ros2_multithreading/share/basics_ros2_multithreading/launch/launch/bin/wdctl
[13.509s] -- Installing: /home/user/ros2_ws/install/basics_ros2_multithreading/share/basics_ros2_multithreading/launch/launch/bin/stdbuf
[13.509s] -- Installing: /home/user/ros2_ws/install/basics_ros2_multithreading/share/basics_ros2_multithreading/launch/launch/bin/tr
[13.509s] -- Installing: /home/user/ros2_ws/install/basics_ros2_multithreading/share/basics_ros2_multithreading/launch/launch/bin/locale
[13.509s] -- Installing: /home/user/ros2_ws/install/basics_ros2_multithreading/share/basics_ros2_multithreading/launch/launch/bin/mv
[13.509s] -- Installing: /home/user/ros2_ws/install/basics_ros2_multithreading/share/basics_ros2_multithreading/launch/launch/bin/openssl
[13.548s] -- Installing: /home/user/ros2_ws/install/basics_ros2_multithreading/share/basics_ros2_multithreading/launch/launch/bin/x86_64-linux-gnu-gcov-tool
[13.548s] -- Installing: /home/user/ros2_ws/install/basics_ros2_multithreading/share/basics_ros2_multithreading/launch/launch/bin/apt-cdrom
[13.548s] -- Installing: /home/user/ros2_ws/install/basics_ros2_multithreading/share/basics_ros2_multithreading/launch/launch/bin/zcmp
[13.548s] -- Installing: /home/user/ros2_ws/install/basics_ros2_multithreading/share/basics_ros2_multithreading/launch/launch/bin/cvtsudoers
[13.548s] -- Installing: /home/user/ros2_ws/install/basics_ros2_multithreading/share/basics_ros2_multithreading/launch/launch/bin/strings
[13.548s] -- Installing: /home/user/ros2_ws/install/basics_ros2_multithreading/share/basics_ros2_multithreading/launch/launch/bin/x86_64-linux-gnu-cpp
[13.548s] -- Installing: /home/user/ros2_ws/install/basics_ros2_multithreading/share/basics_ros2_multithreading/launch/launch/bin/true
[13.549s] -- Installing: /home/user/ros2_ws/install/basics_ros2_multithreading/share/basics_ros2_multithreading/launch/launch/bin/clang
[13.549s] -- Installing: /home/user/ros2_ws/install/basics_ros2_multithreading/share/basics_ros2_multithreading/launch/launch/bin/apt-config
[13.549s] -- Installing: /home/user/ros2_ws/install/basics_ros2_multithreading/share/basics_ros2_multithreading/launch/launch/bin/dpkg-divert
[13.549s] -- Installing: /home/user/ros2_ws/install/basics_ros2_multithreading/share/basics_ros2_multithreading/launch/launch/bin/diff
[13.549s] -- Installing: /home/user/ros2_ws/install/basics_ros2_multithreading/share/basics_ros2_multithreading/launch/launch/bin/uniq
[13.549s] -- Installing: /home/user/ros2_ws/install/basics_ros2_multithreading/share/basics_ros2_multithreading/launch/launch/bin/sed
[13.550s] -- Installing: /home/user/ros2_ws/install/basics_ros2_multithreading/share/basics_ros2_multithreading/launch/launch/bin/delpart
[13.550s] -- Installing: /home/user/ros2_ws/install/basics_ros2_multithreading/share/basics_ros2_multithreading/launch/launch/bin/watchgnupg
[13.551s] -- Installing: /home/user/ros2_ws/install/basics_ros2_multithreading/share/basics_ros2_multithreading/launch/launch/bin/stty
[13.551s] -- Installing: /home/user/ros2_ws/install/basics_ros2_multithreading/share/basics_ros2_multithreading/launch/launch/bin/clang-offload-bundler-14
[13.551s] -- Installing: /home/user/ros2_ws/install/basics_ros2_multithreading/share/basics_ros2_multithreading/launch/launch/bin/lsipc
[13.551s] -- Installing: /home/user/ros2_ws/install/basics_ros2_multithreading/share/basics_ros2_multithreading/launch/launch/bin/as
[13.551s] -- Installing: /home/user/ros2_ws/install/basics_ros2_multithreading/share/basics_ros2_multithreading/launch/launch/bin/csplit
[13.551s] -- Installing: /home/user/ros2_ws/install/basics_ros2_multithreading/share/basics_ros2_multithreading/launch/launch/bin/lsblk
[13.551s] -- Installing: /home/user/ros2_ws/install/basics_ros2_multithreading/share/basics_ros2_multithreading/launch/launch/bin/x86_64-linux-gnu-gprof
[13.552s] -- Installing: /home/user/ros2_ws/install/basics_ros2_multithreading/share/basics_ros2_multithreading/launch/launch/bin/gcc-nm-9
[13.552s] -- Installing: /home/user/ros2_ws/install/basics_ros2_multithreading/share/basics_ros2_multithreading/launch/launch/bin/scan-build-py-14
[13.553s] -- Installing: /home/user/ros2_ws/install/basics_ros2_multithreading/share/basics_ros2_multithreading/launch/launch/bin/dpkg-deb
[13.553s] -- Installing: /home/user/ros2_ws/install/basics_ros2_multithreading/share/basics_ros2_multithreading/launch/launch/bin/ptx
[13.554s] -- Installing: /home/user/ros2_ws/install/basics_ros2_multithreading/share/basics_ros2_multithreading/launch/launch/bin/dirname
[13.554s] -- Installing: /home/user/ros2_ws/install/basics_ros2_multithreading/share/basics_ros2_multithreading/launch/launch/bin/dpkg-query
[13.554s] -- Installing: /home/user/ros2_ws/install/basics_ros2_multithreading/share/basics_ros2_multithreading/launch/launch/bin/x86_64-linux-gnu-ranlib
[13.554s] -- Installing: /home/user/ros2_ws/install/basics_ros2_multithreading/share/basics_ros2_multithreading/launch/launch/bin/gcov-tool
[13.561s] -- Installing: /home/user/ros2_ws/install/basics_ros2_multithreading/share/basics_ros2_multithreading/launch/launch/bin/clang-nvlink-wrapper-14
[13.561s] -- Installing: /home/user/ros2_ws/install/basics_ros2_multithreading/share/basics_ros2_multithreading/launch/launch/bin/zdump
[13.561s] -- Installing: /home/user/ros2_ws/install/basics_ros2_multithreading/share/basics_ros2_multithreading/launch/launch/bin/apt-cache
[13.561s] -- Installing: /home/user/ros2_ws/install/basics_ros2_multithreading/share/basics_ros2_multithreading/launch/launch/bin/x86_64-linux-gnu-as
[13.561s] -- Installing: /home/user/ros2_ws/install/basics_ros2_multithreading/share/basics_ros2_multithreading/launch/launch/bin/domainname
[13.561s] -- Installing: /home/user/ros2_ws/install/basics_ros2_multithreading/share/basics_ros2_multithreading/launch/launch/bin/sha224sum
[13.561s] -- Installing: /home/user/ros2_ws/install/basics_ros2_multithreading/share/basics_ros2_multithreading/launch/launch/bin/sha1sum
[13.562s] -- Installing: /home/user/ros2_ws/install/basics_ros2_multithreading/share/basics_ros2_multithreading/launch/launch/bin/x86_64-linux-gnu-gold
[13.571s] -- Installing: /home/user/ros2_ws/install/basics_ros2_multithreading/share/basics_ros2_multithreading/launch/launch/bin/nsenter
[13.571s] -- Installing: /home/user/ros2_ws/install/basics_ros2_multithreading/share/basics_ros2_multithreading/launch/launch/bin/lslogins
[13.572s] -- Installing: /home/user/ros2_ws/install/basics_ros2_multithreading/share/basics_ros2_multithreading/launch/launch/bin/chsh
[13.572s] -- Installing: /home/user/ros2_ws/install/basics_ros2_multithreading/share/basics_ros2_multithreading/launch/launch/bin/gpg-wks-server
[13.572s] -- Installing: /home/user/ros2_ws/install/basics_ros2_multithreading/share/basics_ros2_multithreading/launch/launch/bin/toe
[13.572s] -- Installing: /home/user/ros2_ws/install/basics_ros2_multithreading/share/basics_ros2_multithreading/launch/launch/bin/shuf
[13.572s] -- Installing: /home/user/ros2_ws/install/basics_ros2_multithreading/share/basics_ros2_multithreading/launch/launch/bin/c89-gcc
[13.572s] -- Installing: /home/user/ros2_ws/install/basics_ros2_multithreading/share/basics_ros2_multithreading/launch/launch/bin/rename.ul
[13.573s] -- Installing: /home/user/ros2_ws/install/basics_ros2_multithreading/share/basics_ros2_multithreading/launch/launch/bin/rmdir
[13.576s] -- Installing: /home/user/ros2_ws/install/basics_ros2_multithreading/share/basics_ros2_multithreading/launch/launch/bin/pdb3
[13.580s] -- Installing: /home/user/ros2_ws/install/basics_ros2_multithreading/share/basics_ros2_multithreading/launch/launch/bin/x86_64-linux-gnu-nm
[13.580s] -- Installing: /home/user/ros2_ws/install/basics_ros2_multithreading/share/basics_ros2_multithreading/launch/launch/bin/wc
[13.580s] -- Installing: /home/user/ros2_ws/install/basics_ros2_multithreading/share/basics_ros2_multithreading/launch/launch/bin/run-clang-tidy-14.py
[13.580s] -- Installing: /home/user/ros2_ws/install/basics_ros2_multithreading/share/basics_ros2_multithreading/launch/launch/bin/see
[13.580s] -- Installing: /home/user/ros2_ws/install/basics_ros2_multithreading/share/basics_ros2_multithreading/launch/launch/bin/gcc-ranlib
[13.580s] -- Installing: /home/user/ros2_ws/install/basics_ros2_multithreading/share/basics_ros2_multithreading/launch/launch/bin/getconf
[13.581s] -- Installing: /home/user/ros2_ws/install/basics_ros2_multithreading/share/basics_ros2_multithreading/launch/launch/bin/clangd-14
[13.701s] -- Installing: /home/user/ros2_ws/install/basics_ros2_multithreading/share/basics_ros2_multithreading/launch/launch/bin/x86_64-linux-gnu-gcov-dump-9
[13.702s] -- Installing: /home/user/ros2_ws/install/basics_ros2_multithreading/share/basics_ros2_multithreading/launch/launch/bin/findmnt
[13.702s] -- Installing: /home/user/ros2_ws/install/basics_ros2_multithreading/share/basics_ros2_multithreading/launch/launch/bin/ld.bfd
[13.714s] -- Installing: /home/user/ros2_ws/install/basics_ros2_multithreading/share/basics_ros2_multithreading/launch/launch/bin/w.procps
[13.714s] -- Installing: /home/user/ros2_ws/install/basics_ros2_multithreading/share/basics_ros2_multithreading/launch/launch/bin/tset
[13.714s] -- Installing: /home/user/ros2_ws/install/basics_ros2_multithreading/share/basics_ros2_multithreading/launch/launch/bin/scan-build-14
[13.714s] -- Installing: /home/user/ros2_ws/install/basics_ros2_multithreading/share/basics_ros2_multithreading/launch/launch/bin/gpasswd
[13.715s] -- Installing: /home/user/ros2_ws/install/basics_ros2_multithreading/share/basics_ros2_multithreading/launch/launch/bin/gcc
[13.715s] -- Installing: /home/user/ros2_ws/install/basics_ros2_multithreading/share/basics_ros2_multithreading/launch/launch/bin/clang-scan-deps-14
[13.716s] -- Installing: /home/user/ros2_ws/install/basics_ros2_multithreading/share/basics_ros2_multithreading/launch/launch/bin/pdb3.8
[13.717s] -- Installing: /home/user/ros2_ws/install/basics_ros2_multithreading/share/basics_ros2_multithreading/launch/launch/bin/ar
[13.718s] -- Installing: /home/user/ros2_ws/install/basics_ros2_multithreading/share/basics_ros2_multithreading/launch/launch/bin/x86_64-linux-gnu-gcc-ar
[13.718s] -- Installing: /home/user/ros2_ws/install/basics_ros2_multithreading/share/basics_ros2_multithreading/launch/launch/bin/ypdomainname
[13.718s] -- Installing: /home/user/ros2_ws/install/basics_ros2_multithreading/share/basics_ros2_multithreading/launch/launch/bin/pinky
[13.724s] -- Installing: /home/user/ros2_ws/install/basics_ros2_multithreading/share/basics_ros2_multithreading/launch/launch/bin/znew
[13.724s] -- Installing: /home/user/ros2_ws/install/basics_ros2_multithreading/share/basics_ros2_multithreading/launch/launch/bin/clang++-14
[13.724s] -- Installing: /home/user/ros2_ws/install/basics_ros2_multithreading/share/basics_ros2_multithreading/launch/launch/bin/gcov
[13.730s] -- Installing: /home/user/ros2_ws/install/basics_ros2_multithreading/share/basics_ros2_multithreading/launch/launch/bin/sg
[13.730s] -- Installing: /home/user/ros2_ws/install/basics_ros2_multithreading/share/basics_ros2_multithreading/launch/launch/bin/x86_64-linux-gnu-readelf
[13.733s] -- Installing: /home/user/ros2_ws/install/basics_ros2_multithreading/share/basics_ros2_multithreading/launch/launch/bin/realpath
[13.733s] -- Installing: /home/user/ros2_ws/install/basics_ros2_multithreading/share/basics_ros2_multithreading/launch/launch/bin/savelog
[13.734s] -- Installing: /home/user/ros2_ws/install/basics_ros2_multithreading/share/basics_ros2_multithreading/launch/launch/bin/compile_flags_update.sh
[13.734s] -- Installing: /home/user/ros2_ws/install/basics_ros2_multithreading/share/basics_ros2_multithreading/launch/launch/bin/gpgv
[13.735s] -- Installing: /home/user/ros2_ws/install/basics_ros2_multithreading/share/basics_ros2_multithreading/launch/launch/bin/python3.8
[13.752s] -- Installing: /home/user/ros2_ws/install/basics_ros2_multithreading/share/basics_ros2_multithreading/launch/launch/bin/egrep
[13.753s] -- Installing: /home/user/ros2_ws/install/basics_ros2_multithreading/share/basics_ros2_multithreading/launch/launch/bin/gprof
[13.754s] -- Installing: /home/user/ros2_ws/install/basics_ros2_multithreading/share/basics_ros2_multithreading/launch/launch/bin/prlimit
[13.754s] -- Installing: /home/user/ros2_ws/install/basics_ros2_multithreading/share/basics_ros2_multithreading/launch/launch/bin/dpkg-split
[13.755s] -- Installing: /home/user/ros2_ws/install/basics_ros2_multithreading/share/basics_ros2_multithreading/launch/launch/bin/sha256sum
[13.756s] -- Installing: /home/user/ros2_ws/install/basics_ros2_multithreading/share/basics_ros2_multithreading/launch/launch/bin/su
[13.759s] -- Installing: /home/user/ros2_ws/install/basics_ros2_multithreading/share/basics_ros2_multithreading/launch/launch/bin/localedef
[13.759s] -- Installing: /home/user/ros2_ws/install/basics_ros2_multithreading/share/basics_ros2_multithreading/launch/launch/bin/b2sum
[13.760s] -- Installing: /home/user/ros2_ws/install/basics_ros2_multithreading/share/basics_ros2_multithreading/launch/launch/bin/arch
[13.760s] -- Installing: /home/user/ros2_ws/install/basics_ros2_multithreading/share/basics_ros2_multithreading/launch/launch/bin/clang-cpp-14
[13.761s] -- Installing: /home/user/ros2_ws/install/basics_ros2_multithreading/share/basics_ros2_multithreading/launch/launch/bin/tee
[13.761s] -- Installing: /home/user/ros2_ws/install/basics_ros2_multithreading/share/basics_ros2_multithreading/launch/launch/bin/cc
[13.764s] -- Installing: /home/user/ros2_ws/install/basics_ros2_multithreading/share/basics_ros2_multithreading/launch/launch/bin/gcc-nm
[13.764s] -- Installing: /home/user/ros2_ws/install/basics_ros2_multithreading/share/basics_ros2_multithreading/launch/launch/bin/w
[13.765s] -- Installing: /home/user/ros2_ws/install/basics_ros2_multithreading/share/basics_ros2_multithreading/launch/launch/bin/fincore
[13.765s] -- Installing: /home/user/ros2_ws/install/basics_ros2_multithreading/share/basics_ros2_multithreading/launch/launch/bin/lscpu
[13.766s] -- Installing: /home/user/ros2_ws/install/basics_ros2_multithreading/share/basics_ros2_multithreading/launch/launch/bin/sancov-14
[13.766s] -- Installing: /home/user/ros2_ws/install/basics_ros2_multithreading/share/basics_ros2_multithreading/launch/launch/bin/bzfgrep
[13.767s] -- Installing: /home/user/ros2_ws/install/basics_ros2_multithreading/share/basics_ros2_multithreading/launch/launch/bin/test
[13.769s] -- Installing: /home/user/ros2_ws/install/basics_ros2_multithreading/share/basics_ros2_multithreading/launch/launch/bin/tic
[13.769s] -- Installing: /home/user/ros2_ws/install/basics_ros2_multithreading/share/basics_ros2_multithreading/launch/launch/bin/iconv
[13.770s] -- Installing: /home/user/ros2_ws/install/basics_ros2_multithreading/share/basics_ros2_multithreading/launch/launch/bin/clang-change-namespace-14
[13.770s] -- Installing: /home/user/ros2_ws/install/basics_ros2_multithreading/share/basics_ros2_multithreading/launch/launch/bin/tty
[13.771s] -- Installing: /home/user/ros2_ws/install/basics_ros2_multithreading/share/basics_ros2_multithreading/launch/launch/bin/shred
[13.772s] -- Installing: /home/user/ros2_ws/install/basics_ros2_multithreading/share/basics_ros2_multithreading/launch/launch/bin/free
[13.772s] -- Installing: /home/user/ros2_ws/install/basics_ros2_multithreading/share/basics_ros2_multithreading/launch/launch/bin/wall
[13.772s] -- Installing: /home/user/ros2_ws/install/basics_ros2_multithreading/share/basics_ros2_multithreading/launch/launch/bin/pkill
[13.773s] -- Installing: /home/user/ros2_ws/install/basics_ros2_multithreading/share/basics_ros2_multithreading/launch/launch/bin/nm
[13.773s] -- Installing: /home/user/ros2_ws/install/basics_ros2_multithreading/share/basics_ros2_multithreading/launch/launch/bin/captoinfo
[13.774s] -- Installing: /home/user/ros2_ws/install/basics_ros2_multithreading/share/basics_ros2_multithreading/launch/launch/bin/gdb
[13.788s] -- Installing: /home/user/ros2_ws/install/basics_ros2_multithreading/share/basics_ros2_multithreading/launch/launch/bin/watch
[13.788s] -- Installing: /home/user/ros2_ws/install/basics_ros2_multithreading/share/basics_ros2_multithreading/launch/launch/bin/tsort
[13.788s] -- Installing: /home/user/ros2_ws/install/basics_ros2_multithreading/share/basics_ros2_multithreading/launch/launch/bin/vmstat
[13.789s] -- Installing: /home/user/ros2_ws/install/basics_ros2_multithreading/share/basics_ros2_multithreading/launch/launch/bin/x86_64-linux-gnu-gcc-ranlib
[13.789s] -- Installing: /home/user/ros2_ws/install/basics_ros2_multithreading/share/basics_ros2_multithreading/launch/launch/bin/pr
[13.789s] -- Installing: /home/user/ros2_ws/install/basics_ros2_multithreading/share/basics_ros2_multithreading/launch/launch/bin/clang-check-14
[13.790s] -- Installing: /home/user/ros2_ws/install/basics_ros2_multithreading/share/basics_ros2_multithreading/launch/launch/bin/mtrace
[13.790s] -- Installing: /home/user/ros2_ws/install/basics_ros2_multithreading/share/basics_ros2_multithreading/launch/launch/bin/g++-9
[13.793s] -- Installing: /home/user/ros2_ws/install/basics_ros2_multithreading/share/basics_ros2_multithreading/launch/launch/bin/diff3
[13.793s] -- Installing: /home/user/ros2_ws/install/basics_ros2_multithreading/share/basics_ros2_multithreading/launch/launch/bin/tabs
[13.793s] -- Installing: /home/user/ros2_ws/install/basics_ros2_multithreading/share/basics_ros2_multithreading/launch/launch/bin/compose
[13.794s] -- Installing: /home/user/ros2_ws/install/basics_ros2_multithreading/share/basics_ros2_multithreading/launch/launch/bin/gpgsm
[13.794s] -- Installing: /home/user/ros2_ws/install/basics_ros2_multithreading/share/basics_ros2_multithreading/launch/launch/bin/apt
[13.795s] -- Installing: /home/user/ros2_ws/install/basics_ros2_multithreading/share/basics_ros2_multithreading/launch/launch/bin/sensible-pager
[13.795s] -- Installing: /home/user/ros2_ws/install/basics_ros2_multithreading/share/basics_ros2_multithreading/launch/launch/bin/lastlog
[13.795s] -- Installing: /home/user/ros2_ws/install/basics_ros2_multithreading/share/basics_ros2_multithreading/launch/launch/bin/zfgrep
[13.795s] -- Installing: /home/user/ros2_ws/install/basics_ros2_multithreading/share/basics_ros2_multithreading/launch/launch/bin/dpkg-trigger
[13.796s] -- Installing: /home/user/ros2_ws/install/basics_ros2_multithreading/share/basics_ros2_multithreading/launch/launch/bin/mcookie
[13.796s] -- Installing: /home/user/ros2_ws/install/basics_ros2_multithreading/share/basics_ros2_multithreading/launch/launch/bin/expand
[13.796s] -- Installing: /home/user/ros2_ws/install/basics_ros2_multithreading/share/basics_ros2_multithreading/launch/launch/bin/cpp-9
[13.805s] -- Installing: /home/user/ros2_ws/install/basics_ros2_multithreading/share/basics_ros2_multithreading/launch/launch/bin/cat
[13.805s] -- Installing: /home/user/ros2_ws/install/basics_ros2_multithreading/share/basics_ros2_multithreading/launch/launch/bin/ischroot
[13.805s] -- Installing: /home/user/ros2_ws/install/basics_ros2_multithreading/share/basics_ros2_multithreading/launch/launch/bin/ldd
[13.805s] -- Installing: /home/user/ros2_ws/install/basics_ros2_multithreading/share/basics_ros2_multithreading/launch/launch/bin/x86_64-linux-gnu-gcov
[13.849s] -- Installing: /home/user/ros2_ws/install/basics_ros2_multithreading/share/basics_ros2_multithreading/launch/launch/bin/linux64
[13.849s] -- Installing: /home/user/ros2_ws/install/basics_ros2_multithreading/share/basics_ros2_multithreading/launch/launch/bin/stat
[13.849s] -- Installing: /home/user/ros2_ws/install/basics_ros2_multithreading/share/basics_ros2_multithreading/launch/launch/bin/bash
[13.849s] -- Installing: /home/user/ros2_ws/install/basics_ros2_multithreading/share/basics_ros2_multithreading/launch/launch/bin/x86_64-linux-gnu-gcov-9
[13.849s] -- Installing: /home/user/ros2_ws/install/basics_ros2_multithreading/share/basics_ros2_multithreading/launch/launch/bin/md5sum.textutils
[13.850s] -- Installing: /home/user/ros2_ws/install/basics_ros2_multithreading/share/basics_ros2_multithreading/launch/launch/bin/wget
[13.850s] -- Installing: /home/user/ros2_ws/install/basics_ros2_multithreading/share/basics_ros2_multithreading/launch/launch/bin/clang++
[13.855s] -- Installing: /home/user/ros2_ws/install/basics_ros2_multithreading/share/basics_ros2_multithreading/launch/launch/bin/od
[13.855s] -- Installing: /home/user/ros2_ws/install/basics_ros2_multithreading/share/basics_ros2_multithreading/launch/launch/bin/py3compile
[13.855s] -- Installing: /home/user/ros2_ws/install/basics_ros2_multithreading/share/basics_ros2_multithreading/launch/launch/bin/clang-apply-replacements-14
[13.855s] -- Installing: /home/user/ros2_ws/install/basics_ros2_multithreading/share/basics_ros2_multithreading/launch/launch/bin/touch
[13.857s] -- Installing: /home/user/ros2_ws/install/basics_ros2_multithreading/share/basics_ros2_multithreading/launch/launch/bin/mktemp
[13.857s] -- Installing: /home/user/ros2_ws/install/basics_ros2_multithreading/share/basics_ros2_multithreading/launch/launch/bin/x86_64-linux-gnu-g++
[13.863s] -- Installing: /home/user/ros2_ws/install/basics_ros2_multithreading/share/basics_ros2_multithreading/launch/launch/bin/bzgrep
[13.865s] -- Installing: /home/user/ros2_ws/install/basics_ros2_multithreading/share/basics_ros2_multithreading/launch/launch/bin/date
[13.865s] -- Installing: /home/user/ros2_ws/install/basics_ros2_multithreading/share/basics_ros2_multithreading/launch/launch/bin/who
[13.865s] -- Installing: /home/user/ros2_ws/install/basics_ros2_multithreading/share/basics_ros2_multithreading/launch/launch/bin/x86_64-linux-gnu-addr2line
[13.867s] -- Installing: /home/user/ros2_ws/install/basics_ros2_multithreading/share/basics_ros2_multithreading/launch/launch/bin/find
[13.867s] -- Installing: /home/user/ros2_ws/install/basics_ros2_multithreading/share/basics_ros2_multithreading/launch/launch/bin/c89
[13.868s] -- Installing: /home/user/ros2_ws/install/basics_ros2_multithreading/share/basics_ros2_multithreading/launch/launch/bin/x86_64-linux-gnu-gcov-tool-9
[13.874s] -- Installing: /home/user/ros2_ws/install/basics_ros2_multithreading/share/basics_ros2_multithreading/launch/launch/bin/fmt
[13.874s] -- Installing: /home/user/ros2_ws/install/basics_ros2_multithreading/share/basics_ros2_multithreading/launch/launch/bin/clang-cl-14
[13.874s] -- Installing: /home/user/ros2_ws/install/basics_ros2_multithreading/share/basics_ros2_multithreading/launch/launch/bin/edit
[13.874s] -- Installing: /home/user/ros2_ws/install/basics_ros2_multithreading/share/basics_ros2_multithreading/launch/launch/bin/clang-tidy-14
[13.966s] -- Installing: /home/user/ros2_ws/install/basics_ros2_multithreading/share/basics_ros2_multithreading/launch/launch/bin/objcopy
[13.967s] -- Installing: /home/user/ros2_ws/install/basics_ros2_multithreading/share/basics_ros2_multithreading/launch/launch/bin/apt-extracttemplates
[13.967s] -- Installing: /home/user/ros2_ws/install/basics_ros2_multithreading/share/basics_ros2_multithreading/launch/launch/bin/x86_64-linux-gnu-size
[13.968s] -- Installing: /home/user/ros2_ws/install/basics_ros2_multithreading/share/basics_ros2_multithreading/launch/launch/bin/lastb
[13.969s] -- Installing: /home/user/ros2_ws/install/basics_ros2_multithreading/share/basics_ros2_multithreading/launch/launch/bin/modularize-14
[13.969s] -- Installing: /home/user/ros2_ws/install/basics_ros2_multithreading/share/basics_ros2_multithreading/launch/launch/bin/x86_64-linux-gnu-gcc-ar-9
[13.969s] -- Installing: /home/user/ros2_ws/install/basics_ros2_multithreading/share/basics_ros2_multithreading/launch/launch/bin/sleep
[13.970s] -- Installing: /home/user/ros2_ws/install/basics_ros2_multithreading/share/basics_ros2_multithreading/launch/launch/bin/choom
[13.970s] -- Installing: /home/user/ros2_ws/install/basics_ros2_multithreading/share/basics_ros2_multithreading/launch/launch/bin/run-mailcap
[13.970s] -- Installing: /home/user/ros2_ws/install/basics_ros2_multithreading/share/basics_ros2_multithreading/launch/launch/bin/chattr
[13.970s] -- Installing: /home/user/ros2_ws/install/basics_ros2_multithreading/share/basics_ros2_multithreading/launch/launch/bin/clang-reorder-fields-14
[13.971s] -- Installing: /home/user/ros2_ws/install/basics_ros2_multithreading/share/basics_ros2_multithreading/launch/launch/bin/clang-tidy
[14.013s] -- Installing: /home/user/ros2_ws/install/basics_ros2_multithreading/share/basics_ros2_multithreading/launch/launch/bin/zless
[14.013s] -- Installing: /home/user/ros2_ws/install/basics_ros2_multithreading/share/basics_ros2_multithreading/launch/launch/bin/debconf-escape
[14.014s] -- Installing: /home/user/ros2_ws/install/basics_ros2_multithreading/share/basics_ros2_multithreading/launch/launch/bin/snice
[14.014s] -- Installing: /home/user/ros2_ws/install/basics_ros2_multithreading/share/basics_ros2_multithreading/launch/launch/bin/sort
[14.014s] -- Installing: /home/user/ros2_ws/install/basics_ros2_multithreading/share/basics_ros2_multithreading/launch/launch/bin/groups
[14.014s] -- Installing: /home/user/ros2_ws/install/basics_ros2_multithreading/share/basics_ros2_multithreading/launch/launch/bin/uptime
[14.014s] -- Installing: /home/user/ros2_ws/install/basics_ros2_multithreading/share/basics_ros2_multithreading/launch/launch/bin/namei
[14.048s] -- Installing: /home/user/ros2_ws/install/basics_ros2_multithreading/share/basics_ros2_multithreading/launch/launch/bin/apt-get
[14.049s] -- Installing: /home/user/ros2_ws/install/basics_ros2_multithreading/share/basics_ros2_multithreading/launch/launch/bin/scriptreplay
[14.049s] -- Installing: /home/user/ros2_ws/install/basics_ros2_multithreading/share/basics_ros2_multithreading/launch/launch/bin/clang-cpp
[14.049s] -- Installing: /home/user/ros2_ws/install/basics_ros2_multithreading/share/basics_ros2_multithreading/launch/launch/bin/linux32
[14.049s] -- Installing: /home/user/ros2_ws/install/basics_ros2_multithreading/share/basics_ros2_multithreading/launch/launch/bin/gunzip
[14.049s] -- Installing: /home/user/ros2_ws/install/basics_ros2_multithreading/share/basics_ros2_multithreading/launch/launch/bin/x86_64-linux-gnu-elfedit
[14.050s] -- Installing: /home/user/ros2_ws/install/basics_ros2_multithreading/share/basics_ros2_multithreading/launch/launch/bin/bzexe
[14.050s] -- Installing: /home/user/ros2_ws/install/basics_ros2_multithreading/share/basics_ros2_multithreading/launch/launch/bin/run-parts
[14.050s] -- Installing: /home/user/ros2_ws/install/basics_ros2_multithreading/share/basics_ros2_multithreading/launch/launch/bin/dircolors
[14.050s] -- Installing: /home/user/ros2_ws/install/basics_ros2_multithreading/share/basics_ros2_multithreading/launch/launch/bin/elfedit
[14.050s] -- Installing: /home/user/ros2_ws/install/basics_ros2_multithreading/share/basics_ros2_multithreading/launch/launch/bin/x86_64-linux-gnu-strip
[14.050s] -- Installing: /home/user/ros2_ws/install/basics_ros2_multithreading/share/basics_ros2_multithreading/launch/launch/bin/readelf
[14.051s] -- Installing: /home/user/ros2_ws/install/basics_ros2_multithreading/share/basics_ros2_multithreading/launch/launch/bin/grep
[14.053s] -- Installing: /home/user/ros2_ws/install/basics_ros2_multithreading/share/basics_ros2_multithreading/launch/launch/bin/bzless
[14.053s] -- Installing: /home/user/ros2_ws/install/basics_ros2_multithreading/share/basics_ros2_multithreading/launch/launch/bin/setarch
[14.056s] -- Installing: /home/user/ros2_ws/install/basics_ros2_multithreading/share/basics_ros2_multithreading/launch/launch/bin/vdir
[14.058s] -- Installing: /home/user/ros2_ws/install/basics_ros2_multithreading/share/basics_ros2_multithreading/launch/launch/bin/zegrep
[14.058s] -- Installing: /home/user/ros2_ws/install/basics_ros2_multithreading/share/basics_ros2_multithreading/launch/launch/bin/addr2line
[14.059s] -- Installing: /home/user/ros2_ws/install/basics_ros2_multithreading/share/basics_ros2_multithreading/launch/launch/bin/gzip
[14.059s] -- Installing: /home/user/ros2_ws/install/basics_ros2_multithreading/share/basics_ros2_multithreading/launch/launch/bin/clangd
[14.151s] -- Installing: /home/user/ros2_ws/install/basics_ros2_multithreading/share/basics_ros2_multithreading/launch/launch/bin/dpkg-maintscript-helper
[14.151s] -- Installing: /home/user/ros2_ws/install/basics_ros2_multithreading/share/basics_ros2_multithreading/launch/launch/bin/split
[14.151s] -- Installing: /home/user/ros2_ws/install/basics_ros2_multithreading/share/basics_ros2_multithreading/launch/launch/bin/partx
[14.151s] -- Installing: /home/user/ros2_ws/install/basics_ros2_multithreading/share/basics_ros2_multithreading/launch/launch/bin/locale-check
[14.151s] -- Installing: /home/user/ros2_ws/install/basics_ros2_multithreading/share/basics_ros2_multithreading/launch/launch/bin/deb-systemd-helper
[14.151s] -- Installing: /home/user/ros2_ws/install/basics_ros2_multithreading/share/basics_ros2_multithreading/launch/launch/bin/link
[14.151s] -- Installing: /home/user/ros2_ws/install/basics_ros2_multithreading/share/basics_ros2_multithreading/launch/launch/bin/zcat
[14.152s] -- Installing: /home/user/ros2_ws/install/basics_ros2_multithreading/share/basics_ros2_multithreading/launch/launch/bin/cpp
[14.156s] -- Installing: /home/user/ros2_ws/install/basics_ros2_multithreading/share/basics_ros2_multithreading/launch/launch/bin/deb-systemd-invoke
[14.156s] -- Installing: /home/user/ros2_ws/install/basics_ros2_multithreading/share/basics_ros2_multithreading/launch/launch/bin/unshare
[14.156s] -- Installing: /home/user/ros2_ws/install/basics_ros2_multithreading/share/basics_ros2_multithreading/launch/launch/bin/ipcrm
[14.156s] -- Installing: /home/user/ros2_ws/install/basics_ros2_multithreading/share/basics_ros2_multithreading/launch/launch/bin/chown
[14.156s] -- Installing: /home/user/ros2_ws/install/basics_ros2_multithreading/share/basics_ros2_multithreading/launch/launch/bin/ld
[14.162s] -- Installing: /home/user/ros2_ws/install/basics_ros2_multithreading/share/basics_ros2_multithreading/launch/launch/bin/kill
[14.163s] -- Installing: /home/user/ros2_ws/install/basics_ros2_multithreading/share/basics_ros2_multithreading/launch/launch/bin/numfmt
[14.163s] -- Installing: /home/user/ros2_ws/install/basics_ros2_multithreading/share/basics_ros2_multithreading/launch/launch/bin/x86_64-linux-gnu-c++filt
[14.163s] -- Installing: /home/user/ros2_ws/install/basics_ros2_multithreading/share/basics_ros2_multithreading/launch/launch/bin/gcov-dump
[14.163s] -- Installing: /home/user/ros2_ws/install/basics_ros2_multithreading/share/basics_ros2_multithreading/launch/launch/bin/dnsdomainname
[14.163s] -- Installing: /home/user/ros2_ws/install/basics_ros2_multithreading/share/basics_ros2_multithreading/launch/launch/bin/gpgsplit
[14.163s] -- Installing: /home/user/ros2_ws/install/basics_ros2_multithreading/share/basics_ros2_multithreading/launch/launch/bin/gdbtui
[14.163s] -- Installing: /home/user/ros2_ws/install/basics_ros2_multithreading/share/basics_ros2_multithreading/launch/launch/bin/pydoc3
[14.163s] -- Installing: /home/user/ros2_ws/install/basics_ros2_multithreading/share/basics_ros2_multithreading/launch/launch/bin/sha384sum
[14.163s] -- Installing: /home/user/ros2_ws/install/basics_ros2_multithreading/share/basics_ros2_multithreading/launch/launch/bin/gencat
[14.164s] -- Installing: /home/user/ros2_ws/install/basics_ros2_multithreading/share/basics_ros2_multithreading/launch/launch/bin/whereis
[14.164s] -- Installing: /home/user/ros2_ws/install/basics_ros2_multithreading/share/basics_ros2_multithreading/launch/launch/bin/renice
[14.164s] -- Installing: /home/user/ros2_ws/install/basics_ros2_multithreading/share/basics_ros2_multithreading/launch/launch/bin/symcryptrun
[14.164s] -- Installing: /home/user/ros2_ws/install/basics_ros2_multithreading/share/basics_ros2_multithreading/launch/launch/bin/gcc-9
[14.164s] -- Installing: /home/user/ros2_ws/install/basics_ros2_multithreading/share/basics_ros2_multithreading/launch/launch/bin/nohup
[14.166s] -- Installing: /home/user/ros2_ws/install/basics_ros2_multithreading/share/basics_ros2_multithreading/launch/launch/bin/rgrep
[14.166s] -- Installing: /home/user/ros2_ws/install/basics_ros2_multithreading/share/basics_ros2_multithreading/launch/launch/bin/select-editor
[14.166s] -- Installing: /home/user/ros2_ws/install/basics_ros2_multithreading/share/basics_ros2_multithreading/launch/launch/bin/gcov-dump-9
[14.166s] -- Installing: /home/user/ros2_ws/install/basics_ros2_multithreading/share/basics_ros2_multithreading/launch/launch/bin/zdiff
[14.166s] -- Installing: /home/user/ros2_ws/install/basics_ros2_multithreading/share/basics_ros2_multithreading/launch/launch/bin/taskset
[14.166s] -- Installing: /home/user/ros2_ws/install/basics_ros2_multithreading/share/basics_ros2_multithreading/launch/launch/bin/x86_64-linux-gnu-python3-config
[14.166s] -- Installing: /home/user/ros2_ws/install/basics_ros2_multithreading/share/basics_ros2_multithreading/launch/launch/bin/dirmngr-client
[14.170s] -- Installing: /home/user/ros2_ws/install/basics_ros2_multithreading/share/basics_ros2_multithreading/launch/launch/bin/pydoc3.8
[14.170s] -- Installing: /home/user/ros2_ws/install/basics_ros2_multithreading/share/basics_ros2_multithreading/launch/launch/bin/dpkg
[14.170s] -- Installing: /home/user/ros2_ws/install/basics_ros2_multithreading/share/basics_ros2_multithreading/launch/launch/bin/mkfifo
[14.170s] -- Installing: /home/user/ros2_ws/install/basics_ros2_multithreading/share/basics_ros2_multithreading/launch/launch/bin/bzip2recover
[14.170s] -- Installing: /home/user/ros2_ws/install/basics_ros2_multithreading/share/basics_ros2_multithreading/launch/launch/bin/x86_64-linux-gnu-gcc-9
[14.172s] -- Installing: /home/user/ros2_ws/install/basics_ros2_multithreading/share/basics_ros2_multithreading/launch/launch/bin/perl
[14.180s] -- Installing: /home/user/ros2_ws/install/basics_ros2_multithreading/share/basics_ros2_multithreading/launch/launch/bin/update-alternatives
[14.180s] -- Installing: /home/user/ros2_ws/install/basics_ros2_multithreading/share/basics_ros2_multithreading/launch/launch/bin/comm
[14.180s] -- Installing: /home/user/ros2_ws/install/basics_ros2_multithreading/share/basics_ros2_multithreading/launch/launch/bin/tput
[14.180s] -- Installing: /home/user/ros2_ws/install/basics_ros2_multithreading/share/basics_ros2_multithreading/launch/launch/bin/scan-view-14
[14.180s] -- Installing: /home/user/ros2_ws/install/basics_ros2_multithreading/share/basics_ros2_multithreading/launch/launch/bin/base32
[14.180s] -- Installing: /home/user/ros2_ws/install/basics_ros2_multithreading/share/basics_ros2_multithreading/launch/launch/bin/ranlib
[14.180s] -- Installing: /home/user/ros2_ws/install/basics_ros2_multithreading/share/basics_ros2_multithreading/launch/launch/bin/sudoedit
[14.180s] -- Installing: /home/user/ros2_ws/install/basics_ros2_multithreading/share/basics_ros2_multithreading/launch/launch/bin/dmesg
[14.180s] -- Installing: /home/user/ros2_ws/install/basics_ros2_multithreading/share/basics_ros2_multithreading/launch/launch/bin/clang-rename-14
[14.181s] -- Installing: /home/user/ros2_ws/install/basics_ros2_multithreading/share/basics_ros2_multithreading/launch/launch/bin/clang-tidy-diff-14.py
[14.181s] -- Installing: /home/user/ros2_ws/install/basics_ros2_multithreading/share/basics_ros2_multithreading/launch/launch/bin/clang-extdef-mapping-14
[14.183s] -- Installing: /home/user/ros2_ws/install/basics_ros2_multithreading/share/basics_ros2_multithreading/launch/launch/bin/slabtop
[14.183s] -- Installing: /home/user/ros2_ws/install/basics_ros2_multithreading/share/basics_ros2_multithreading/launch/launch/bin/ipcs
[14.183s] -- Installing: /home/user/ros2_ws/install/basics_ros2_multithreading/share/basics_ros2_multithreading/launch/launch/bin/passwd
[14.184s] -- Installing: /home/user/ros2_ws/install/basics_ros2_multithreading/share/basics_ros2_multithreading/launch/launch/bin/sdiff
[14.184s] -- Installing: /home/user/ros2_ws/install/basics_ros2_multithreading/share/basics_ros2_multithreading/launch/launch/bin/gpg-agent
[14.184s] -- Installing: /home/user/ros2_ws/install/basics_ros2_multithreading/share/basics_ros2_multithreading/launch/launch/bin/gcore
[14.184s] -- Installing: /home/user/ros2_ws/install/basics_ros2_multithreading/share/basics_ros2_multithreading/launch/launch/bin/gpgcompose
[14.185s] -- Installing: /home/user/ros2_ws/install/basics_ros2_multithreading/share/basics_ros2_multithreading/launch/launch/bin/hostname
[14.185s] -- Installing: /home/user/ros2_ws/install/basics_ros2_multithreading/share/basics_ros2_multithreading/launch/launch/bin/gpgparsemail
[14.185s] -- Installing: /home/user/ros2_ws/install/basics_ros2_multithreading/share/basics_ros2_multithreading/launch/launch/bin/intercept-build-14
[14.185s] -- Installing: /home/user/ros2_ws/install/basics_ros2_multithreading/share/basics_ros2_multithreading/launch/launch/bin/gdb-add-index
[14.185s] -- Installing: /home/user/ros2_ws/install/basics_ros2_multithreading/share/basics_ros2_multithreading/launch/launch/bin/x86_64-linux-gnu-cpp-9
[14.190s] -- Installing: /home/user/ros2_ws/install/basics_ros2_multithreading/share/basics_ros2_multithreading/launch/launch/bin/c-index-test-14
[14.289s] -- Installing: /home/user/ros2_ws/install/basics_ros2_multithreading/share/basics_ros2_multithreading/launch/launch/bin/fold
[14.289s] -- Installing: /home/user/ros2_ws/install/basics_ros2_multithreading/share/basics_ros2_multithreading/launch/launch/bin/head
[14.289s] -- Installing: /home/user/ros2_ws/install/basics_ros2_multithreading/share/basics_ros2_multithreading/launch/launch/bin/lsns
[14.290s] -- Installing: /home/user/ros2_ws/install/basics_ros2_multithreading/share/basics_ros2_multithreading/launch/launch/bin/env
[14.290s] -- Installing: /home/user/ros2_ws/install/basics_ros2_multithreading/share/basics_ros2_multithreading/launch/launch/bin/cp
[14.290s] -- Installing: /home/user/ros2_ws/install/basics_ros2_multithreading/share/basics_ros2_multithreading/launch/launch/bin/cksum
[14.292s] -- Installing: /home/user/ros2_ws/install/basics_ros2_multithreading/share/basics_ros2_multithreading/launch/launch/bin/newgrp
[14.293s] -- Installing: /home/user/ros2_ws/install/basics_ros2_multithreading/share/basics_ros2_multithreading/launch/launch/bin/gpg-zip
[14.293s] -- Installing: /home/user/ros2_ws/install/basics_ros2_multithreading/share/basics_ros2_multithreading/launch/launch/bin/join
[14.293s] -- Installing: /home/user/ros2_ws/install/basics_ros2_multithreading/share/basics_ros2_multithreading/launch/launch/bin/dir
[14.294s] -- Installing: /home/user/ros2_ws/install/basics_ros2_multithreading/share/basics_ros2_multithreading/launch/launch/bin/mknod
[14.294s] -- Installing: /home/user/ros2_ws/install/basics_ros2_multithreading/share/basics_ros2_multithreading/launch/launch/bin/cautious-launcher
[14.294s] -- Installing: /home/user/ros2_ws/install/basics_ros2_multithreading/share/basics_ros2_multithreading/launch/launch/bin/hostid
[14.295s] -- Installing: /home/user/ros2_ws/install/basics_ros2_multithreading/share/basics_ros2_multithreading/launch/launch/bin/analyze-build-14
[14.296s] -- Installing: /home/user/ros2_ws/install/basics_ros2_multithreading/share/basics_ros2_multithreading/launch/launch/bin/py3clean
[14.296s] -- Installing: /home/user/ros2_ws/install/basics_ros2_multithreading/share/basics_ros2_multithreading/launch/launch/bin/hmaptool-14
[14.296s] -- Installing: /home/user/ros2_ws/install/basics_ros2_multithreading/share/basics_ros2_multithreading/launch/launch/bin/lspgpot
[14.296s] -- Installing: /home/user/ros2_ws/install/basics_ros2_multithreading/share/basics_ros2_multithreading/launch/launch/bin/sum
[14.296s] -- Installing: /home/user/ros2_ws/install/basics_ros2_multithreading/share/basics_ros2_multithreading/launch/launch/bin/bashbug
[14.296s] -- Installing: /home/user/ros2_ws/install/basics_ros2_multithreading/share/basics_ros2_multithreading/launch/launch/bin/top
[14.306s] -- Installing: /home/user/ros2_ws/install/basics_ros2_multithreading/share/basics_ros2_multithreading/launch/launch/bin/bzcat
[14.306s] -- Installing: /home/user/ros2_ws/install/basics_ros2_multithreading/share/basics_ros2_multithreading/launch/launch/bin/perl5.30.0
[14.320s] -- Installing: /home/user/ros2_ws/install/basics_ros2_multithreading/share/basics_ros2_multithreading/launch/launch/bin/readlink
[14.321s] -- Installing: /home/user/ros2_ws/install/basics_ros2_multithreading/share/basics_ros2_multithreading/launch/launch/bin/cmp
[14.321s] -- Installing: /home/user/ros2_ws/install/basics_ros2_multithreading/share/basics_ros2_multithreading/launch/launch/bin/[
[14.321s] -- Installing: /home/user/ros2_ws/install/basics_ros2_multithreading/share/basics_ros2_multithreading/launch/launch/bin/cut
[14.330s] -- Installing: /home/user/ros2_ws/install/basics_ros2_multithreading/share/basics_ros2_multithreading/launch/launch/bin/ipcmk
[14.351s] -- Installing: /home/user/ros2_ws/install/basics_ros2_multithreading/share/basics_ros2_multithreading/launch/launch/bin/gcov-9
[14.351s] -- Installing: /home/user/ros2_ws/install/basics_ros2_multithreading/share/basics_ros2_multithreading/launch/launch/bin/uncompress
[14.351s] -- Installing: /home/user/ros2_ws/install/basics_ros2_multithreading/share/basics_ros2_multithreading/launch/launch/bin/gcc-ranlib-9
[14.351s] -- Installing: /home/user/ros2_ws/install/basics_ros2_multithreading/share/basics_ros2_multithreading/launch/launch/bin/runcon
[14.351s] -- Installing: /home/user/ros2_ws/install/basics_ros2_multithreading/share/basics_ros2_multithreading/launch/launch/bin/x86_64-linux-gnu-strings
[14.351s] -- Installing: /home/user/ros2_ws/install/basics_ros2_multithreading/share/basics_ros2_multithreading/launch/launch/bin/install
[14.352s] -- Installing: /home/user/ros2_ws/install/basics_ros2_multithreading/share/basics_ros2_multithreading/launch/launch/bin/seq
[14.352s] -- Installing: /home/user/ros2_ws/install/basics_ros2_multithreading/share/basics_ros2_multithreading/launch/launch/bin/python3
[14.385s] -- Installing: /home/user/ros2_ws/install/basics_ros2_multithreading/share/basics_ros2_multithreading/launch/launch/bin/sync
[14.386s] -- Installing: /home/user/ros2_ws/install/basics_ros2_multithreading/share/basics_ros2_multithreading/launch/launch/bin/pmap
[14.386s] -- Installing: /home/user/ros2_ws/install/basics_ros2_multithreading/share/basics_ros2_multithreading/launch/launch/bin/echo
[14.386s] -- Installing: /home/user/ros2_ws/install/basics_ros2_multithreading/share/basics_ros2_multithreading/launch/launch/bin/clang-offload-wrapper-14
[14.390s] -- Installing: /home/user/ros2_ws/install/basics_ros2_multithreading/share/basics_ros2_multithreading/launch/launch/bin/apt-ftparchive
[14.390s] -- Installing: /home/user/ros2_ws/install/basics_ros2_multithreading/share/basics_ros2_multithreading/launch/launch/bin/setsid
[14.390s] -- Installing: /home/user/ros2_ws/install/basics_ros2_multithreading/share/basics_ros2_multithreading/launch/launch/bin/nawk
[14.392s] -- Installing: /home/user/ros2_ws/install/basics_ros2_multithreading/share/basics_ros2_multithreading/launch/launch/bin/sha512sum
[14.393s] -- Installing: /home/user/ros2_ws/install/basics_ros2_multithreading/share/basics_ros2_multithreading/launch/launch/bin/resizepart
[14.393s] -- Installing: /home/user/ros2_ws/install/basics_ros2_multithreading/share/basics_ros2_multithreading/launch/launch/bin/bzegrep
[14.393s] -- Installing: /home/user/ros2_ws/install/basics_ros2_multithreading/share/basics_ros2_multithreading/launch/launch/bin/nice
[14.393s] -- Installing: /home/user/ros2_ws/install/basics_ros2_multithreading/share/basics_ros2_multithreading/launch/launch/bin/x86_64-linux-gnu-gcc-nm
[14.393s] -- Installing: /home/user/ros2_ws/install/basics_ros2_multithreading/share/basics_ros2_multithreading/launch/launch/bin/utmpdump
[14.404s] -- Installing: /home/user/ros2_ws/install/basics_ros2_multithreading/share/basics_ros2_multithreading/launch/launch/bin/debconf-apt-progress
[14.404s] -- Installing: /home/user/ros2_ws/install/basics_ros2_multithreading/share/basics_ros2_multithreading/launch/launch/bin/gpg2
[14.404s] -- Installing: /home/user/ros2_ws/install/basics_ros2_multithreading/share/basics_ros2_multithreading/launch/launch/bin/setpriv
[14.405s] -- Installing: /home/user/ros2_ws/install/basics_ros2_multithreading/share/basics_ros2_multithreading/launch/launch/bin/size
[14.405s] -- Installing: /home/user/ros2_ws/install/basics_ros2_multithreading/share/basics_ros2_multithreading/launch/launch/bin/debconf-copydb
[14.405s] -- Installing: /home/user/ros2_ws/install/basics_ros2_multithreading/share/basics_ros2_multithreading/launch/launch/bin/ionice
[14.410s] -- Installing: /home/user/ros2_ws/install/basics_ros2_multithreading/share/basics_ros2_multithreading/launch/launch/bin/id
[14.411s] -- Installing: /home/user/ros2_ws/install/basics_ros2_multithreading/share/basics_ros2_multithreading/launch/launch/bin/fgrep
[14.411s] -- Installing: /home/user/ros2_ws/install/basics_ros2_multithreading/share/basics_ros2_multithreading/launch/launch/bin/bzcmp
[14.411s] -- Installing: /home/user/ros2_ws/install/basics_ros2_multithreading/share/basics_ros2_multithreading/launch/launch/bin/i386
[14.411s] -- Installing: /home/user/ros2_ws/install/basics_ros2_multithreading/share/basics_ros2_multithreading/launch/launch/bin/chfn
[14.448s] -- Installing: /home/user/ros2_ws/install/basics_ros2_multithreading/share/basics_ros2_multithreading/launch/launch/bin/x86_64-linux-gnu-gcc-nm-9
[14.448s] -- Installing: /home/user/ros2_ws/install/basics_ros2_multithreading/share/basics_ros2_multithreading/launch/launch/bin/base64
[14.448s] -- Installing: /home/user/ros2_ws/install/basics_ros2_multithreading/share/basics_ros2_multithreading/launch/launch/bin/ln
[14.448s] -- Installing: /home/user/ros2_ws/install/basics_ros2_multithreading/share/basics_ros2_multithreading/launch/launch/bin/faillog
[14.449s] -- Installing: /home/user/ros2_ws/install/basics_ros2_multithreading/share/basics_ros2_multithreading/launch/launch/bin/debconf-set-selections
[14.471s] -- Installing: /home/user/ros2_ws/install/basics_ros2_multithreading/share/basics_ros2_multithreading/launch/launch/bin/clang-cl
[14.471s] -- Installing: /home/user/ros2_ws/install/basics_ros2_multithreading/share/basics_ros2_multithreading/launch/launch/bin/sudo
[14.472s] -- Installing: /home/user/ros2_ws/install/basics_ros2_multithreading/share/basics_ros2_multithreading/launch/launch/bin/pathchk
[14.472s] -- Installing: /home/user/ros2_ws/install/basics_ros2_multithreading/share/basics_ros2_multithreading/launch/launch/bin/rm
[14.472s] -- Installing: /home/user/ros2_ws/install/basics_ros2_multithreading/share/basics_ros2_multithreading/launch/launch/bin/run-clang-tidy-14
[14.472s] -- Installing: /home/user/ros2_ws/install/basics_ros2_multithreading/share/basics_ros2_multithreading/launch/launch/bin/c99-gcc
[14.472s] -- Installing: /home/user/ros2_ws/install/basics_ros2_multithreading/share/basics_ros2_multithreading/launch/launch/bin/mountpoint
[14.473s] -- Installing: /home/user/ros2_ws/install/basics_ros2_multithreading/share/basics_ros2_multithreading/launch/launch/bin/clang-query-14
[14.473s] -- Installing: /home/user/ros2_ws/install/basics_ros2_multithreading/share/basics_ros2_multithreading/launch/launch/bin/zmore
[14.474s] -- Installing: /home/user/ros2_ws/install/basics_ros2_multithreading/share/basics_ros2_multithreading/launch/launch/bin/chmod
[14.477s] -- Installing: /home/user/ros2_ws/install/basics_ros2_multithreading/share/basics_ros2_multithreading/launch/launch/bin/gcov-tool-9
[14.477s] -- Installing: /home/user/ros2_ws/install/basics_ros2_multithreading/share/basics_ros2_multithreading/launch/launch/bin/chcon
[14.477s] -- Installing: /home/user/ros2_ws/install/basics_ros2_multithreading/share/basics_ros2_multithreading/launch/launch/bin/pidof
[14.477s] -- Installing: /home/user/ros2_ws/install/basics_ros2_multithreading/share/basics_ros2_multithreading/launch/launch/bin/users
[14.478s] -- Installing: /home/user/ros2_ws/install/basics_ros2_multithreading/share/basics_ros2_multithreading/launch/launch/bin/find-all-symbols-14
[14.478s] -- Installing: /home/user/ros2_ws/install/basics_ros2_multithreading/share/basics_ros2_multithreading/launch/launch/bin/lsmem
[14.479s] -- Installing: /home/user/ros2_ws/install/basics_ros2_multithreading/share/basics_ros2_multithreading/launch/launch/bin/which
[14.480s] -- Installing: /home/user/ros2_ws/install/basics_ros2_multithreading/share/basics_ros2_multithreading/launch/face_searcher.launch.py
[14.482s] -- Installing: /home/user/ros2_ws/install/basics_ros2_multithreading/share/basics_ros2_multithreading/launch/face_searcher_multithreading.launch.py
[14.482s] -- Installing: /home/user/ros2_ws/install/basics_ros2_multithreading/share/basics_ros2_multithreading/launch/face_searcher_multithreading_callbackgroups.launch.py
[14.482s] -- Installing: /home/user/ros2_ws/install/basics_ros2_multithreading/share/basics_ros2_multithreading/launch/yello_tshirt_detector.launch.py
[14.482s] -- Installing: /home/user/ros2_ws/install/basics_ros2_multithreading/lib/basics_ros2_multithreading/function.py
[14.482s] -- Installing: /home/user/ros2_ws/install/basics_ros2_multithreading/lib/basics_ros2_multithreading/callback_function.py
[14.482s] -- Installing: /home/user/ros2_ws/install/basics_ros2_multithreading/lib/basics_ros2_multithreading/callback_spinonce_function.py
[14.483s] -- Installing: /home/user/ros2_ws/install/basics_ros2_multithreading/lib/basics_ros2_multithreading/face_searcher.py
[14.483s] -- Installing: /home/user/ros2_ws/install/basics_ros2_multithreading/lib/basics_ros2_multithreading/face_searcher_multithreading.py
[14.483s] -- Installing: /home/user/ros2_ws/install/basics_ros2_multithreading/lib/basics_ros2_multithreading/face_searcher_multithreading_callbackgroups.py
[14.483s] -- Installing: /home/user/ros2_ws/install/basics_ros2_multithreading/lib/basics_ros2_multithreading/yello_tshirt_detector.py
[14.483s] -- Installing: /home/user/ros2_ws/install/basics_ros2_multithreading/share/ament_index/resource_index/package_run_dependencies/basics_ros2_multithreading
[14.483s] -- Installing: /home/user/ros2_ws/install/basics_ros2_multithreading/share/ament_index/resource_index/parent_prefix_path/basics_ros2_multithreading
[14.483s] -- Installing: /home/user/ros2_ws/install/basics_ros2_multithreading/share/basics_ros2_multithreading/environment/ament_prefix_path.sh
[14.483s] -- Installing: /home/user/ros2_ws/install/basics_ros2_multithreading/share/basics_ros2_multithreading/environment/ament_prefix_path.dsv
[14.484s] -- Installing: /home/user/ros2_ws/install/basics_ros2_multithreading/share/basics_ros2_multithreading/environment/path.sh
[14.484s] -- Installing: /home/user/ros2_ws/install/basics_ros2_multithreading/share/basics_ros2_multithreading/environment/path.dsv
[14.485s] -- Installing: /home/user/ros2_ws/install/basics_ros2_multithreading/share/basics_ros2_multithreading/local_setup.bash
[14.486s] -- Installing: /home/user/ros2_ws/install/basics_ros2_multithreading/share/basics_ros2_multithreading/local_setup.sh
[14.486s] -- Installing: /home/user/ros2_ws/install/basics_ros2_multithreading/share/basics_ros2_multithreading/local_setup.zsh
[14.486s] -- Installing: /home/user/ros2_ws/install/basics_ros2_multithreading/share/basics_ros2_multithreading/local_setup.dsv
[14.486s] -- Installing: /home/user/ros2_ws/install/basics_ros2_multithreading/share/basics_ros2_multithreading/package.dsv
[14.486s] -- Installing: /home/user/ros2_ws/install/basics_ros2_multithreading/share/ament_index/resource_index/packages/basics_ros2_multithreading
[14.486s] -- Installing: /home/user/ros2_ws/install/basics_ros2_multithreading/share/basics_ros2_multithreading/cmake/basics_ros2_multithreadingConfig.cmake
[14.488s] -- Installing: /home/user/ros2_ws/install/basics_ros2_multithreading/share/basics_ros2_multithreading/cmake/basics_ros2_multithreadingConfig-version.cmake
[14.489s] -- Installing: /home/user/ros2_ws/install/basics_ros2_multithreading/share/basics_ros2_multithreading/package.xml
[14.633s] Invoked command in '/home/user/ros2_ws/build/basics_ros2_multithreading' returned '0': CMAKE_PREFIX_PATH=${CMAKE_PREFIX_PATH}:/home/simulations/ros2_sims_ws/install/turtlebot3_teleop:/home/simulations/ros2_sims_ws/install/turtlebot3_example:/home/simulations/ros2_sims_ws/install/services_pkg:/home/user/ros2_ws/install/logs_test:/home/user/ros2_ws/install/actions_quiz:/opt/ros/humble _=/usr/bin/env /usr/bin/cmake --install /home/user/ros2_ws/build/basics_ros2_multithreading
