[4.985s] Invoking command in '/home/user/ros2_ws/src/exercise42_pkg': PYTHONPATH=/home/user/ros2_ws/build/exercise42_pkg/prefix_override:/home/user/ros2_ws/install/exercise42_pkg/lib/python3.10/site-packages:${PYTHONPATH} _=/usr/bin/env /usr/bin/python3 setup.py egg_info --egg-base ../../build/exercise42_pkg build --build-base /home/user/ros2_ws/build/exercise42_pkg/build install --record /home/user/ros2_ws/build/exercise42_pkg/install.log --single-version-externally-managed
[6.320s] running egg_info
[6.320s] creating ../../build/exercise42_pkg/exercise42_pkg.egg-info
[6.320s] writing ../../build/exercise42_pkg/exercise42_pkg.egg-info/PKG-INFO
[6.320s] writing dependency_links to ../../build/exercise42_pkg/exercise42_pkg.egg-info/dependency_links.txt
[6.320s] writing entry points to ../../build/exercise42_pkg/exercise42_pkg.egg-info/entry_points.txt
[6.320s] writing requirements to ../../build/exercise42_pkg/exercise42_pkg.egg-info/requires.txt
[6.320s] writing top-level names to ../../build/exercise42_pkg/exercise42_pkg.egg-info/top_level.txt
[6.320s] writing manifest file '../../build/exercise42_pkg/exercise42_pkg.egg-info/SOURCES.txt'
[6.320s] reading manifest file '../../build/exercise42_pkg/exercise42_pkg.egg-info/SOURCES.txt'
[6.322s] writing manifest file '../../build/exercise42_pkg/exercise42_pkg.egg-info/SOURCES.txt'
[6.322s] running build
[6.322s] running build_py
[6.322s] creating /home/user/ros2_ws/build/exercise42_pkg/build
[6.322s] creating /home/user/ros2_ws/build/exercise42_pkg/build/lib
[6.322s] creating /home/user/ros2_ws/build/exercise42_pkg/build/lib/exercise42_pkg
[6.322s] copying exercise42_pkg/__init__.py -> /home/user/ros2_ws/build/exercise42_pkg/build/lib/exercise42_pkg
[6.322s] copying exercise42_pkg/exercise42.py -> /home/user/ros2_ws/build/exercise42_pkg/build/lib/exercise42_pkg
[6.322s] running install
[6.322s] running install_lib
[6.323s] creating /home/user/ros2_ws/install/exercise42_pkg/lib/python3.10/site-packages/exercise42_pkg
[6.323s] copying /home/user/ros2_ws/build/exercise42_pkg/build/lib/exercise42_pkg/__init__.py -> /home/user/ros2_ws/install/exercise42_pkg/lib/python3.10/site-packages/exercise42_pkg
[6.323s] copying /home/user/ros2_ws/build/exercise42_pkg/build/lib/exercise42_pkg/exercise42.py -> /home/user/ros2_ws/install/exercise42_pkg/lib/python3.10/site-packages/exercise42_pkg
[6.324s] byte-compiling /home/user/ros2_ws/install/exercise42_pkg/lib/python3.10/site-packages/exercise42_pkg/__init__.py to __init__.cpython-310.pyc
[6.324s] byte-compiling /home/user/ros2_ws/install/exercise42_pkg/lib/python3.10/site-packages/exercise42_pkg/exercise42.py to exercise42.cpython-310.pyc
[6.325s] running install_data
[6.326s] creating /home/user/ros2_ws/install/exercise42_pkg/share/ament_index
[6.326s] creating /home/user/ros2_ws/install/exercise42_pkg/share/ament_index/resource_index
[6.326s] creating /home/user/ros2_ws/install/exercise42_pkg/share/ament_index/resource_index/packages
[6.326s] copying resource/exercise42_pkg -> /home/user/ros2_ws/install/exercise42_pkg/share/ament_index/resource_index/packages
[6.326s] copying package.xml -> /home/user/ros2_ws/install/exercise42_pkg/share/exercise42_pkg
[6.326s] copying launch/exerceise42_launch_file.launch.py -> /home/user/ros2_ws/install/exercise42_pkg/share/exercise42_pkg
[6.326s] running install_egg_info
[6.330s] Copying ../../build/exercise42_pkg/exercise42_pkg.egg-info to /home/user/ros2_ws/install/exercise42_pkg/lib/python3.10/site-packages/exercise42_pkg-0.0.0-py3.10.egg-info
[6.331s] running install_scripts
[6.405s] Installing exercise42_srvs script to /home/user/ros2_ws/install/exercise42_pkg/lib/exercise42_pkg
[6.406s] writing list of installed files to '/home/user/ros2_ws/build/exercise42_pkg/install.log'
[6.627s] Invoked command in '/home/user/ros2_ws/src/exercise42_pkg' returned '0': PYTHONPATH=/home/user/ros2_ws/build/exercise42_pkg/prefix_override:/home/user/ros2_ws/install/exercise42_pkg/lib/python3.10/site-packages:${PYTHONPATH} _=/usr/bin/env /usr/bin/python3 setup.py egg_info --egg-base ../../build/exercise42_pkg build --build-base /home/user/ros2_ws/build/exercise42_pkg/build install --record /home/user/ros2_ws/build/exercise42_pkg/install.log --single-version-externally-managed
