[0.136s] Invoking command in '/home/user/ros2_ws/build/services_quiz_srv': CMAKE_PREFIX_PATH=${CMAKE_PREFIX_PATH}:/home/simulations/ros2_sims_ws/install/turtlebot3_teleop:/home/simulations/ros2_sims_ws/install/turtlebot3_example:/home/simulations/ros2_sims_ws/install/services_pkg:/home/user/ros2_ws/install/logs_test:/home/user/ros2_ws/install/actions_quiz:/opt/ros/humble _=/usr/bin/env /usr/bin/cmake /home/user/ros2_ws/src/services_quiz_srv -DCMAKE_INSTALL_PREFIX=/home/user/ros2_ws/install/services_quiz_srv
[3.727s] -- The C compiler identification is GNU 11.2.0
[5.746s] -- The CXX compiler identification is GNU 11.2.0
[5.838s] -- Detecting C compiler ABI info
[6.444s] -- Detecting C compiler ABI info - done
[6.518s] -- Check for working C compiler: /usr/bin/cc - skipped
[6.521s] -- Detecting C compile features
[6.526s] -- Detecting C compile features - done
[6.546s] -- Detecting CXX compiler ABI info
[7.092s] -- Detecting CXX compiler ABI info - done
[7.092s] -- Check for working CXX compiler: /usr/bin/c++ - skipped
[7.092s] -- Detecting CXX compile features
[7.092s] -- Detecting CXX compile features - done
[7.092s] -- Found ament_cmake: 1.3.2 (/opt/ros/humble/share/ament_cmake/cmake)
[7.755s] -- Found Python3: /usr/bin/python3.10 (found version "3.10.6") found components: Interpreter 
[8.279s] -- Found std_srvs: 4.2.2 (/opt/ros/humble/share/std_srvs/cmake)
[8.465s] -- Found rosidl_generator_c: 3.1.3 (/opt/ros/humble/share/rosidl_generator_c/cmake)
[8.529s] -- Found rosidl_adapter: 3.1.3 (/opt/ros/humble/share/rosidl_adapter/cmake)
[8.670s] -- Found rosidl_generator_cpp: 3.1.3 (/opt/ros/humble/share/rosidl_generator_cpp/cmake)
[8.774s] -- Using all available rosidl_typesupport_c: rosidl_typesupport_fastrtps_c;rosidl_typesupport_introspection_c
[8.883s] -- Using all available rosidl_typesupport_cpp: rosidl_typesupport_fastrtps_cpp;rosidl_typesupport_introspection_cpp
[8.958s] -- Found rclcpp: 16.0.1 (/opt/ros/humble/share/rclcpp/cmake)
[9.443s] -- Found rmw_implementation_cmake: 6.1.0 (/opt/ros/humble/share/rmw_implementation_cmake/cmake)
[9.458s] -- Found rmw_fastrtps_cpp: 6.2.1 (/opt/ros/humble/share/rmw_fastrtps_cpp/cmake)
[10.222s] -- Found OpenSSL: /usr/lib/x86_64-linux-gnu/libcrypto.so (found version "3.0.2")  
[10.418s] -- Found FastRTPS: /opt/ros/humble/include  
[10.671s] -- Using RMW implementation 'rmw_fastrtps_cpp' as default
[11.327s] -- Found rosidl_default_generators: 1.2.0 (/opt/ros/humble/share/rosidl_default_generators/cmake)
[11.399s] -- Found ament_lint_auto: 0.12.4 (/opt/ros/humble/share/ament_lint_auto/cmake)
[13.356s] -- Found ament_cmake_ros: 0.10.0 (/opt/ros/humble/share/ament_cmake_ros/cmake)
[15.118s] -- Using all available rosidl_typesupport_c: rosidl_typesupport_fastrtps_c;rosidl_typesupport_introspection_c
[15.895s] -- Using all available rosidl_typesupport_cpp: rosidl_typesupport_fastrtps_cpp;rosidl_typesupport_introspection_cpp
[15.959s] -- Found PythonInterp: /usr/bin/python3 (found suitable version "3.10.6", minimum required is "3.6") 
[15.976s] -- Found python_cmake_module: 0.10.0 (/opt/ros/humble/share/python_cmake_module/cmake)
[16.413s] -- Found PythonLibs: /usr/lib/x86_64-linux-gnu/libpython3.10.so (found suitable version "3.10.6", minimum required is "3.5") 
[16.414s] -- Using PYTHON_EXECUTABLE: /usr/bin/python3
[16.414s] -- Using PYTHON_INCLUDE_DIRS: /usr/include/python3.10
[16.414s] -- Using PYTHON_LIBRARIES: /usr/lib/x86_64-linux-gnu/libpython3.10.so
[16.518s] -- Found PythonExtra: .so  
[16.704s] -- Added test 'lint_cmake' to check CMake code style
[16.711s] -- Added test 'xmllint' to check XML markup files
[16.733s] -- Configuring done
[16.787s] -- Generating done
[16.792s] -- Build files have been written to: /home/user/ros2_ws/build/services_quiz_srv
[16.817s] Invoked command in '/home/user/ros2_ws/build/services_quiz_srv' returned '0': CMAKE_PREFIX_PATH=${CMAKE_PREFIX_PATH}:/home/simulations/ros2_sims_ws/install/turtlebot3_teleop:/home/simulations/ros2_sims_ws/install/turtlebot3_example:/home/simulations/ros2_sims_ws/install/services_pkg:/home/user/ros2_ws/install/logs_test:/home/user/ros2_ws/install/actions_quiz:/opt/ros/humble _=/usr/bin/env /usr/bin/cmake /home/user/ros2_ws/src/services_quiz_srv -DCMAKE_INSTALL_PREFIX=/home/user/ros2_ws/install/services_quiz_srv
[16.820s] Invoking command in '/home/user/ros2_ws/build/services_quiz_srv': CMAKE_PREFIX_PATH=${CMAKE_PREFIX_PATH}:/home/simulations/ros2_sims_ws/install/turtlebot3_teleop:/home/simulations/ros2_sims_ws/install/turtlebot3_example:/home/simulations/ros2_sims_ws/install/services_pkg:/home/user/ros2_ws/install/logs_test:/home/user/ros2_ws/install/actions_quiz:/opt/ros/humble _=/usr/bin/env /usr/bin/cmake --build /home/user/ros2_ws/build/services_quiz_srv -- -j8 -l8
[17.020s] [  3%] [34m[1mGenerating C++ code for ROS interfaces[0m
[17.791s] [  3%] Built target services_quiz_srv__cpp
[17.861s] [  3%] Built target ament_cmake_python_copy_services_quiz_srv
[17.887s] [  6%] [34m[1mGenerating C++ introspection for ROS interfaces[0m
[18.516s] [  9%] [32mBuilding CXX object CMakeFiles/services_quiz_srv__rosidl_typesupport_introspection_cpp.dir/rosidl_typesupport_introspection_cpp/services_quiz_srv/srv/detail/turn__type_support.cpp.o[0m
[20.523s] [ 12%] [32m[1mLinking CXX shared library libservices_quiz_srv__rosidl_typesupport_introspection_cpp.so[0m
[20.637s] [ 12%] Built target services_quiz_srv__rosidl_typesupport_introspection_cpp
[21.120s] running egg_info
[21.121s] creating services_quiz_srv.egg-info
[21.121s] writing services_quiz_srv.egg-info/PKG-INFO
[21.121s] writing dependency_links to services_quiz_srv.egg-info/dependency_links.txt
[21.121s] writing top-level names to services_quiz_srv.egg-info/top_level.txt
[21.121s] writing manifest file 'services_quiz_srv.egg-info/SOURCES.txt'
[21.124s] reading manifest file 'services_quiz_srv.egg-info/SOURCES.txt'
[21.125s] writing manifest file 'services_quiz_srv.egg-info/SOURCES.txt'
[21.168s] [ 12%] Built target ament_cmake_python_build_services_quiz_srv_egg
[21.200s] [ 16%] [34m[1mGenerating C++ type support for eProsima Fast-RTPS[0m
[21.720s] [ 19%] [32mBuilding CXX object CMakeFiles/services_quiz_srv__rosidl_typesupport_fastrtps_cpp.dir/rosidl_typesupport_fastrtps_cpp/services_quiz_srv/srv/detail/dds_fastrtps/turn__type_support.cpp.o[0m
[22.427s] [ 22%] [32m[1mLinking CXX shared library libservices_quiz_srv__rosidl_typesupport_fastrtps_cpp.so[0m
[22.568s] [ 22%] Built target services_quiz_srv__rosidl_typesupport_fastrtps_cpp
[22.580s] [ 25%] [34m[1mGenerating C++ type support dispatch for ROS interfaces[0m
[23.083s] [ 29%] [32mBuilding CXX object CMakeFiles/services_quiz_srv__rosidl_typesupport_cpp.dir/rosidl_typesupport_cpp/services_quiz_srv/srv/turn__type_support.cpp.o[0m
[23.539s] [ 32%] [32m[1mLinking CXX shared library libservices_quiz_srv__rosidl_typesupport_cpp.so[0m
[23.629s] [ 32%] Built target services_quiz_srv__rosidl_typesupport_cpp
[23.650s] [ 35%] [34m[1mGenerating C code for ROS interfaces[0m
[24.310s] [ 38%] [32mBuilding C object CMakeFiles/services_quiz_srv__rosidl_generator_c.dir/rosidl_generator_c/services_quiz_srv/srv/detail/turn__functions.c.o[0m
[24.751s] [ 41%] [32m[1mLinking C shared library libservices_quiz_srv__rosidl_generator_c.so[0m
[24.808s] [ 41%] Built target services_quiz_srv__rosidl_generator_c
[24.830s] [ 45%] [34m[1mGenerating C type support for eProsima Fast-RTPS[0m
[25.453s] [ 48%] [32mBuilding CXX object CMakeFiles/services_quiz_srv__rosidl_typesupport_fastrtps_c.dir/rosidl_typesupport_fastrtps_c/services_quiz_srv/srv/detail/turn__type_support_c.cpp.o[0m
[26.164s] [ 51%] [32m[1mLinking CXX shared library libservices_quiz_srv__rosidl_typesupport_fastrtps_c.so[0m
[26.290s] [ 51%] Built target services_quiz_srv__rosidl_typesupport_fastrtps_c
[26.315s] [ 54%] [34m[1mGenerating C type support dispatch for ROS interfaces[0m
[26.859s] [ 58%] [32mBuilding CXX object CMakeFiles/services_quiz_srv__rosidl_typesupport_c.dir/rosidl_typesupport_c/services_quiz_srv/srv/turn__type_support.cpp.o[0m
[26.939s] [ 61%] [32m[1mLinking CXX shared library libservices_quiz_srv__rosidl_typesupport_c.so[0m
[27.055s] [ 61%] Built target services_quiz_srv__rosidl_typesupport_c
[27.078s] [ 64%] [34m[1mGenerating C introspection for ROS interfaces[0m
[27.620s] [ 67%] [32mBuilding C object CMakeFiles/services_quiz_srv__rosidl_typesupport_introspection_c.dir/rosidl_typesupport_introspection_c/services_quiz_srv/srv/detail/turn__type_support.c.o[0m
[27.707s] [ 70%] [32m[1mLinking C shared library libservices_quiz_srv__rosidl_typesupport_introspection_c.so[0m
[27.759s] [ 70%] Built target services_quiz_srv__rosidl_typesupport_introspection_c
[27.807s] [ 70%] Built target services_quiz_srv
[27.853s] [ 74%] [34m[1mGenerating Python code for ROS interfaces[0m
[28.882s] [ 74%] Built target services_quiz_srv__py
[28.921s] [ 77%] [32mBuilding C object CMakeFiles/services_quiz_srv__rosidl_generator_py.dir/rosidl_generator_py/services_quiz_srv/srv/_turn_s.c.o[0m
[30.231s] [ 80%] [32m[1mLinking C shared library rosidl_generator_py/services_quiz_srv/libservices_quiz_srv__rosidl_generator_py.so[0m
[30.322s] [ 80%] Built target services_quiz_srv__rosidl_generator_py
[30.363s] [ 83%] [32mBuilding C object CMakeFiles/services_quiz_srv__rosidl_typesupport_fastrtps_c__pyext.dir/rosidl_generator_py/services_quiz_srv/_services_quiz_srv_s.ep.rosidl_typesupport_fastrtps_c.c.o[0m
[30.583s] [ 87%] [32m[1mLinking C shared library rosidl_generator_py/services_quiz_srv/services_quiz_srv_s__rosidl_typesupport_fastrtps_c.cpython-310-x86_64-linux-gnu.so[0m
[30.655s] [ 87%] Built target services_quiz_srv__rosidl_typesupport_fastrtps_c__pyext
[30.715s] [ 90%] [32mBuilding C object CMakeFiles/services_quiz_srv__rosidl_typesupport_c__pyext.dir/rosidl_generator_py/services_quiz_srv/_services_quiz_srv_s.ep.rosidl_typesupport_c.c.o[0m
[30.918s] [ 93%] [32m[1mLinking C shared library rosidl_generator_py/services_quiz_srv/services_quiz_srv_s__rosidl_typesupport_c.cpython-310-x86_64-linux-gnu.so[0m
[31.036s] [ 93%] Built target services_quiz_srv__rosidl_typesupport_c__pyext
[31.104s] [ 96%] [32mBuilding C object CMakeFiles/services_quiz_srv__rosidl_typesupport_introspection_c__pyext.dir/rosidl_generator_py/services_quiz_srv/_services_quiz_srv_s.ep.rosidl_typesupport_introspection_c.c.o[0m
[31.317s] [100%] [32m[1mLinking C shared library rosidl_generator_py/services_quiz_srv/services_quiz_srv_s__rosidl_typesupport_introspection_c.cpython-310-x86_64-linux-gnu.so[0m
[31.400s] [100%] Built target services_quiz_srv__rosidl_typesupport_introspection_c__pyext
[31.418s] Invoked command in '/home/user/ros2_ws/build/services_quiz_srv' returned '0': CMAKE_PREFIX_PATH=${CMAKE_PREFIX_PATH}:/home/simulations/ros2_sims_ws/install/turtlebot3_teleop:/home/simulations/ros2_sims_ws/install/turtlebot3_example:/home/simulations/ros2_sims_ws/install/services_pkg:/home/user/ros2_ws/install/logs_test:/home/user/ros2_ws/install/actions_quiz:/opt/ros/humble _=/usr/bin/env /usr/bin/cmake --build /home/user/ros2_ws/build/services_quiz_srv -- -j8 -l8
[31.674s] Invoking command in '/home/user/ros2_ws/build/services_quiz_srv': CMAKE_PREFIX_PATH=${CMAKE_PREFIX_PATH}:/home/simulations/ros2_sims_ws/install/turtlebot3_teleop:/home/simulations/ros2_sims_ws/install/turtlebot3_example:/home/simulations/ros2_sims_ws/install/services_pkg:/home/user/ros2_ws/install/logs_test:/home/user/ros2_ws/install/actions_quiz:/opt/ros/humble _=/usr/bin/env /usr/bin/cmake --install /home/user/ros2_ws/build/services_quiz_srv
[31.695s] -- Install configuration: ""
[31.697s] -- Installing: /home/user/ros2_ws/install/services_quiz_srv/share/ament_index/resource_index/rosidl_interfaces/services_quiz_srv
[31.698s] -- Installing: /home/user/ros2_ws/install/services_quiz_srv/include/services_quiz_srv/services_quiz_srv
[31.698s] -- Installing: /home/user/ros2_ws/install/services_quiz_srv/include/services_quiz_srv/services_quiz_srv/srv
[31.698s] -- Installing: /home/user/ros2_ws/install/services_quiz_srv/include/services_quiz_srv/services_quiz_srv/srv/detail
[31.698s] -- Installing: /home/user/ros2_ws/install/services_quiz_srv/include/services_quiz_srv/services_quiz_srv/srv/detail/turn__functions.c
[31.698s] -- Installing: /home/user/ros2_ws/install/services_quiz_srv/include/services_quiz_srv/services_quiz_srv/srv/detail/turn__functions.h
[31.698s] -- Installing: /home/user/ros2_ws/install/services_quiz_srv/include/services_quiz_srv/services_quiz_srv/srv/detail/turn__type_support.h
[31.698s] -- Installing: /home/user/ros2_ws/install/services_quiz_srv/include/services_quiz_srv/services_quiz_srv/srv/detail/turn__struct.h
[31.699s] -- Installing: /home/user/ros2_ws/install/services_quiz_srv/include/services_quiz_srv/services_quiz_srv/srv/turn.h
[31.700s] -- Installing: /home/user/ros2_ws/install/services_quiz_srv/include/services_quiz_srv/services_quiz_srv/msg
[31.700s] -- Installing: /home/user/ros2_ws/install/services_quiz_srv/include/services_quiz_srv/services_quiz_srv/msg/rosidl_generator_c__visibility_control.h
[31.700s] -- Installing: /home/user/ros2_ws/install/services_quiz_srv/share/services_quiz_srv/environment/library_path.sh
[31.700s] -- Installing: /home/user/ros2_ws/install/services_quiz_srv/share/services_quiz_srv/environment/library_path.dsv
[31.700s] -- Installing: /home/user/ros2_ws/install/services_quiz_srv/lib/libservices_quiz_srv__rosidl_generator_c.so
[31.701s] -- Set runtime path of "/home/user/ros2_ws/install/services_quiz_srv/lib/libservices_quiz_srv__rosidl_generator_c.so" to ""
[31.701s] -- Up-to-date: /home/user/ros2_ws/install/services_quiz_srv/include/services_quiz_srv/services_quiz_srv
[31.702s] -- Up-to-date: /home/user/ros2_ws/install/services_quiz_srv/include/services_quiz_srv/services_quiz_srv/srv
[31.702s] -- Up-to-date: /home/user/ros2_ws/install/services_quiz_srv/include/services_quiz_srv/services_quiz_srv/srv/detail
[31.702s] -- Installing: /home/user/ros2_ws/install/services_quiz_srv/include/services_quiz_srv/services_quiz_srv/srv/detail/turn__rosidl_typesupport_fastrtps_c.h
[31.702s] -- Up-to-date: /home/user/ros2_ws/install/services_quiz_srv/include/services_quiz_srv/services_quiz_srv/msg
[31.702s] -- Installing: /home/user/ros2_ws/install/services_quiz_srv/include/services_quiz_srv/services_quiz_srv/msg/rosidl_typesupport_fastrtps_c__visibility_control.h
[31.703s] -- Installing: /home/user/ros2_ws/install/services_quiz_srv/lib/libservices_quiz_srv__rosidl_typesupport_fastrtps_c.so
[31.703s] -- Set runtime path of "/home/user/ros2_ws/install/services_quiz_srv/lib/libservices_quiz_srv__rosidl_typesupport_fastrtps_c.so" to ""
[31.704s] -- Up-to-date: /home/user/ros2_ws/install/services_quiz_srv/include/services_quiz_srv/services_quiz_srv
[31.704s] -- Up-to-date: /home/user/ros2_ws/install/services_quiz_srv/include/services_quiz_srv/services_quiz_srv/srv
[31.704s] -- Up-to-date: /home/user/ros2_ws/install/services_quiz_srv/include/services_quiz_srv/services_quiz_srv/srv/detail
[31.704s] -- Installing: /home/user/ros2_ws/install/services_quiz_srv/include/services_quiz_srv/services_quiz_srv/srv/detail/turn__builder.hpp
[31.704s] -- Installing: /home/user/ros2_ws/install/services_quiz_srv/include/services_quiz_srv/services_quiz_srv/srv/detail/turn__struct.hpp
[31.704s] -- Installing: /home/user/ros2_ws/install/services_quiz_srv/include/services_quiz_srv/services_quiz_srv/srv/detail/turn__traits.hpp
[31.704s] -- Installing: /home/user/ros2_ws/install/services_quiz_srv/include/services_quiz_srv/services_quiz_srv/srv/turn.hpp
[31.705s] -- Up-to-date: /home/user/ros2_ws/install/services_quiz_srv/include/services_quiz_srv/services_quiz_srv
[31.705s] -- Up-to-date: /home/user/ros2_ws/install/services_quiz_srv/include/services_quiz_srv/services_quiz_srv/srv
[31.705s] -- Up-to-date: /home/user/ros2_ws/install/services_quiz_srv/include/services_quiz_srv/services_quiz_srv/srv/detail
[31.705s] -- Installing: /home/user/ros2_ws/install/services_quiz_srv/include/services_quiz_srv/services_quiz_srv/srv/detail/turn__rosidl_typesupport_fastrtps_cpp.hpp
[31.705s] -- Installing: /home/user/ros2_ws/install/services_quiz_srv/include/services_quiz_srv/services_quiz_srv/srv/detail/dds_fastrtps
[31.705s] -- Up-to-date: /home/user/ros2_ws/install/services_quiz_srv/include/services_quiz_srv/services_quiz_srv/msg
[31.705s] -- Installing: /home/user/ros2_ws/install/services_quiz_srv/include/services_quiz_srv/services_quiz_srv/msg/rosidl_typesupport_fastrtps_cpp__visibility_control.h
[31.705s] -- Installing: /home/user/ros2_ws/install/services_quiz_srv/lib/libservices_quiz_srv__rosidl_typesupport_fastrtps_cpp.so
[31.705s] -- Set runtime path of "/home/user/ros2_ws/install/services_quiz_srv/lib/libservices_quiz_srv__rosidl_typesupport_fastrtps_cpp.so" to ""
[31.705s] -- Up-to-date: /home/user/ros2_ws/install/services_quiz_srv/include/services_quiz_srv/services_quiz_srv
[31.706s] -- Up-to-date: /home/user/ros2_ws/install/services_quiz_srv/include/services_quiz_srv/services_quiz_srv/srv
[31.706s] -- Up-to-date: /home/user/ros2_ws/install/services_quiz_srv/include/services_quiz_srv/services_quiz_srv/srv/detail
[31.706s] -- Installing: /home/user/ros2_ws/install/services_quiz_srv/include/services_quiz_srv/services_quiz_srv/srv/detail/turn__type_support.c
[31.706s] -- Installing: /home/user/ros2_ws/install/services_quiz_srv/include/services_quiz_srv/services_quiz_srv/srv/detail/turn__rosidl_typesupport_introspection_c.h
[31.706s] -- Up-to-date: /home/user/ros2_ws/install/services_quiz_srv/include/services_quiz_srv/services_quiz_srv/msg
[31.706s] -- Installing: /home/user/ros2_ws/install/services_quiz_srv/include/services_quiz_srv/services_quiz_srv/msg/rosidl_typesupport_introspection_c__visibility_control.h
[31.707s] -- Installing: /home/user/ros2_ws/install/services_quiz_srv/lib/libservices_quiz_srv__rosidl_typesupport_introspection_c.so
[31.707s] -- Set runtime path of "/home/user/ros2_ws/install/services_quiz_srv/lib/libservices_quiz_srv__rosidl_typesupport_introspection_c.so" to ""
[31.708s] -- Installing: /home/user/ros2_ws/install/services_quiz_srv/lib/libservices_quiz_srv__rosidl_typesupport_c.so
[31.708s] -- Set runtime path of "/home/user/ros2_ws/install/services_quiz_srv/lib/libservices_quiz_srv__rosidl_typesupport_c.so" to ""
[31.709s] -- Up-to-date: /home/user/ros2_ws/install/services_quiz_srv/include/services_quiz_srv/services_quiz_srv
[31.709s] -- Up-to-date: /home/user/ros2_ws/install/services_quiz_srv/include/services_quiz_srv/services_quiz_srv/srv
[31.709s] -- Up-to-date: /home/user/ros2_ws/install/services_quiz_srv/include/services_quiz_srv/services_quiz_srv/srv/detail
[31.709s] -- Installing: /home/user/ros2_ws/install/services_quiz_srv/include/services_quiz_srv/services_quiz_srv/srv/detail/turn__rosidl_typesupport_introspection_cpp.hpp
[31.709s] -- Installing: /home/user/ros2_ws/install/services_quiz_srv/include/services_quiz_srv/services_quiz_srv/srv/detail/turn__type_support.cpp
[31.709s] -- Installing: /home/user/ros2_ws/install/services_quiz_srv/lib/libservices_quiz_srv__rosidl_typesupport_introspection_cpp.so
[31.709s] -- Set runtime path of "/home/user/ros2_ws/install/services_quiz_srv/lib/libservices_quiz_srv__rosidl_typesupport_introspection_cpp.so" to ""
[31.712s] -- Installing: /home/user/ros2_ws/install/services_quiz_srv/lib/libservices_quiz_srv__rosidl_typesupport_cpp.so
[31.713s] -- Set runtime path of "/home/user/ros2_ws/install/services_quiz_srv/lib/libservices_quiz_srv__rosidl_typesupport_cpp.so" to ""
[31.713s] -- Installing: /home/user/ros2_ws/install/services_quiz_srv/share/services_quiz_srv/environment/pythonpath.sh
[31.713s] -- Installing: /home/user/ros2_ws/install/services_quiz_srv/share/services_quiz_srv/environment/pythonpath.dsv
[31.713s] -- Installing: /home/user/ros2_ws/install/services_quiz_srv/local/lib/python3.10/dist-packages/services_quiz_srv-0.0.0-py3.10.egg-info
[31.713s] -- Installing: /home/user/ros2_ws/install/services_quiz_srv/local/lib/python3.10/dist-packages/services_quiz_srv-0.0.0-py3.10.egg-info/PKG-INFO
[31.713s] -- Installing: /home/user/ros2_ws/install/services_quiz_srv/local/lib/python3.10/dist-packages/services_quiz_srv-0.0.0-py3.10.egg-info/top_level.txt
[31.713s] -- Installing: /home/user/ros2_ws/install/services_quiz_srv/local/lib/python3.10/dist-packages/services_quiz_srv-0.0.0-py3.10.egg-info/SOURCES.txt
[31.713s] -- Installing: /home/user/ros2_ws/install/services_quiz_srv/local/lib/python3.10/dist-packages/services_quiz_srv-0.0.0-py3.10.egg-info/dependency_links.txt
[31.713s] -- Installing: /home/user/ros2_ws/install/services_quiz_srv/local/lib/python3.10/dist-packages/services_quiz_srv
[31.713s] -- Installing: /home/user/ros2_ws/install/services_quiz_srv/local/lib/python3.10/dist-packages/services_quiz_srv/srv
[31.713s] -- Installing: /home/user/ros2_ws/install/services_quiz_srv/local/lib/python3.10/dist-packages/services_quiz_srv/srv/_turn.py
[31.714s] -- Installing: /home/user/ros2_ws/install/services_quiz_srv/local/lib/python3.10/dist-packages/services_quiz_srv/srv/__init__.py
[31.714s] -- Installing: /home/user/ros2_ws/install/services_quiz_srv/local/lib/python3.10/dist-packages/services_quiz_srv/srv/_turn_s.c
[31.714s] -- Installing: /home/user/ros2_ws/install/services_quiz_srv/local/lib/python3.10/dist-packages/services_quiz_srv/services_quiz_srv_s__rosidl_typesupport_fastrtps_c.cpython-310-x86_64-linux-gnu.so
[31.714s] -- Installing: /home/user/ros2_ws/install/services_quiz_srv/local/lib/python3.10/dist-packages/services_quiz_srv/__init__.py
[31.714s] -- Installing: /home/user/ros2_ws/install/services_quiz_srv/local/lib/python3.10/dist-packages/services_quiz_srv/services_quiz_srv_s__rosidl_typesupport_introspection_c.cpython-310-x86_64-linux-gnu.so
[31.714s] -- Installing: /home/user/ros2_ws/install/services_quiz_srv/local/lib/python3.10/dist-packages/services_quiz_srv/libservices_quiz_srv__rosidl_generator_py.so
[31.715s] -- Installing: /home/user/ros2_ws/install/services_quiz_srv/local/lib/python3.10/dist-packages/services_quiz_srv/_services_quiz_srv_s.ep.rosidl_typesupport_fastrtps_c.c
[31.715s] -- Installing: /home/user/ros2_ws/install/services_quiz_srv/local/lib/python3.10/dist-packages/services_quiz_srv/_services_quiz_srv_s.ep.rosidl_typesupport_c.c
[31.716s] -- Installing: /home/user/ros2_ws/install/services_quiz_srv/local/lib/python3.10/dist-packages/services_quiz_srv/_services_quiz_srv_s.ep.rosidl_typesupport_introspection_c.c
[31.716s] -- Installing: /home/user/ros2_ws/install/services_quiz_srv/local/lib/python3.10/dist-packages/services_quiz_srv/services_quiz_srv_s__rosidl_typesupport_c.cpython-310-x86_64-linux-gnu.so
[31.787s] Listing '/home/user/ros2_ws/install/services_quiz_srv/local/lib/python3.10/dist-packages/services_quiz_srv'...
[31.787s] Compiling '/home/user/ros2_ws/install/services_quiz_srv/local/lib/python3.10/dist-packages/services_quiz_srv/__init__.py'...
[31.787s] Listing '/home/user/ros2_ws/install/services_quiz_srv/local/lib/python3.10/dist-packages/services_quiz_srv/srv'...
[31.788s] Compiling '/home/user/ros2_ws/install/services_quiz_srv/local/lib/python3.10/dist-packages/services_quiz_srv/srv/__init__.py'...
[31.788s] Compiling '/home/user/ros2_ws/install/services_quiz_srv/local/lib/python3.10/dist-packages/services_quiz_srv/srv/_turn.py'...
[31.794s] -- Installing: /home/user/ros2_ws/install/services_quiz_srv/local/lib/python3.10/dist-packages/services_quiz_srv/services_quiz_srv_s__rosidl_typesupport_fastrtps_c.cpython-310-x86_64-linux-gnu.so
[31.794s] -- Set runtime path of "/home/user/ros2_ws/install/services_quiz_srv/local/lib/python3.10/dist-packages/services_quiz_srv/services_quiz_srv_s__rosidl_typesupport_fastrtps_c.cpython-310-x86_64-linux-gnu.so" to ""
[31.795s] -- Installing: /home/user/ros2_ws/install/services_quiz_srv/local/lib/python3.10/dist-packages/services_quiz_srv/services_quiz_srv_s__rosidl_typesupport_introspection_c.cpython-310-x86_64-linux-gnu.so
[31.795s] -- Set runtime path of "/home/user/ros2_ws/install/services_quiz_srv/local/lib/python3.10/dist-packages/services_quiz_srv/services_quiz_srv_s__rosidl_typesupport_introspection_c.cpython-310-x86_64-linux-gnu.so" to ""
[31.796s] -- Installing: /home/user/ros2_ws/install/services_quiz_srv/local/lib/python3.10/dist-packages/services_quiz_srv/services_quiz_srv_s__rosidl_typesupport_c.cpython-310-x86_64-linux-gnu.so
[31.796s] -- Set runtime path of "/home/user/ros2_ws/install/services_quiz_srv/local/lib/python3.10/dist-packages/services_quiz_srv/services_quiz_srv_s__rosidl_typesupport_c.cpython-310-x86_64-linux-gnu.so" to ""
[31.796s] -- Installing: /home/user/ros2_ws/install/services_quiz_srv/lib/libservices_quiz_srv__rosidl_generator_py.so
[31.797s] -- Set runtime path of "/home/user/ros2_ws/install/services_quiz_srv/lib/libservices_quiz_srv__rosidl_generator_py.so" to ""
[31.797s] -- Installing: /home/user/ros2_ws/install/services_quiz_srv/share/services_quiz_srv/srv/Turn.idl
[31.797s] -- Installing: /home/user/ros2_ws/install/services_quiz_srv/share/services_quiz_srv/srv/Turn.srv
[31.798s] -- Installing: /home/user/ros2_ws/install/services_quiz_srv/share/services_quiz_srv/srv/Turn_Request.msg
[31.798s] -- Installing: /home/user/ros2_ws/install/services_quiz_srv/share/services_quiz_srv/srv/Turn_Response.msg
[31.798s] -- Installing: /home/user/ros2_ws/install/services_quiz_srv/share/ament_index/resource_index/package_run_dependencies/services_quiz_srv
[31.799s] -- Installing: /home/user/ros2_ws/install/services_quiz_srv/share/ament_index/resource_index/parent_prefix_path/services_quiz_srv
[31.799s] -- Installing: /home/user/ros2_ws/install/services_quiz_srv/share/services_quiz_srv/environment/ament_prefix_path.sh
[31.799s] -- Installing: /home/user/ros2_ws/install/services_quiz_srv/share/services_quiz_srv/environment/ament_prefix_path.dsv
[31.800s] -- Installing: /home/user/ros2_ws/install/services_quiz_srv/share/services_quiz_srv/environment/path.sh
[31.800s] -- Installing: /home/user/ros2_ws/install/services_quiz_srv/share/services_quiz_srv/environment/path.dsv
[31.801s] -- Installing: /home/user/ros2_ws/install/services_quiz_srv/share/services_quiz_srv/local_setup.bash
[31.801s] -- Installing: /home/user/ros2_ws/install/services_quiz_srv/share/services_quiz_srv/local_setup.sh
[31.801s] -- Installing: /home/user/ros2_ws/install/services_quiz_srv/share/services_quiz_srv/local_setup.zsh
[31.802s] -- Installing: /home/user/ros2_ws/install/services_quiz_srv/share/services_quiz_srv/local_setup.dsv
[31.802s] -- Installing: /home/user/ros2_ws/install/services_quiz_srv/share/services_quiz_srv/package.dsv
[31.802s] -- Installing: /home/user/ros2_ws/install/services_quiz_srv/share/ament_index/resource_index/packages/services_quiz_srv
[31.803s] -- Installing: /home/user/ros2_ws/install/services_quiz_srv/share/services_quiz_srv/cmake/export_services_quiz_srv__rosidl_generator_cExport.cmake
[31.803s] -- Installing: /home/user/ros2_ws/install/services_quiz_srv/share/services_quiz_srv/cmake/export_services_quiz_srv__rosidl_generator_cExport-noconfig.cmake
[31.803s] -- Installing: /home/user/ros2_ws/install/services_quiz_srv/share/services_quiz_srv/cmake/export_services_quiz_srv__rosidl_typesupport_fastrtps_cExport.cmake
[31.803s] -- Installing: /home/user/ros2_ws/install/services_quiz_srv/share/services_quiz_srv/cmake/export_services_quiz_srv__rosidl_typesupport_fastrtps_cExport-noconfig.cmake
[31.803s] -- Installing: /home/user/ros2_ws/install/services_quiz_srv/share/services_quiz_srv/cmake/export_services_quiz_srv__rosidl_generator_cppExport.cmake
[31.804s] -- Installing: /home/user/ros2_ws/install/services_quiz_srv/share/services_quiz_srv/cmake/export_services_quiz_srv__rosidl_typesupport_fastrtps_cppExport.cmake
[31.804s] -- Installing: /home/user/ros2_ws/install/services_quiz_srv/share/services_quiz_srv/cmake/export_services_quiz_srv__rosidl_typesupport_fastrtps_cppExport-noconfig.cmake
[31.805s] -- Installing: /home/user/ros2_ws/install/services_quiz_srv/share/services_quiz_srv/cmake/services_quiz_srv__rosidl_typesupport_introspection_cExport.cmake
[31.805s] -- Installing: /home/user/ros2_ws/install/services_quiz_srv/share/services_quiz_srv/cmake/services_quiz_srv__rosidl_typesupport_introspection_cExport-noconfig.cmake
[31.805s] -- Installing: /home/user/ros2_ws/install/services_quiz_srv/share/services_quiz_srv/cmake/services_quiz_srv__rosidl_typesupport_cExport.cmake
[31.805s] -- Installing: /home/user/ros2_ws/install/services_quiz_srv/share/services_quiz_srv/cmake/services_quiz_srv__rosidl_typesupport_cExport-noconfig.cmake
[31.806s] -- Installing: /home/user/ros2_ws/install/services_quiz_srv/share/services_quiz_srv/cmake/services_quiz_srv__rosidl_typesupport_introspection_cppExport.cmake
[31.806s] -- Installing: /home/user/ros2_ws/install/services_quiz_srv/share/services_quiz_srv/cmake/services_quiz_srv__rosidl_typesupport_introspection_cppExport-noconfig.cmake
[31.806s] -- Installing: /home/user/ros2_ws/install/services_quiz_srv/share/services_quiz_srv/cmake/services_quiz_srv__rosidl_typesupport_cppExport.cmake
[31.807s] -- Installing: /home/user/ros2_ws/install/services_quiz_srv/share/services_quiz_srv/cmake/services_quiz_srv__rosidl_typesupport_cppExport-noconfig.cmake
[31.807s] -- Installing: /home/user/ros2_ws/install/services_quiz_srv/share/services_quiz_srv/cmake/export_services_quiz_srv__rosidl_generator_pyExport.cmake
[31.808s] -- Installing: /home/user/ros2_ws/install/services_quiz_srv/share/services_quiz_srv/cmake/export_services_quiz_srv__rosidl_generator_pyExport-noconfig.cmake
[31.808s] -- Installing: /home/user/ros2_ws/install/services_quiz_srv/share/services_quiz_srv/cmake/rosidl_cmake-extras.cmake
[31.808s] -- Installing: /home/user/ros2_ws/install/services_quiz_srv/share/services_quiz_srv/cmake/ament_cmake_export_include_directories-extras.cmake
[31.808s] -- Installing: /home/user/ros2_ws/install/services_quiz_srv/share/services_quiz_srv/cmake/ament_cmake_export_libraries-extras.cmake
[31.808s] -- Installing: /home/user/ros2_ws/install/services_quiz_srv/share/services_quiz_srv/cmake/ament_cmake_export_targets-extras.cmake
[31.808s] -- Installing: /home/user/ros2_ws/install/services_quiz_srv/share/services_quiz_srv/cmake/rosidl_cmake_export_typesupport_targets-extras.cmake
[31.809s] -- Installing: /home/user/ros2_ws/install/services_quiz_srv/share/services_quiz_srv/cmake/ament_cmake_export_dependencies-extras.cmake
[31.809s] -- Installing: /home/user/ros2_ws/install/services_quiz_srv/share/services_quiz_srv/cmake/rosidl_cmake_export_typesupport_libraries-extras.cmake
[31.809s] -- Installing: /home/user/ros2_ws/install/services_quiz_srv/share/services_quiz_srv/cmake/services_quiz_srvConfig.cmake
[31.809s] -- Installing: /home/user/ros2_ws/install/services_quiz_srv/share/services_quiz_srv/cmake/services_quiz_srvConfig-version.cmake
[31.809s] -- Installing: /home/user/ros2_ws/install/services_quiz_srv/share/services_quiz_srv/package.xml
[31.821s] Invoked command in '/home/user/ros2_ws/build/services_quiz_srv' returned '0': CMAKE_PREFIX_PATH=${CMAKE_PREFIX_PATH}:/home/simulations/ros2_sims_ws/install/turtlebot3_teleop:/home/simulations/ros2_sims_ws/install/turtlebot3_example:/home/simulations/ros2_sims_ws/install/services_pkg:/home/user/ros2_ws/install/logs_test:/home/user/ros2_ws/install/actions_quiz:/opt/ros/humble _=/usr/bin/env /usr/bin/cmake --install /home/user/ros2_ws/build/services_quiz_srv
