running egg_info
creating ../../build/my_action_client/my_action_client.egg-info
writing ../../build/my_action_client/my_action_client.egg-info/PKG-INFO
writing dependency_links to ../../build/my_action_client/my_action_client.egg-info/dependency_links.txt
writing entry points to ../../build/my_action_client/my_action_client.egg-info/entry_points.txt
writing requirements to ../../build/my_action_client/my_action_client.egg-info/requires.txt
writing top-level names to ../../build/my_action_client/my_action_client.egg-info/top_level.txt
writing manifest file '../../build/my_action_client/my_action_client.egg-info/SOURCES.txt'
reading manifest file '../../build/my_action_client/my_action_client.egg-info/SOURCES.txt'
writing manifest file '../../build/my_action_client/my_action_client.egg-info/SOURCES.txt'
running build
running build_py
creating /home/user/ros2_ws/build/my_action_client/build
creating /home/user/ros2_ws/build/my_action_client/build/lib
creating /home/user/ros2_ws/build/my_action_client/build/lib/my_action_client
copying my_action_client/action_client.py -> /home/user/ros2_ws/build/my_action_client/build/lib/my_action_client
copying my_action_client/__init__.py -> /home/user/ros2_ws/build/my_action_client/build/lib/my_action_client
running install
running install_lib
creating /home/user/ros2_ws/install/my_action_client/lib/python3.10/site-packages/my_action_client
copying /home/user/ros2_ws/build/my_action_client/build/lib/my_action_client/action_client.py -> /home/user/ros2_ws/install/my_action_client/lib/python3.10/site-packages/my_action_client
copying /home/user/ros2_ws/build/my_action_client/build/lib/my_action_client/__init__.py -> /home/user/ros2_ws/install/my_action_client/lib/python3.10/site-packages/my_action_client
byte-compiling /home/user/ros2_ws/install/my_action_client/lib/python3.10/site-packages/my_action_client/action_client.py to action_client.cpython-310.pyc
byte-compiling /home/user/ros2_ws/install/my_action_client/lib/python3.10/site-packages/my_action_client/__init__.py to __init__.cpython-310.pyc
running install_data
creating /home/user/ros2_ws/install/my_action_client/share/ament_index
creating /home/user/ros2_ws/install/my_action_client/share/ament_index/resource_index
creating /home/user/ros2_ws/install/my_action_client/share/ament_index/resource_index/packages
copying resource/my_action_client -> /home/user/ros2_ws/install/my_action_client/share/ament_index/resource_index/packages
copying package.xml -> /home/user/ros2_ws/install/my_action_client/share/my_action_client
copying launch/example62_launch_file.launch.py -> /home/user/ros2_ws/install/my_action_client/share/my_action_client
running install_egg_info
Copying ../../build/my_action_client/my_action_client.egg-info to /home/user/ros2_ws/install/my_action_client/lib/python3.10/site-packages/my_action_client-0.0.0-py3.10.egg-info
running install_scripts
Installing example62 script to /home/user/ros2_ws/install/my_action_client/lib/my_action_client
writing list of installed files to '/home/user/ros2_ws/build/my_action_client/install.log'
