[4.683s] Invoking command in '/home/user/ros2_ws/src/my_action_client': PYTHONPATH=/home/user/ros2_ws/build/my_action_client/prefix_override:/home/user/ros2_ws/install/my_action_client/lib/python3.10/site-packages:${PYTHONPATH} _=/usr/bin/env /usr/bin/python3 setup.py egg_info --egg-base ../../build/my_action_client build --build-base /home/user/ros2_ws/build/my_action_client/build install --record /home/user/ros2_ws/build/my_action_client/install.log --single-version-externally-managed
[5.990s] running egg_info
[5.990s] creating ../../build/my_action_client/my_action_client.egg-info
[5.991s] writing ../../build/my_action_client/my_action_client.egg-info/PKG-INFO
[5.991s] writing dependency_links to ../../build/my_action_client/my_action_client.egg-info/dependency_links.txt
[5.991s] writing entry points to ../../build/my_action_client/my_action_client.egg-info/entry_points.txt
[5.991s] writing requirements to ../../build/my_action_client/my_action_client.egg-info/requires.txt
[5.992s] writing top-level names to ../../build/my_action_client/my_action_client.egg-info/top_level.txt
[5.992s] writing manifest file '../../build/my_action_client/my_action_client.egg-info/SOURCES.txt'
[5.993s] reading manifest file '../../build/my_action_client/my_action_client.egg-info/SOURCES.txt'
[5.995s] writing manifest file '../../build/my_action_client/my_action_client.egg-info/SOURCES.txt'
[5.995s] running build
[5.995s] running build_py
[5.995s] creating /home/user/ros2_ws/build/my_action_client/build
[5.995s] creating /home/user/ros2_ws/build/my_action_client/build/lib
[5.995s] creating /home/user/ros2_ws/build/my_action_client/build/lib/my_action_client
[5.995s] copying my_action_client/action_client.py -> /home/user/ros2_ws/build/my_action_client/build/lib/my_action_client
[5.996s] copying my_action_client/__init__.py -> /home/user/ros2_ws/build/my_action_client/build/lib/my_action_client
[5.996s] running install
[5.996s] running install_lib
[5.997s] creating /home/user/ros2_ws/install/my_action_client/lib/python3.10/site-packages/my_action_client
[5.998s] copying /home/user/ros2_ws/build/my_action_client/build/lib/my_action_client/action_client.py -> /home/user/ros2_ws/install/my_action_client/lib/python3.10/site-packages/my_action_client
[6.000s] copying /home/user/ros2_ws/build/my_action_client/build/lib/my_action_client/__init__.py -> /home/user/ros2_ws/install/my_action_client/lib/python3.10/site-packages/my_action_client
[6.000s] byte-compiling /home/user/ros2_ws/install/my_action_client/lib/python3.10/site-packages/my_action_client/action_client.py to action_client.cpython-310.pyc
[6.040s] byte-compiling /home/user/ros2_ws/install/my_action_client/lib/python3.10/site-packages/my_action_client/__init__.py to __init__.cpython-310.pyc
[6.040s] running install_data
[6.040s] creating /home/user/ros2_ws/install/my_action_client/share/ament_index
[6.040s] creating /home/user/ros2_ws/install/my_action_client/share/ament_index/resource_index
[6.040s] creating /home/user/ros2_ws/install/my_action_client/share/ament_index/resource_index/packages
[6.040s] copying resource/my_action_client -> /home/user/ros2_ws/install/my_action_client/share/ament_index/resource_index/packages
[6.040s] copying package.xml -> /home/user/ros2_ws/install/my_action_client/share/my_action_client
[6.041s] copying launch/example62_launch_file.launch.py -> /home/user/ros2_ws/install/my_action_client/share/my_action_client
[6.041s] running install_egg_info
[6.043s] Copying ../../build/my_action_client/my_action_client.egg-info to /home/user/ros2_ws/install/my_action_client/lib/python3.10/site-packages/my_action_client-0.0.0-py3.10.egg-info
[6.043s] running install_scripts
[6.083s] Installing example62 script to /home/user/ros2_ws/install/my_action_client/lib/my_action_client
[6.083s] writing list of installed files to '/home/user/ros2_ws/build/my_action_client/install.log'
[6.567s] Invoked command in '/home/user/ros2_ws/src/my_action_client' returned '0': PYTHONPATH=/home/user/ros2_ws/build/my_action_client/prefix_override:/home/user/ros2_ws/install/my_action_client/lib/python3.10/site-packages:${PYTHONPATH} _=/usr/bin/env /usr/bin/python3 setup.py egg_info --egg-base ../../build/my_action_client build --build-base /home/user/ros2_ws/build/my_action_client/build install --record /home/user/ros2_ws/build/my_action_client/install.log --single-version-externally-managed
